#
# There is insufficient memory for the Java Runtime Environment to continue.
# Native memory allocation (malloc) failed to allocate 1767056 bytes for Chunk::new
# Possible reasons:
#   The system is out of physical RAM or swap space
#   The process is running with CompressedOops enabled, and the Java Heap may be blocking the growth of the native heap
# Possible solutions:
#   Reduce memory load on the system
#   Increase physical memory or swap space
#   Check if swap backing store is full
#   Decrease Java heap size (-Xmx/-Xms)
#   Decrease number of Java threads
#   Decrease Java thread stack sizes (-Xss)
#   Set larger code cache with -XX:ReservedCodeCacheSize=
#   JVM is running with Unscaled Compressed Oops mode in which the Java heap is
#     placed in the first 4GB address space. The Java Heap base address is the
#     maximum limit for the native heap growth. Please use -XX:HeapBaseMinAddress
#     to set the Java Heap base and to place the Java Heap above 4GB virtual address.
# This output file may be truncated or incomplete.
#
#  Out of Memory Error (allocation.cpp:389), pid=14084, tid=0x0000000000001f64
#
# JRE version: OpenJDK Runtime Environment (8.0_242-b01) (build 1.8.0_242-release-1644-b01)
# Java VM: OpenJDK 64-Bit Server VM (25.242-b01 mixed mode windows-amd64 compressed oops)
# Failed to write core dump. Minidumps are not enabled by default on client versions of Windows
#

---------------  T H R E A D  ---------------

Current thread (0x00000000164bf800):  JavaThread "C2 CompilerThread1" daemon [_thread_in_native, id=8036, stack(0x0000000017c30000,0x0000000017d30000)]

Stack: [0x0000000017c30000,0x0000000017d30000]
[error occurred during error reporting (printing stack bounds), id 0xc0000005]

Native frames: (J=compiled Java code, j=interpreted, Vv=VM code, C=native code)


Current CompileTask:
C2: 322707 25134       4       com.android.utils.PositionXmlParser::getPositionHelper (757 bytes)


---------------  P R O C E S S  ---------------

Java Threads: ( => current thread )
  0x0000000024680000 JavaThread "stdout" [_thread_in_native, id=1672, stack(0x0000000030270000,0x0000000030370000)]
  0x0000000024681000 JavaThread "stderr" [_thread_in_native, id=10308, stack(0x0000000030170000,0x0000000030270000)]
  0x000000002467d000 JavaThread "pool-9-thread-1" [_thread_blocked, id=16372, stack(0x0000000030070000,0x0000000030170000)]
  0x000000002467f800 JavaThread "WorkerExecutor Queue Thread 3" [_thread_blocked, id=612, stack(0x000000002ff70000,0x0000000030070000)]
  0x0000000024682000 JavaThread "WorkerExecutor Queue Thread 2" [_thread_blocked, id=8112, stack(0x000000002fe70000,0x000000002ff70000)]
  0x0000000024675800 JavaThread "WorkerExecutor Queue" [_thread_blocked, id=6492, stack(0x000000002fd70000,0x000000002fe70000)]
  0x0000000024676800 JavaThread "Cache worker for execution history cache (E:\Univer\Doc_diplom\RunningAppYT-DrawingPolylinesOnOurMap\.gradle\6.5\executionHistory)" [_thread_blocked, id=10860, stack(0x000000002fc70000,0x000000002fd70000)]
  0x000000002467c800 JavaThread "Execution worker for ':' Thread 3" [_thread_blocked, id=3192, stack(0x000000002fb70000,0x000000002fc70000)]
  0x0000000024674000 JavaThread "Execution worker for ':' Thread 2" [_thread_blocked, id=15336, stack(0x000000002fa70000,0x000000002fb70000)]
  0x0000000024673800 JavaThread "Execution worker for ':'" [_thread_blocked, id=8480, stack(0x000000002f970000,0x000000002fa70000)]
  0x0000000024678000 JavaThread "Cache worker for file content cache (E:\Univer\Doc_diplom\RunningAppYT-DrawingPolylinesOnOurMap\.gradle\6.5\fileContent)" [_thread_blocked, id=15408, stack(0x0000000029a20000,0x0000000029b20000)]
  0x0000000024672800 JavaThread "Cache worker for Build Output Cleanup Cache (E:\Univer\Doc_diplom\RunningAppYT-DrawingPolylinesOnOurMap\.gradle\buildOutputCleanup)" [_thread_blocked, id=15404, stack(0x0000000023fb0000,0x00000000240b0000)]
  0x0000000018786800 JavaThread "Build operations Thread 4" [_thread_blocked, id=8152, stack(0x00000000222e0000,0x00000000223e0000)]
  0x0000000018785800 JavaThread "Build operations Thread 3" [_thread_blocked, id=6208, stack(0x00000000221e0000,0x00000000222e0000)]
  0x0000000018785000 JavaThread "Build operations Thread 2" [_thread_blocked, id=8616, stack(0x00000000220e0000,0x00000000221e0000)]
  0x0000000018781000 JavaThread "Build operations" [_thread_blocked, id=5232, stack(0x0000000021fe0000,0x00000000220e0000)]
  0x0000000018783800 JavaThread "Cache worker for cache directory md-rule (C:\Users\alexo\.gradle\caches\6.5\md-rule)" [_thread_blocked, id=11284, stack(0x000000001ef30000,0x000000001f030000)]
  0x0000000018780800 JavaThread "Cache worker for cache directory md-supplier (C:\Users\alexo\.gradle\caches\6.5\md-supplier)" [_thread_blocked, id=15944, stack(0x000000001ed30000,0x000000001ee30000)]
  0x000000001877f800 JavaThread "Cache worker for checksums cache (E:\Univer\Doc_diplom\RunningAppYT-DrawingPolylinesOnOurMap\.gradle\checksums)" [_thread_blocked, id=12612, stack(0x000000001d630000,0x000000001d730000)]
  0x0000000018778000 JavaThread "Cache worker for file hash cache (E:\Univer\Doc_diplom\RunningAppYT-DrawingPolylinesOnOurMap\.gradle\6.5\fileHashes)" [_thread_blocked, id=4072, stack(0x000000001bf60000,0x000000001c060000)]
  0x0000000018779800 JavaThread "Thread-330" [_thread_blocked, id=9704, stack(0x000000001be60000,0x000000001bf60000)]
  0x000000001877c800 JavaThread "Stdin handler" [_thread_blocked, id=5696, stack(0x000000001bd60000,0x000000001be60000)]
  0x000000001877f000 JavaThread "Asynchronous log dispatcher for DefaultDaemonConnection: socket connection from /127.0.0.1:53048 to /127.0.0.1:53152" [_thread_blocked, id=12868, stack(0x000000001bb60000,0x000000001bc60000)]
  0x000000001877a800 JavaThread "Cancel handler" [_thread_blocked, id=4628, stack(0x000000001ba60000,0x000000001bb60000)]
  0x000000001877c000 JavaThread "Handler for socket connection from /127.0.0.1:53048 to /127.0.0.1:53152" [_thread_in_native, id=3224, stack(0x0000000000db0000,0x0000000000eb0000)]
  0x000000002cb7e000 JavaThread "jar transforms Thread 246" [_thread_blocked, id=15900, stack(0x0000000036530000,0x0000000036630000)]
  0x000000002cb84800 JavaThread "jar transforms Thread 245" [_thread_blocked, id=13244, stack(0x0000000036430000,0x0000000036530000)]
  0x000000002cb84000 JavaThread "jar transforms Thread 244" [_thread_blocked, id=17260, stack(0x0000000036330000,0x0000000036430000)]
  0x000000002cb7f800 JavaThread "jar transforms Thread 243" [_thread_blocked, id=5128, stack(0x0000000036230000,0x0000000036330000)]
  0x000000002cb81800 JavaThread "jar transforms Thread 242" [_thread_blocked, id=17220, stack(0x0000000036130000,0x0000000036230000)]
  0x000000002cb82800 JavaThread "jar transforms Thread 241" [_thread_blocked, id=4624, stack(0x0000000036030000,0x0000000036130000)]
  0x000000002cb7e800 JavaThread "jar transforms Thread 240" [_thread_blocked, id=13436, stack(0x0000000035f30000,0x0000000036030000)]
  0x000000002cb83000 JavaThread "jar transforms Thread 239" [_thread_blocked, id=2696, stack(0x0000000035e30000,0x0000000035f30000)]
  0x000000002cb80000 JavaThread "jar transforms Thread 238" [_thread_blocked, id=13576, stack(0x0000000035d30000,0x0000000035e30000)]
  0x000000002cb7b000 JavaThread "jar transforms Thread 237" [_thread_blocked, id=5488, stack(0x0000000035c30000,0x0000000035d30000)]
  0x000000002cb7a000 JavaThread "jar transforms Thread 236" [_thread_blocked, id=2104, stack(0x0000000035b30000,0x0000000035c30000)]
  0x000000002cb81000 JavaThread "jar transforms Thread 235" [_thread_blocked, id=13620, stack(0x0000000035a30000,0x0000000035b30000)]
  0x000000002cb7b800 JavaThread "jar transforms Thread 234" [_thread_blocked, id=10520, stack(0x0000000035930000,0x0000000035a30000)]
  0x000000002cb76800 JavaThread "jar transforms Thread 233" [_thread_blocked, id=14436, stack(0x0000000035830000,0x0000000035930000)]
  0x000000002cb7d000 JavaThread "jar transforms Thread 232" [_thread_blocked, id=3164, stack(0x0000000035730000,0x0000000035830000)]
  0x000000002cb7c800 JavaThread "jar transforms Thread 231" [_thread_blocked, id=17108, stack(0x0000000035630000,0x0000000035730000)]
  0x000000002cb79800 JavaThread "jar transforms Thread 230" [_thread_blocked, id=12404, stack(0x0000000035530000,0x0000000035630000)]
  0x000000002cb78800 JavaThread "jar transforms Thread 229" [_thread_blocked, id=15704, stack(0x0000000035430000,0x0000000035530000)]
  0x000000002cb77000 JavaThread "jar transforms Thread 228" [_thread_blocked, id=15284, stack(0x0000000035330000,0x0000000035430000)]
  0x000000002cb78000 JavaThread "jar transforms Thread 227" [_thread_blocked, id=15520, stack(0x0000000035230000,0x0000000035330000)]
  0x000000002cb75800 JavaThread "jar transforms Thread 226" [_thread_blocked, id=5524, stack(0x0000000035130000,0x0000000035230000)]
  0x000000002637e000 JavaThread "jar transforms Thread 225" [_thread_blocked, id=15584, stack(0x0000000035030000,0x0000000035130000)]
  0x000000002637a000 JavaThread "jar transforms Thread 224" [_thread_blocked, id=17184, stack(0x0000000034f30000,0x0000000035030000)]
  0x000000002637f800 JavaThread "jar transforms Thread 223" [_thread_blocked, id=12328, stack(0x0000000034e30000,0x0000000034f30000)]
  0x000000002637d000 JavaThread "jar transforms Thread 222" [_thread_blocked, id=7316, stack(0x0000000034d30000,0x0000000034e30000)]
  0x000000002637e800 JavaThread "jar transforms Thread 221" [_thread_blocked, id=9608, stack(0x0000000034c30000,0x0000000034d30000)]
  0x000000002637c800 JavaThread "jar transforms Thread 220" [_thread_blocked, id=10960, stack(0x0000000034b30000,0x0000000034c30000)]
  0x000000002637b800 JavaThread "jar transforms Thread 219" [_thread_blocked, id=5588, stack(0x0000000034a30000,0x0000000034b30000)]
  0x000000002637b000 JavaThread "jar transforms Thread 218" [_thread_blocked, id=12608, stack(0x0000000034930000,0x0000000034a30000)]
  0x0000000026372800 JavaThread "jar transforms Thread 217" [_thread_blocked, id=16276, stack(0x0000000034830000,0x0000000034930000)]
  0x0000000026379800 JavaThread "jar transforms Thread 216" [_thread_blocked, id=8200, stack(0x0000000034730000,0x0000000034830000)]
  0x0000000026372000 JavaThread "jar transforms Thread 215" [_thread_blocked, id=6988, stack(0x0000000034630000,0x0000000034730000)]
  0x0000000026378800 JavaThread "jar transforms Thread 214" [_thread_blocked, id=14964, stack(0x0000000034530000,0x0000000034630000)]
  0x0000000026371000 JavaThread "jar transforms Thread 213" [_thread_blocked, id=14728, stack(0x0000000034430000,0x0000000034530000)]
  0x0000000026378000 JavaThread "jar transforms Thread 212" [_thread_blocked, id=14196, stack(0x0000000034330000,0x0000000034430000)]
  0x0000000026370800 JavaThread "jar transforms Thread 211" [_thread_blocked, id=5324, stack(0x0000000034230000,0x0000000034330000)]
  0x0000000026376800 JavaThread "jar transforms Thread 210" [_thread_blocked, id=14044, stack(0x0000000034130000,0x0000000034230000)]
  0x0000000026377000 JavaThread "jar transforms Thread 209" [_thread_blocked, id=3424, stack(0x0000000034030000,0x0000000034130000)]
  0x0000000026375000 JavaThread "jar transforms Thread 208" [_thread_blocked, id=11448, stack(0x0000000033f30000,0x0000000034030000)]
  0x0000000026374000 JavaThread "jar transforms Thread 207" [_thread_blocked, id=6620, stack(0x0000000033e30000,0x0000000033f30000)]
  0x0000000026373800 JavaThread "jar transforms Thread 206" [_thread_blocked, id=12844, stack(0x0000000033d30000,0x0000000033e30000)]
  0x0000000026375800 JavaThread "jar transforms Thread 205" [_thread_blocked, id=12592, stack(0x0000000033c30000,0x0000000033d30000)]
  0x0000000024d39000 JavaThread "jar transforms Thread 204" [_thread_blocked, id=13228, stack(0x0000000033b30000,0x0000000033c30000)]
  0x0000000024d37800 JavaThread "jar transforms Thread 203" [_thread_blocked, id=6632, stack(0x0000000033a30000,0x0000000033b30000)]
  0x0000000024d3e800 JavaThread "jar transforms Thread 202" [_thread_blocked, id=3652, stack(0x0000000033930000,0x0000000033a30000)]
  0x0000000024d37000 JavaThread "jar transforms Thread 201" [_thread_blocked, id=14440, stack(0x0000000033830000,0x0000000033930000)]
  0x0000000024d3d800 JavaThread "jar transforms Thread 200" [_thread_blocked, id=13672, stack(0x0000000033730000,0x0000000033830000)]
  0x0000000024d3d000 JavaThread "jar transforms Thread 199" [_thread_blocked, id=15856, stack(0x0000000033630000,0x0000000033730000)]
  0x0000000024d38800 JavaThread "jar transforms Thread 198" [_thread_blocked, id=14508, stack(0x0000000033530000,0x0000000033630000)]
  0x0000000024d3c000 JavaThread "jar transforms Thread 197" [_thread_blocked, id=14036, stack(0x0000000033430000,0x0000000033530000)]
  0x0000000024d3a000 JavaThread "jar transforms Thread 196" [_thread_blocked, id=12100, stack(0x0000000033330000,0x0000000033430000)]
  0x0000000024d3b800 JavaThread "jar transforms Thread 195" [_thread_blocked, id=768, stack(0x0000000033230000,0x0000000033330000)]
  0x0000000024d3a800 JavaThread "jar transforms Thread 194" [_thread_blocked, id=14332, stack(0x0000000033130000,0x0000000033230000)]
  0x0000000024d2f800 JavaThread "jar transforms Thread 193" [_thread_blocked, id=11712, stack(0x0000000033030000,0x0000000033130000)]
  0x0000000024d36000 JavaThread "jar transforms Thread 192" [_thread_blocked, id=14396, stack(0x0000000032f30000,0x0000000033030000)]
  0x0000000024d35800 JavaThread "jar transforms Thread 191" [_thread_blocked, id=11120, stack(0x0000000032e30000,0x0000000032f30000)]
  0x0000000024d34800 JavaThread "jar transforms Thread 190" [_thread_blocked, id=1320, stack(0x0000000032d30000,0x0000000032e30000)]
  0x0000000024d33000 JavaThread "jar transforms Thread 189" [_thread_blocked, id=15880, stack(0x0000000032c30000,0x0000000032d30000)]
  0x0000000024d31800 JavaThread "jar transforms Thread 188" [_thread_blocked, id=10252, stack(0x0000000032b30000,0x0000000032c30000)]
  0x0000000024d30000 JavaThread "jar transforms Thread 187" [_thread_blocked, id=16484, stack(0x0000000032a30000,0x0000000032b30000)]
  0x0000000024d34000 JavaThread "jar transforms Thread 186" [_thread_blocked, id=3540, stack(0x0000000032930000,0x0000000032a30000)]
  0x0000000024d32800 JavaThread "jar transforms Thread 185" [_thread_blocked, id=2272, stack(0x0000000032830000,0x0000000032930000)]
  0x0000000024d31000 JavaThread "jar transforms Thread 184" [_thread_blocked, id=16476, stack(0x0000000032730000,0x0000000032830000)]
  0x0000000019779000 JavaThread "jar transforms Thread 183" [_thread_blocked, id=14424, stack(0x0000000032630000,0x0000000032730000)]
  0x0000000019776800 JavaThread "jar transforms Thread 182" [_thread_blocked, id=1216, stack(0x0000000032530000,0x0000000032630000)]
  0x000000001977d800 JavaThread "jar transforms Thread 181" [_thread_blocked, id=16952, stack(0x0000000032430000,0x0000000032530000)]
  0x000000001977c800 JavaThread "jar transforms Thread 180" [_thread_blocked, id=14824, stack(0x0000000032330000,0x0000000032430000)]
  0x0000000019777800 JavaThread "jar transforms Thread 179" [_thread_blocked, id=9000, stack(0x0000000032230000,0x0000000032330000)]
  0x000000001a558000 JavaThread "jar transforms Thread 178" [_thread_blocked, id=12304, stack(0x0000000032130000,0x0000000032230000)]
  0x000000001a557000 JavaThread "jar transforms Thread 177" [_thread_blocked, id=3144, stack(0x0000000032030000,0x0000000032130000)]
  0x000000001a558800 JavaThread "jar transforms Thread 176" [_thread_blocked, id=13708, stack(0x0000000031f30000,0x0000000032030000)]
  0x000000001a559800 JavaThread "jar transforms Thread 175" [_thread_blocked, id=2280, stack(0x0000000031e30000,0x0000000031f30000)]
  0x000000001a556800 JavaThread "jar transforms Thread 174" [_thread_blocked, id=1756, stack(0x0000000031d30000,0x0000000031e30000)]
  0x000000001a555800 JavaThread "jar transforms Thread 173" [_thread_blocked, id=13000, stack(0x0000000031c30000,0x0000000031d30000)]
  0x000000001a553800 JavaThread "jar transforms Thread 172" [_thread_blocked, id=13948, stack(0x0000000031b30000,0x0000000031c30000)]
  0x000000001a555000 JavaThread "jar transforms Thread 171" [_thread_blocked, id=17040, stack(0x0000000031a30000,0x0000000031b30000)]
  0x000000001a554000 JavaThread "jar transforms Thread 170" [_thread_blocked, id=2560, stack(0x0000000031930000,0x0000000031a30000)]
  0x000000001a54b800 JavaThread "jar transforms Thread 169" [_thread_blocked, id=2448, stack(0x0000000031830000,0x0000000031930000)]
  0x000000001a552800 JavaThread "jar transforms Thread 168" [_thread_blocked, id=4684, stack(0x0000000031730000,0x0000000031830000)]
  0x000000001a552000 JavaThread "jar transforms Thread 167" [_thread_blocked, id=14224, stack(0x0000000031630000,0x0000000031730000)]
  0x000000001a54a000 JavaThread "jar transforms Thread 166" [_thread_blocked, id=1588, stack(0x0000000031530000,0x0000000031630000)]
  0x000000001a551000 JavaThread "jar transforms Thread 165" [_thread_blocked, id=5596, stack(0x0000000031430000,0x0000000031530000)]
  0x000000001a550800 JavaThread "jar transforms Thread 164" [_thread_blocked, id=17376, stack(0x0000000031330000,0x0000000031430000)]
  0x000000001a54f800 JavaThread "jar transforms Thread 163" [_thread_blocked, id=16808, stack(0x0000000031230000,0x0000000031330000)]
  0x000000001a54e800 JavaThread "jar transforms Thread 162" [_thread_blocked, id=15808, stack(0x0000000031130000,0x0000000031230000)]
  0x000000001d398800 JavaThread "jar transforms Thread 161" [_thread_blocked, id=17364, stack(0x0000000031030000,0x0000000031130000)]
  0x000000001d399800 JavaThread "jar transforms Thread 160" [_thread_blocked, id=10716, stack(0x0000000030f30000,0x0000000031030000)]
  0x000000001d398000 JavaThread "jar transforms Thread 159" [_thread_blocked, id=14288, stack(0x0000000030e30000,0x0000000030f30000)]
  0x000000001d396800 JavaThread "jar transforms Thread 158" [_thread_blocked, id=11140, stack(0x0000000030d30000,0x0000000030e30000)]
  0x000000001d38e000 JavaThread "jar transforms Thread 157" [_thread_blocked, id=10592, stack(0x0000000030c30000,0x0000000030d30000)]
  0x000000001d395000 JavaThread "jar transforms Thread 156" [_thread_blocked, id=15216, stack(0x000000002f870000,0x000000002f970000)]
  0x000000001d38d800 JavaThread "jar transforms Thread 155" [_thread_blocked, id=14164, stack(0x000000002f770000,0x000000002f870000)]
  0x000000001d394000 JavaThread "jar transforms Thread 154" [_thread_blocked, id=16408, stack(0x000000002f670000,0x000000002f770000)]
  0x000000001d38c800 JavaThread "jar transforms Thread 153" [_thread_blocked, id=1944, stack(0x000000002f570000,0x000000002f670000)]
  0x000000001d390800 JavaThread "jar transforms Thread 152" [_thread_blocked, id=5316, stack(0x000000002f470000,0x000000002f570000)]
  0x000000001d38f800 JavaThread "jar transforms Thread 151" [_thread_blocked, id=1040, stack(0x000000002f370000,0x000000002f470000)]
  0x000000001d393800 JavaThread "jar transforms Thread 150" [_thread_blocked, id=7944, stack(0x000000002f270000,0x000000002f370000)]
  0x000000001d38c000 JavaThread "jar transforms Thread 149" [_thread_blocked, id=5100, stack(0x000000002f170000,0x000000002f270000)]
  0x000000001d392800 JavaThread "jar transforms Thread 148" [_thread_blocked, id=17168, stack(0x000000002f070000,0x000000002f170000)]
  0x000000001d38b000 JavaThread "jar transforms Thread 147" [_thread_blocked, id=13144, stack(0x000000002ef70000,0x000000002f070000)]
  0x000000001d38a800 JavaThread "jar transforms Thread 146" [_thread_blocked, id=8116, stack(0x000000002ee70000,0x000000002ef70000)]
  0x000000001d38f000 JavaThread "jar transforms Thread 145" [_thread_blocked, id=12184, stack(0x000000002ed70000,0x000000002ee70000)]
  0x000000001ab0a000 JavaThread "jar transforms Thread 144" [_thread_blocked, id=13628, stack(0x000000002ec70000,0x000000002ed70000)]
  0x000000001ab09800 JavaThread "jar transforms Thread 143" [_thread_blocked, id=11376, stack(0x000000002eb70000,0x000000002ec70000)]
  0x000000001ab08800 JavaThread "jar transforms Thread 142" [_thread_blocked, id=8336, stack(0x000000002ea70000,0x000000002eb70000)]
  0x000000001ab06800 JavaThread "jar transforms Thread 141" [_thread_blocked, id=15084, stack(0x000000002e970000,0x000000002ea70000)]
  0x000000001ab08000 JavaThread "jar transforms Thread 140" [_thread_blocked, id=8912, stack(0x000000002e870000,0x000000002e970000)]
  0x000000001ab07000 JavaThread "jar transforms Thread 139" [_thread_blocked, id=16292, stack(0x000000002e770000,0x000000002e870000)]
  0x000000001ab05800 JavaThread "jar transforms Thread 138" [_thread_blocked, id=7524, stack(0x000000002e370000,0x000000002e470000)]
  0x000000001ab0b000 JavaThread "jar transforms Thread 137" [_thread_blocked, id=7800, stack(0x000000002de70000,0x000000002df70000)]
  0x000000001aafe000 JavaThread "jar transforms Thread 136" [_thread_blocked, id=16200, stack(0x000000002dd70000,0x000000002de70000)]
  0x000000001ab05000 JavaThread "jar transforms Thread 135" [_thread_blocked, id=3320, stack(0x000000002dc70000,0x000000002dd70000)]
  0x000000001aafd800 JavaThread "jar transforms Thread 134" [_thread_blocked, id=13096, stack(0x000000002db70000,0x000000002dc70000)]
  0x000000001ab04000 JavaThread "jar transforms Thread 133" [_thread_blocked, id=6804, stack(0x000000002da70000,0x000000002db70000)]
  0x000000001aafc800 JavaThread "jar transforms Thread 132" [_thread_blocked, id=12916, stack(0x000000002c010000,0x000000002c110000)]
  0x000000001aaff000 JavaThread "jar transforms Thread 131" [_thread_blocked, id=10204, stack(0x000000002bf10000,0x000000002c010000)]
  0x000000001ab01000 JavaThread "jar transforms Thread 130" [_thread_blocked, id=1080, stack(0x000000002be10000,0x000000002bf10000)]
  0x000000001ab02800 JavaThread "jar transforms Thread 129" [_thread_blocked, id=14216, stack(0x000000002bd10000,0x000000002be10000)]
  0x000000001ab02000 JavaThread "jar transforms Thread 128" [_thread_blocked, id=16776, stack(0x000000002b810000,0x000000002b910000)]
  0x000000001ab00800 JavaThread "jar transforms Thread 127" [_thread_blocked, id=4380, stack(0x0000000029fe0000,0x000000002a0e0000)]
  0x0000000018784000 JavaThread "jar transforms Thread 126" [_thread_blocked, id=13512, stack(0x0000000029c30000,0x0000000029d30000)]
  0x0000000018782800 JavaThread "jar transforms Thread 125" [_thread_blocked, id=15824, stack(0x0000000029b30000,0x0000000029c30000)]
  0x0000000018782000 JavaThread "jar transforms Thread 124" [_thread_blocked, id=2288, stack(0x0000000029920000,0x0000000029a20000)]
  0x000000001ab03800 JavaThread "RMI Reaper" [_thread_blocked, id=744, stack(0x000000002e670000,0x000000002e770000)]
  0x000000001aaff800 JavaThread "RMI TCP Accept-0" daemon [_thread_in_native, id=16708, stack(0x000000002e570000,0x000000002e670000)]
  0x000000001aafc000 JavaThread "GC Daemon" daemon [_thread_blocked, id=15176, stack(0x000000002e470000,0x000000002e570000)]
  0x000000001d397000 JavaThread "RMI Scheduler(0)" daemon [_thread_blocked, id=8096, stack(0x000000002d100000,0x000000002d200000)]
  0x000000001d392000 JavaThread "Memory manager" [_thread_blocked, id=15760, stack(0x000000002b710000,0x000000002b810000)]
  0x000000001977a800 JavaThread "Cache worker for file content cache (C:\Users\alexo\.gradle\caches\6.5\fileContent)" [_thread_blocked, id=16984, stack(0x0000000020260000,0x0000000020360000)]
  0x0000000019779800 JavaThread "Cache worker for execution history cache (C:\Users\alexo\.gradle\caches\6.5\executionHistory)" [_thread_blocked, id=14176, stack(0x000000001ee30000,0x000000001ef30000)]
  0x000000001977c000 JavaThread "Cache worker for file hash cache (C:\Users\alexo\.gradle\caches\6.5\fileHashes)" [_thread_blocked, id=16288, stack(0x000000001c560000,0x000000001c660000)]
  0x0000000019778000 JavaThread "File lock request listener" [_thread_in_native, id=9184, stack(0x000000001c460000,0x000000001c560000)]
  0x0000000018442800 JavaThread "Cache worker for journal cache (C:\Users\alexo\.gradle\caches\journal-1)" [_thread_blocked, id=12068, stack(0x000000001c260000,0x000000001c360000)]
  0x000000001a073800 JavaThread "Daemon worker" [_thread_blocked, id=13996, stack(0x000000001bc60000,0x000000001bd60000)]
  0x0000000019f8e800 JavaThread "Daemon" [_thread_blocked, id=15484, stack(0x000000001b960000,0x000000001ba60000)]
  0x0000000019f3e000 JavaThread "Daemon periodic checks" [_thread_blocked, id=7088, stack(0x000000001b660000,0x000000001b760000)]
  0x0000000019f3d000 JavaThread "Incoming local TCP Connector on port 53048" [_thread_in_native, id=3596, stack(0x000000001b410000,0x000000001b510000)]
  0x000000001a004800 JavaThread "Daemon health stats" [_thread_blocked, id=16816, stack(0x000000001add0000,0x000000001aed0000)]
  0x000000001650c800 JavaThread "Service Thread" daemon [_thread_blocked, id=8440, stack(0x0000000018230000,0x0000000018330000)]
  0x00000000164c4000 JavaThread "C1 CompilerThread2" daemon [_thread_blocked, id=11320, stack(0x0000000017d30000,0x0000000017e30000)]
=>0x00000000164bf800 JavaThread "C2 CompilerThread1" daemon [_thread_in_native, id=8036, stack(0x0000000017c30000,0x0000000017d30000)]
  0x00000000164b8800 JavaThread "C2 CompilerThread0" daemon [_thread_blocked, id=16184, stack(0x0000000017b30000,0x0000000017c30000)]
  0x00000000164b6800 JavaThread "Attach Listener" daemon [_thread_blocked, id=12520, stack(0x0000000017a30000,0x0000000017b30000)]
  0x00000000164b3800 JavaThread "Signal Dispatcher" daemon [_thread_blocked, id=11436, stack(0x0000000017930000,0x0000000017a30000)]
  0x0000000002b3b800 JavaThread "Finalizer" daemon [_thread_blocked, id=12600, stack(0x0000000017720000,0x0000000017820000)]
  0x0000000016499000 JavaThread "Reference Handler" daemon [_thread_blocked, id=6184, stack(0x0000000017620000,0x0000000017720000)]
  0x0000000002a2e800 JavaThread "main" [_thread_blocked, id=1448, stack(0x00000000028b0000,0x00000000029b0000)]

Other Threads:
  0x0000000016476800 VMThread [stack: 0x0000000017520000,0x0000000017620000] [id=17320]
  0x000000001650d800 WatcherThread [stack: 0x0000000018330000,0x0000000018430000] [id=15348]

VM state:not at safepoint (normal execution)

VM Mutex/Monitor currently owned by a thread: None

heap address: 0x00000000a0000000, size: 1536 MB, Compressed Oops mode: 32-bit
Narrow klass base: 0x0000000000000000, Narrow klass shift: 3
Compressed class space size: 1073741824 Address: 0x0000000100000000

Heap:
 PSYoungGen      total 414208K, used 330107K [0x00000000e0000000, 0x00000000fff80000, 0x0000000100000000)
  eden space 312832K, 99% used [0x00000000e0000000,0x00000000f3176cc0,0x00000000f3180000)
  from space 101376K, 17% used [0x00000000f9080000,0x00000000fa168060,0x00000000ff380000)
  to   space 97280K, 0% used [0x00000000f3180000,0x00000000f3180000,0x00000000f9080000)
 ParOldGen       total 582656K, used 293641K [0x00000000a0000000, 0x00000000c3900000, 0x00000000e0000000)
  object space 582656K, 50% used [0x00000000a0000000,0x00000000b1ec2488,0x00000000c3900000)
 Metaspace       used 99184K, capacity 104601K, committed 105112K, reserved 1140736K
  class space    used 12815K, capacity 13767K, committed 13992K, reserved 1048576K

Card table byte_map: [0x0000000011f00000,0x0000000012210000] byte_map_base: 0x0000000011a00000

Marking Bits: (ParMarkBitMap*) 0x0000000077f7f030
 Begin Bits: [0x0000000012810000, 0x0000000014010000)
 End Bits:   [0x0000000014010000, 0x0000000015810000)

Polling page: 0x0000000000c40000

CodeCache: size=245760Kb used=69790Kb max_used=70162Kb free=175969Kb
 bounds [0x0000000002b40000, 0x0000000007020000, 0x0000000011b40000]
 total_blobs=19593 nmethods=18706 adapters=798
 compilation: enabled

Compilation events (10 events):
Event: 322.095 Thread 0x00000000164c4000 nmethod 25237 0x0000000003d2f250 code [0x0000000003d2f3a0, 0x0000000003d2f490]
Event: 322.098 Thread 0x00000000164b8800 nmethod 25233 0x00000000047b4610 code [0x00000000047b4760, 0x00000000047b4b78]
Event: 322.098 Thread 0x00000000164b8800 25234       4       java.lang.String::split (7 bytes)
Event: 322.099 Thread 0x00000000164b8800 nmethod 25234 0x000000000421f5d0 code [0x000000000421f720, 0x000000000421f7a8]
Event: 322.099 Thread 0x00000000164b8800 25238       4       java.io.ObjectInputStream$BlockDataInputStream::peek (55 bytes)
Event: 322.101 Thread 0x00000000164b8800 nmethod 25238 0x00000000035d7ed0 code [0x00000000035d8020, 0x00000000035d8118]
Event: 322.120 Thread 0x00000000164b8800 25230       4       org.gradle.api.internal.attributes.DefaultMutableAttributeContainer::assertAttributeConstraints (89 bytes)
Event: 322.123 Thread 0x00000000164b8800 nmethod 25230 0x0000000003b56010 code [0x0000000003b56160, 0x0000000003b56258]
Event: 322.147 Thread 0x00000000164c4000 25240  s!   3       java.lang.Thread::start (71 bytes)
Event: 322.148 Thread 0x00000000164c4000 nmethod 25240 0x000000000389ccd0 code [0x000000000389cea0, 0x000000000389d5d8]

GC Heap History (10 events):
Event: 237.606 GC heap before
{Heap before GC invocations=69 (full 4):
 PSYoungGen      total 382464K, used 382440K [0x00000000e0000000, 0x0000000100000000, 0x0000000100000000)
  eden space 321536K, 100% used [0x00000000e0000000,0x00000000f3a00000,0x00000000f3a00000)
  from space 60928K, 99% used [0x00000000fbe80000,0x00000000ff9fa250,0x00000000ffa00000)
  to   space 101376K, 0% used [0x00000000f3a00000,0x00000000f3a00000,0x00000000f9d00000)
 ParOldGen       total 378880K, used 283626K [0x00000000a0000000, 0x00000000b7200000, 0x00000000e0000000)
  object space 378880K, 74% used [0x00000000a0000000,0x00000000b14fa848,0x00000000b7200000)
 Metaspace       used 93089K, capacity 97895K, committed 99352K, reserved 1134592K
  class space    used 12290K, capacity 13198K, committed 13608K, reserved 1048576K
Event: 237.826 GC heap after
Heap after GC invocations=69 (full 4):
 PSYoungGen      total 398336K, used 76663K [0x00000000e0000000, 0x0000000100000000, 0x0000000100000000)
  eden space 321536K, 0% used [0x00000000e0000000,0x00000000e0000000,0x00000000f3a00000)
  from space 76800K, 99% used [0x00000000f3a00000,0x00000000f84ddc00,0x00000000f8500000)
  to   space 110592K, 0% used [0x00000000f9400000,0x00000000f9400000,0x0000000100000000)
 ParOldGen       total 378880K, used 332749K [0x00000000a0000000, 0x00000000b7200000, 0x00000000e0000000)
  object space 378880K, 87% used [0x00000000a0000000,0x00000000b44f3780,0x00000000b7200000)
 Metaspace       used 93089K, capacity 97895K, committed 99352K, reserved 1134592K
  class space    used 12290K, capacity 13198K, committed 13608K, reserved 1048576K
}
Event: 237.826 GC heap before
{Heap before GC invocations=70 (full 5):
 PSYoungGen      total 398336K, used 76663K [0x00000000e0000000, 0x0000000100000000, 0x0000000100000000)
  eden space 321536K, 0% used [0x00000000e0000000,0x00000000e0000000,0x00000000f3a00000)
  from space 76800K, 99% used [0x00000000f3a00000,0x00000000f84ddc00,0x00000000f8500000)
  to   space 110592K, 0% used [0x00000000f9400000,0x00000000f9400000,0x0000000100000000)
 ParOldGen       total 378880K, used 332749K [0x00000000a0000000, 0x00000000b7200000, 0x00000000e0000000)
  object space 378880K, 87% used [0x00000000a0000000,0x00000000b44f3780,0x00000000b7200000)
 Metaspace       used 93089K, capacity 97895K, committed 99352K, reserved 1134592K
  class space    used 12290K, capacity 13198K, committed 13608K, reserved 1048576K
Event: 240.196 GC heap after
Heap after GC invocations=70 (full 5):
 PSYoungGen      total 398336K, used 0K [0x00000000e0000000, 0x0000000100000000, 0x0000000100000000)
  eden space 321536K, 0% used [0x00000000e0000000,0x00000000e0000000,0x00000000f3a00000)
  from space 76800K, 0% used [0x00000000f3a00000,0x00000000f3a00000,0x00000000f8500000)
  to   space 110592K, 0% used [0x00000000f9400000,0x00000000f9400000,0x0000000100000000)
 ParOldGen       total 582656K, used 293617K [0x00000000a0000000, 0x00000000c3900000, 0x00000000e0000000)
  object space 582656K, 50% used [0x00000000a0000000,0x00000000b1ebc488,0x00000000c3900000)
 Metaspace       used 93089K, capacity 97895K, committed 99352K, reserved 1134592K
  class space    used 12290K, capacity 13198K, committed 13608K, reserved 1048576K
}
Event: 243.413 GC heap before
{Heap before GC invocations=71 (full 5):
 PSYoungGen      total 398336K, used 321449K [0x00000000e0000000, 0x0000000100000000, 0x0000000100000000)
  eden space 321536K, 99% used [0x00000000e0000000,0x00000000f39ea780,0x00000000f3a00000)
  from space 76800K, 0% used [0x00000000f3a00000,0x00000000f3a00000,0x00000000f8500000)
  to   space 110592K, 0% used [0x00000000f9400000,0x00000000f9400000,0x0000000100000000)
 ParOldGen       total 582656K, used 293617K [0x00000000a0000000, 0x00000000c3900000, 0x00000000e0000000)
  object space 582656K, 50% used [0x00000000a0000000,0x00000000b1ebc488,0x00000000c3900000)
 Metaspace       used 94130K, capacity 99083K, committed 100504K, reserved 1136640K
  class space    used 12435K, capacity 13378K, committed 13736K, reserved 1048576K
Event: 243.430 GC heap after
Heap after GC invocations=71 (full 5):
 PSYoungGen      total 419328K, used 28545K [0x00000000e0000000, 0x0000000100000000, 0x0000000100000000)
  eden space 308736K, 0% used [0x00000000e0000000,0x00000000e0000000,0x00000000f2d80000)
  from space 110592K, 25% used [0x00000000f9400000,0x00000000fafe0530,0x0000000100000000)
  to   space 104960K, 0% used [0x00000000f2d80000,0x00000000f2d80000,0x00000000f9400000)
 ParOldGen       total 582656K, used 293625K [0x00000000a0000000, 0x00000000c3900000, 0x00000000e0000000)
  object space 582656K, 50% used [0x00000000a0000000,0x00000000b1ebe488,0x00000000c3900000)
 Metaspace       used 94130K, capacity 99083K, committed 100504K, reserved 1136640K
  class space    used 12435K, capacity 13378K, committed 13736K, reserved 1048576K
}
Event: 255.053 GC heap before
{Heap before GC invocations=72 (full 5):
 PSYoungGen      total 419328K, used 337281K [0x00000000e0000000, 0x0000000100000000, 0x0000000100000000)
  eden space 308736K, 100% used [0x00000000e0000000,0x00000000f2d80000,0x00000000f2d80000)
  from space 110592K, 25% used [0x00000000f9400000,0x00000000fafe0530,0x0000000100000000)
  to   space 104960K, 0% used [0x00000000f2d80000,0x00000000f2d80000,0x00000000f9400000)
 ParOldGen       total 582656K, used 293625K [0x00000000a0000000, 0x00000000c3900000, 0x00000000e0000000)
  object space 582656K, 50% used [0x00000000a0000000,0x00000000b1ebe488,0x00000000c3900000)
 Metaspace       used 98131K, capacity 103195K, committed 104344K, reserved 1140736K
  class space    used 12732K, capacity 13656K, committed 13992K, reserved 1048576K
Event: 255.093 GC heap after
Heap after GC invocations=72 (full 5):
 PSYoungGen      total 326656K, used 17849K [0x00000000e0000000, 0x00000000ff380000, 0x0000000100000000)
  eden space 308736K, 0% used [0x00000000e0000000,0x00000000e0000000,0x00000000f2d80000)
  from space 17920K, 99% used [0x00000000f2d80000,0x00000000f3eee748,0x00000000f3f00000)
  to   space 101376K, 0% used [0x00000000f9080000,0x00000000f9080000,0x00000000ff380000)
 ParOldGen       total 582656K, used 293633K [0x00000000a0000000, 0x00000000c3900000, 0x00000000e0000000)
  object space 582656K, 50% used [0x00000000a0000000,0x00000000b1ec0488,0x00000000c3900000)
 Metaspace       used 98131K, capacity 103195K, committed 104344K, reserved 1140736K
  class space    used 12732K, capacity 13656K, committed 13992K, reserved 1048576K
}
Event: 284.030 GC heap before
{Heap before GC invocations=73 (full 5):
 PSYoungGen      total 326656K, used 326585K [0x00000000e0000000, 0x00000000ff380000, 0x0000000100000000)
  eden space 308736K, 100% used [0x00000000e0000000,0x00000000f2d80000,0x00000000f2d80000)
  from space 17920K, 99% used [0x00000000f2d80000,0x00000000f3eee748,0x00000000f3f00000)
  to   space 101376K, 0% used [0x00000000f9080000,0x00000000f9080000,0x00000000ff380000)
 ParOldGen       total 582656K, used 293633K [0x00000000a0000000, 0x00000000c3900000, 0x00000000e0000000)
  object space 582656K, 50% used [0x00000000a0000000,0x00000000b1ec0488,0x00000000c3900000)
 Metaspace       used 98739K, capacity 103873K, committed 104600K, reserved 1140736K
  class space    used 12780K, capacity 13703K, committed 13992K, reserved 1048576K
Event: 284.061 GC heap after
Heap after GC invocations=73 (full 5):
 PSYoungGen      total 414208K, used 17312K [0x00000000e0000000, 0x00000000fff80000, 0x0000000100000000)
  eden space 312832K, 0% used [0x00000000e0000000,0x00000000e0000000,0x00000000f3180000)
  from space 101376K, 17% used [0x00000000f9080000,0x00000000fa168060,0x00000000ff380000)
  to   space 97280K, 0% used [0x00000000f3180000,0x00000000f3180000,0x00000000f9080000)
 ParOldGen       total 582656K, used 293641K [0x00000000a0000000, 0x00000000c3900000, 0x00000000e0000000)
  object space 582656K, 50% used [0x00000000a0000000,0x00000000b1ec2488,0x00000000c3900000)
 Metaspace       used 98739K, capacity 103873K, committed 104600K, reserved 1140736K
  class space    used 12780K, capacity 13703K, committed 13992K, reserved 1048576K
}

Deoptimization events (10 events):
Event: 317.265 Thread 0x000000001a073800 Uncommon trap: reason=array_check action=maybe_recompile pc=0x0000000004c66370 method=com.google.common.collect.RegularImmutableMap.fromEntryArray(I[Ljava/util/Map$Entry;)Lcom/google/common/collect/ImmutableMap; @ 157
Event: 317.265 Thread 0x000000001a073800 Uncommon trap: reason=array_check action=maybe_recompile pc=0x0000000004c66370 method=com.google.common.collect.RegularImmutableMap.fromEntryArray(I[Ljava/util/Map$Entry;)Lcom/google/common/collect/ImmutableMap; @ 157
Event: 317.288 Thread 0x000000001a073800 Uncommon trap: reason=array_check action=maybe_recompile pc=0x0000000004c66370 method=com.google.common.collect.RegularImmutableMap.fromEntryArray(I[Ljava/util/Map$Entry;)Lcom/google/common/collect/ImmutableMap; @ 157
Event: 317.288 Thread 0x000000001a073800 Uncommon trap: reason=array_check action=maybe_recompile pc=0x0000000004c66370 method=com.google.common.collect.RegularImmutableMap.fromEntryArray(I[Ljava/util/Map$Entry;)Lcom/google/common/collect/ImmutableMap; @ 157
Event: 317.615 Thread 0x000000001a073800 Uncommon trap: reason=null_check action=make_not_entrant pc=0x0000000006eba7a0 method=org.gradle.api.internal.collections.CollectionFilter.filter(Ljava/lang/Object;)Ljava/lang/Object; @ 5
Event: 319.887 Thread 0x0000000024673800 Uncommon trap: reason=null_check action=make_not_entrant pc=0x0000000006b6d8e8 method=com.android.manifmerger.XmlElement.<init>(Lorg/w3c/dom/Element;Lcom/android/manifmerger/XmlDocument;)V @ 86
Event: 320.538 Thread 0x0000000024673800 Uncommon trap: reason=class_check action=maybe_recompile pc=0x000000000547fd5c method=java.util.HashMap$EntrySpliterator.forEachRemaining(Ljava/util/function/Consumer;)V @ 142
Event: 320.538 Thread 0x0000000024673800 Uncommon trap: reason=null_check action=make_not_entrant pc=0x0000000006fd9bc8 method=com.sun.org.apache.xerces.internal.dom.NamedNodeMapImpl.findNamePoint(Ljava/lang/String;Ljava/lang/String;)I @ 105
Event: 320.541 Thread 0x0000000024673800 Uncommon trap: reason=class_check action=maybe_recompile pc=0x00000000045bf174 method=com.sun.org.apache.xerces.internal.dom.AttrImpl.getOwnerElement()Lorg/w3c/dom/Element; @ 18
Event: 320.541 Thread 0x0000000024673800 Uncommon trap: reason=class_check action=maybe_recompile pc=0x00000000045bf174 method=com.sun.org.apache.xerces.internal.dom.AttrImpl.getOwnerElement()Lorg/w3c/dom/Element; @ 18

Classes redefined (0 events):
No events

Internal exceptions (10 events):
Event: 289.900 Thread 0x000000001a073800 Exception <a 'java/lang/reflect/InvocationTargetException'> (0x00000000e08dad40) thrown at [C:\src\AOSP-openjdk-git\hotspot\src\share\vm\runtime\reflection.cpp, line 1092]
Event: 317.582 Thread 0x000000001a073800 Exception <a 'sun/nio/fs/WindowsException'> (0x00000000e3eb2c98) thrown at [C:\src\AOSP-openjdk-git\hotspot\src\share\vm\prims\jni.cpp, line 710]
Event: 317.615 Thread 0x000000001a073800 Implicit null exception at 0x0000000006eba663 to 0x0000000006eba78d
Event: 320.538 Thread 0x0000000024673800 Implicit null exception at 0x0000000006fd92f9 to 0x0000000006fd9ba1
Event: 322.063 Thread 0x000000001a073800 Exception <a 'sun/nio/fs/WindowsException'> (0x00000000f2e068a0) thrown at [C:\src\AOSP-openjdk-git\hotspot\src\share\vm\prims\jni.cpp, line 710]
Event: 322.063 Thread 0x000000001a073800 Exception <a 'sun/nio/fs/WindowsException'> (0x00000000f2e084d0) thrown at [C:\src\AOSP-openjdk-git\hotspot\src\share\vm\prims\jni.cpp, line 710]
Event: 322.065 Thread 0x000000001a073800 Exception <a 'sun/nio/fs/WindowsException'> (0x00000000f2e09758) thrown at [C:\src\AOSP-openjdk-git\hotspot\src\share\vm\prims\jni.cpp, line 710]
Event: 322.066 Thread 0x000000001a073800 Exception <a 'sun/nio/fs/WindowsException'> (0x00000000f2e0b380) thrown at [C:\src\AOSP-openjdk-git\hotspot\src\share\vm\prims\jni.cpp, line 710]
Event: 322.066 Thread 0x000000001a073800 Exception <a 'sun/nio/fs/WindowsException'> (0x00000000f2e0c498) thrown at [C:\src\AOSP-openjdk-git\hotspot\src\share\vm\prims\jni.cpp, line 710]
Event: 322.067 Thread 0x000000001a073800 Exception <a 'sun/nio/fs/WindowsException'> (0x00000000f2e0e090) thrown at [C:\src\AOSP-openjdk-git\hotspot\src\share\vm\prims\jni.cpp, line 710]

Events (10 events):
Event: 322.095 Thread 0x000000002467f800 Thread added: 0x000000002467f800
Event: 322.101 Executing VM operation: RevokeBias
Event: 322.104 Executing VM operation: RevokeBias done
Event: 322.124 Thread 0x00000000164b8800 flushing nmethod 0x0000000003060e50
Event: 322.141 Thread 0x000000002467d000 Thread added: 0x000000002467d000
Event: 322.147 Thread 0x0000000024681000 Thread added: 0x0000000024681000
Event: 322.147 Thread 0x0000000024680000 Thread added: 0x0000000024680000
Event: 322.148 Thread 0x00000000164c4000 flushing nmethod 0x00000000031e8850
Event: 322.149 Thread 0x00000000164c4000 flushing nmethod 0x000000000328a390
Event: 322.150 Thread 0x00000000164c4000 flushing nmethod 0x0000000003530b90


Dynamic libraries:
0x00007ff751630000 - 0x00007ff751661000 	E:\Programs\Astudio\jre\bin\java.exe
0x00007fffb6030000 - 0x00007fffb6225000 	C:\WINDOWS\SYSTEM32\ntdll.dll
0x00007fffb48c0000 - 0x00007fffb497d000 	C:\WINDOWS\System32\KERNEL32.DLL
0x00007fffb3cc0000 - 0x00007fffb3f88000 	C:\WINDOWS\System32\KERNELBASE.dll
0x00007fffb4620000 - 0x00007fffb46cc000 	C:\WINDOWS\System32\ADVAPI32.dll
0x00007fffb4d10000 - 0x00007fffb4dae000 	C:\WINDOWS\System32\msvcrt.dll
0x00007fffb4820000 - 0x00007fffb48bb000 	C:\WINDOWS\System32\sechost.dll
0x00007fffb5a30000 - 0x00007fffb5b5b000 	C:\WINDOWS\System32\RPCRT4.dll
0x00007fffb4980000 - 0x00007fffb4b20000 	C:\WINDOWS\System32\USER32.dll
0x00007fffb3800000 - 0x00007fffb3822000 	C:\WINDOWS\System32\win32u.dll
0x00007fffb5d90000 - 0x00007fffb5dba000 	C:\WINDOWS\System32\GDI32.dll
0x00007fffb3ab0000 - 0x00007fffb3bbb000 	C:\WINDOWS\System32\gdi32full.dll
0x00007fffb3a10000 - 0x00007fffb3aad000 	C:\WINDOWS\System32\msvcp_win.dll
0x00007fffb3bc0000 - 0x00007fffb3cc0000 	C:\WINDOWS\System32\ucrtbase.dll
0x00007fffa40f0000 - 0x00007fffa438a000 	C:\WINDOWS\WinSxS\amd64_microsoft.windows.common-controls_6595b64144ccf1df_6.0.19041.844_none_ca00b6081b84eb1d\COMCTL32.dll
0x00007fffb5a00000 - 0x00007fffb5a30000 	C:\WINDOWS\System32\IMM32.DLL
0x0000000050340000 - 0x0000000050412000 	E:\Programs\Astudio\jre\jre\bin\msvcr100.dll
0x00000000777b0000 - 0x0000000077ffb000 	E:\Programs\Astudio\jre\jre\bin\server\jvm.dll
0x00007fffb59f0000 - 0x00007fffb59f8000 	C:\WINDOWS\System32\PSAPI.DLL
0x00007fff9e340000 - 0x00007fff9e349000 	C:\WINDOWS\SYSTEM32\WSOCK32.dll
0x00007fffb3300000 - 0x00007fffb330a000 	C:\WINDOWS\SYSTEM32\VERSION.dll
0x00007fffa4ca0000 - 0x00007fffa4cc7000 	C:\WINDOWS\SYSTEM32\WINMM.dll
0x00007fffb5ca0000 - 0x00007fffb5d0b000 	C:\WINDOWS\System32\WS2_32.dll
0x00007fffaf210000 - 0x00007fffaf21f000 	E:\Programs\Astudio\jre\jre\bin\verify.dll
0x00007fffac070000 - 0x00007fffac099000 	E:\Programs\Astudio\jre\jre\bin\java.dll
0x00007fffa3460000 - 0x00007fffa3476000 	E:\Programs\Astudio\jre\jre\bin\zip.dll
0x00007fffb4f30000 - 0x00007fffb5672000 	C:\WINDOWS\System32\SHELL32.dll
0x00007fffb1820000 - 0x00007fffb1fb1000 	C:\WINDOWS\SYSTEM32\windows.storage.dll
0x00007fffb5690000 - 0x00007fffb59e5000 	C:\WINDOWS\System32\combase.dll
0x00007fffb3170000 - 0x00007fffb319c000 	C:\WINDOWS\SYSTEM32\Wldp.dll
0x00007fffb4770000 - 0x00007fffb481e000 	C:\WINDOWS\System32\SHCORE.dll
0x00007fffb4cb0000 - 0x00007fffb4d05000 	C:\WINDOWS\System32\shlwapi.dll
0x00007fffb36b0000 - 0x00007fffb36cf000 	C:\WINDOWS\SYSTEM32\profapi.dll
0x00007fffa3220000 - 0x00007fffa323a000 	E:\Programs\Astudio\jre\jre\bin\net.dll
0x00007fffb2ee0000 - 0x00007fffb2f4a000 	C:\WINDOWS\system32\mswsock.dll
0x00007fffa3200000 - 0x00007fffa3213000 	E:\Programs\Astudio\jre\jre\bin\nio.dll
0x00007fff92980000 - 0x00007fff929a7000 	C:\Users\alexo\.gradle\native\f6784746aeab05261644944871eae4fe03e0ef1612fff0a4a95f87b438bc6780\windows-amd64\native-platform.dll
0x00007fffaf1b0000 - 0x00007fffaf1bd000 	E:\Programs\Astudio\jre\jre\bin\management.dll
0x00007fffb30b0000 - 0x00007fffb30c8000 	C:\WINDOWS\SYSTEM32\CRYPTSP.dll
0x00007fffb27b0000 - 0x00007fffb27e4000 	C:\WINDOWS\system32\rsaenh.dll
0x00007fffb3770000 - 0x00007fffb3797000 	C:\WINDOWS\System32\bcrypt.dll
0x00007fffb3630000 - 0x00007fffb365e000 	C:\WINDOWS\SYSTEM32\USERENV.dll
0x00007fffb3830000 - 0x00007fffb38b0000 	C:\WINDOWS\System32\bcryptprimitives.dll
0x00007fffb30d0000 - 0x00007fffb30dc000 	C:\WINDOWS\SYSTEM32\CRYPTBASE.dll
0x00007fffb2b60000 - 0x00007fffb2b9b000 	C:\WINDOWS\SYSTEM32\IPHLPAPI.DLL
0x00007fffb5680000 - 0x00007fffb5688000 	C:\WINDOWS\System32\NSI.dll
0x00007fffa6630000 - 0x00007fffa6647000 	C:\WINDOWS\SYSTEM32\dhcpcsvc6.DLL
0x00007fffa93d0000 - 0x00007fffa93ed000 	C:\WINDOWS\SYSTEM32\dhcpcsvc.DLL
0x00007fffb2ba0000 - 0x00007fffb2c6c000 	C:\WINDOWS\SYSTEM32\DNSAPI.dll
0x00007fffaaaf0000 - 0x00007fffaaafb000 	C:\WINDOWS\SYSTEM32\WINNSI.DLL
0x00007fffa3780000 - 0x00007fffa379e000 	C:\Users\alexo\AppData\Local\Temp\native-platform2475802983691210221dir\native-platform.dll

VM Arguments:
jvm_args: -Xmx1536m -Dfile.encoding=windows-1251 -Duser.country=RU -Duser.language=ru -Duser.variant 
java_command: org.gradle.launcher.daemon.bootstrap.GradleDaemon 6.5
java_class_path (initial): C:\Users\alexo\.gradle\wrapper\dists\gradle-6.5-all\2oz4ud9k3tuxjg84bbf55q0tn\gradle-6.5\lib\gradle-launcher-6.5.jar
Launcher Type: SUN_STANDARD

Environment Variables:
JAVA_HOME=C:\Program Files\Java\jdk-13.0.2
PATH=C:\Program Files\Microsoft MPI\Bin\;C:\Program Files (x86)\Common Files\Oracle\Java\javapath;C:\Windows\system32;C:\Windows;C:\Windows\System32\Wbem;C:\Windows\System32\WindowsPowerShell\v1.0\;C:\Program Files (x86)\NVIDIA Corporation\PhysX\Common;C:\Program Files\NVIDIA Corporation\NVIDIA NvDLISR;C:\WINDOWS\system32;C:\WINDOWS;C:\WINDOWS\System32\Wbem;C:\WINDOWS\System32\WindowsPowerShell\v1.0\;C:\WINDOWS\System32\OpenSSH\;E:\Programs\Git\Git\cmd;C:\Program Files\dotnet\;C:\Program Files\Microsoft SQL Server\130\Tools\Binn\;C:\Program Files\Microsoft SQL Server\Client SDK\ODBC\170\Tools\Binn\;E:\Programs\Coocox\CoIDE\gcc\bin;E:\Programs\GPG\Gpg4win\..\GnuPG\bin;E:\Programs\Anaconda;E:\Programs\Anaconda\Scripts;E:\Programs\Anaconda\Library\bin;C:\Program Files\MySQL\MySQL Shell 8.0\bin\;C:\Users\alexo\AppData\Local\Programs\Python\Python38-32\Scripts\;C:\Users\alexo\AppData\Local\Programs\Python\Python38-32\;C:\Users\alexo\AppData\Local\Microsoft\WindowsApps;C:\Program Files\Java\jdk-13.0.2bin;;E:\Programs\InteliJ Idea\IntelliJ IDEA Community Edition 2020.1.3\bin;;C:\Program Files (x86)\GNU Tools ARM Embedded\4.7 2013q3\bin
USERNAME=alexo
OS=Windows_NT
PROCESSOR_IDENTIFIER=Intel64 Family 6 Model 58 Stepping 9, GenuineIntel



---------------  S Y S T E M  ---------------

OS: Windows 10.0 , 64 bit Build 19041 (10.0.19041.928)

CPU:total 4 (initial active 4) (2 cores per cpu, 2 threads per core) family 6 model 58 stepping 9, cmov, cx8, fxsr, mmx, sse, sse2, sse3, ssse3, sse4.1, sse4.2, popcnt, avx, clmul, erms, ht, tsc, tscinvbit, tscinv

Memory: 4k page, physical 16663832k(2127424k free), swap 16663832k(6784k free)

vm_info: OpenJDK 64-Bit Server VM (25.242-b01) for windows-amd64 JRE (1.8.0_242-release-1644-b01), built by "builder" with MS VC++ 10.0 (VS2010)

time: Sun May 16 20:19:41 2021
timezone: Восточная Европа (лето)
elapsed time: 322 seconds (0d 0h 5m 22s)

