#
# There is insufficient memory for the Java Runtime Environment to continue.
# Native memory allocation (malloc) failed to allocate 1352640 bytes for Chunk::new
# Possible reasons:
#   The system is out of physical RAM or swap space
#   The process is running with CompressedOops enabled, and the Java Heap may be blocking the growth of the native heap
# Possible solutions:
#   Reduce memory load on the system
#   Increase physical memory or swap space
#   Check if swap backing store is full
#   Decrease Java heap size (-Xmx/-Xms)
#   Decrease number of Java threads
#   Decrease Java thread stack sizes (-Xss)
#   Set larger code cache with -XX:ReservedCodeCacheSize=
#   JVM is running with Unscaled Compressed Oops mode in which the Java heap is
#     placed in the first 4GB address space. The Java Heap base address is the
#     maximum limit for the native heap growth. Please use -XX:HeapBaseMinAddress
#     to set the Java Heap base and to place the Java Heap above 4GB virtual address.
# This output file may be truncated or incomplete.
#
#  Out of Memory Error (allocation.cpp:389), pid=14600, tid=0x0000000000001ac4
#
# JRE version: OpenJDK Runtime Environment (8.0_242-b01) (build 1.8.0_242-release-1644-b01)
# Java VM: OpenJDK 64-Bit Server VM (25.242-b01 mixed mode windows-amd64 compressed oops)
# Failed to write core dump. Minidumps are not enabled by default on client versions of Windows
#

---------------  T H R E A D  ---------------

Current thread (0x0000000015e9c800):  JavaThread "C2 CompilerThread1" daemon [_thread_in_native, id=6852, stack(0x00000000175f0000,0x00000000176f0000)]

Stack: [0x00000000175f0000,0x00000000176f0000]
[error occurred during error reporting (printing stack bounds), id 0xc0000005]

Native frames: (J=compiled Java code, j=interpreted, Vv=VM code, C=native code)


Current CompileTask:
C2:  18637 5378       4       sun.reflect.generics.parser.SignatureParser::parsePackageNameAndSimpleClassTypeSignature (139 bytes)


---------------  P R O C E S S  ---------------

Java Threads: ( => current thread )
  0x000000001ebf2800 JavaThread "Cache worker for Build Output Cleanup Cache (E:\Univer\Doc_diplom\RunningAppYT-DrawingPolylinesOnOurMap\.gradle\buildOutputCleanup)" [_thread_blocked, id=11556, stack(0x00000000289b0000,0x0000000028ab0000)]
  0x000000001ebf0000 JavaThread "jar transforms Thread 123" [_thread_blocked, id=11772, stack(0x00000000286b0000,0x00000000287b0000)]
  0x000000001ebf7000 JavaThread "jar transforms Thread 122" [_thread_blocked, id=2672, stack(0x00000000285b0000,0x00000000286b0000)]
  0x000000001ebf4000 JavaThread "jar transforms Thread 121" [_thread_blocked, id=5708, stack(0x00000000284b0000,0x00000000285b0000)]
  0x000000001ebf5800 JavaThread "jar transforms Thread 120" [_thread_blocked, id=11032, stack(0x00000000283b0000,0x00000000284b0000)]
  0x000000001ebf1800 JavaThread "jar transforms Thread 119" [_thread_blocked, id=12828, stack(0x00000000282b0000,0x00000000283b0000)]
  0x000000001ebf6000 JavaThread "jar transforms Thread 118" [_thread_blocked, id=1920, stack(0x00000000281b0000,0x00000000282b0000)]
  0x000000001e2b5000 JavaThread "jar transforms Thread 117" [_thread_blocked, id=12680, stack(0x00000000280b0000,0x00000000281b0000)]
  0x000000001e2b3800 JavaThread "jar transforms Thread 116" [_thread_blocked, id=8164, stack(0x0000000027fb0000,0x00000000280b0000)]
  0x000000001e2b2800 JavaThread "jar transforms Thread 115" [_thread_blocked, id=12668, stack(0x0000000027eb0000,0x0000000027fb0000)]
  0x000000001e2b2000 JavaThread "jar transforms Thread 114" [_thread_blocked, id=8076, stack(0x0000000027db0000,0x0000000027eb0000)]
  0x000000001e2b1000 JavaThread "jar transforms Thread 113" [_thread_blocked, id=5740, stack(0x0000000027cb0000,0x0000000027db0000)]
  0x000000001e2b0800 JavaThread "jar transforms Thread 112" [_thread_blocked, id=2648, stack(0x0000000027bb0000,0x0000000027cb0000)]
  0x000000001e2b4000 JavaThread "jar transforms Thread 111" [_thread_blocked, id=10668, stack(0x0000000027ab0000,0x0000000027bb0000)]
  0x000000001e2a9000 JavaThread "jar transforms Thread 110" [_thread_blocked, id=7708, stack(0x00000000279b0000,0x0000000027ab0000)]
  0x000000001e2af800 JavaThread "jar transforms Thread 109" [_thread_blocked, id=14932, stack(0x00000000278b0000,0x00000000279b0000)]
  0x000000001e2a8000 JavaThread "jar transforms Thread 108" [_thread_blocked, id=144, stack(0x00000000277b0000,0x00000000278b0000)]
  0x000000001e2a9800 JavaThread "jar transforms Thread 107" [_thread_blocked, id=9252, stack(0x00000000276b0000,0x00000000277b0000)]
  0x000000001e2af000 JavaThread "jar transforms Thread 106" [_thread_blocked, id=15848, stack(0x00000000275b0000,0x00000000276b0000)]
  0x000000001e2a7800 JavaThread "jar transforms Thread 105" [_thread_blocked, id=12388, stack(0x00000000274b0000,0x00000000275b0000)]
  0x000000001e2ae000 JavaThread "jar transforms Thread 104" [_thread_blocked, id=14576, stack(0x00000000273b0000,0x00000000274b0000)]
  0x000000001e2a6800 JavaThread "jar transforms Thread 103" [_thread_blocked, id=7796, stack(0x00000000272b0000,0x00000000273b0000)]
  0x000000001e2ad800 JavaThread "jar transforms Thread 102" [_thread_blocked, id=9244, stack(0x00000000271b0000,0x00000000272b0000)]
  0x000000001e2ac800 JavaThread "jar transforms Thread 101" [_thread_blocked, id=10816, stack(0x00000000270b0000,0x00000000271b0000)]
  0x000000001e2a6000 JavaThread "jar transforms Thread 100" [_thread_blocked, id=32, stack(0x0000000026fb0000,0x00000000270b0000)]
  0x000000001e2ac000 JavaThread "jar transforms Thread 99" [_thread_blocked, id=9496, stack(0x0000000026eb0000,0x0000000026fb0000)]
  0x000000001e2ab000 JavaThread "jar transforms Thread 98" [_thread_blocked, id=15264, stack(0x0000000026db0000,0x0000000026eb0000)]
  0x000000001e2aa800 JavaThread "jar transforms Thread 97" [_thread_blocked, id=7364, stack(0x0000000026cb0000,0x0000000026db0000)]
  0x0000000019f7b800 JavaThread "jar transforms Thread 96" [_thread_blocked, id=13744, stack(0x0000000026bb0000,0x0000000026cb0000)]
  0x0000000019f76800 JavaThread "jar transforms Thread 95" [_thread_blocked, id=9824, stack(0x0000000026ab0000,0x0000000026bb0000)]
  0x0000000019f7b000 JavaThread "jar transforms Thread 94" [_thread_blocked, id=9880, stack(0x00000000269b0000,0x0000000026ab0000)]
  0x0000000019f7a000 JavaThread "jar transforms Thread 93" [_thread_blocked, id=7480, stack(0x00000000268b0000,0x00000000269b0000)]
  0x0000000019f78800 JavaThread "jar transforms Thread 92" [_thread_blocked, id=13720, stack(0x00000000267b0000,0x00000000268b0000)]
  0x0000000019f75800 JavaThread "jar transforms Thread 91" [_thread_blocked, id=3932, stack(0x00000000266b0000,0x00000000267b0000)]
  0x0000000019f79800 JavaThread "jar transforms Thread 90" [_thread_blocked, id=11904, stack(0x00000000265b0000,0x00000000266b0000)]
  0x0000000019f74000 JavaThread "jar transforms Thread 89" [_thread_blocked, id=13284, stack(0x00000000264b0000,0x00000000265b0000)]
  0x0000000019f78000 JavaThread "jar transforms Thread 88" [_thread_blocked, id=15508, stack(0x00000000263b0000,0x00000000264b0000)]
  0x0000000019f77000 JavaThread "jar transforms Thread 87" [_thread_blocked, id=8188, stack(0x00000000262b0000,0x00000000263b0000)]
  0x0000000019f72800 JavaThread "jar transforms Thread 86" [_thread_blocked, id=16244, stack(0x00000000261b0000,0x00000000262b0000)]
  0x0000000019f71000 JavaThread "jar transforms Thread 85" [_thread_blocked, id=14544, stack(0x00000000260b0000,0x00000000261b0000)]
  0x0000000019f74800 JavaThread "jar transforms Thread 84" [_thread_blocked, id=13956, stack(0x0000000025fb0000,0x00000000260b0000)]
  0x0000000019f6e000 JavaThread "jar transforms Thread 83" [_thread_blocked, id=468, stack(0x0000000025eb0000,0x0000000025fb0000)]
  0x0000000019f70000 JavaThread "jar transforms Thread 82" [_thread_blocked, id=14560, stack(0x0000000025db0000,0x0000000025eb0000)]
  0x0000000019f6c800 JavaThread "jar transforms Thread 81" [_thread_blocked, id=11468, stack(0x0000000025cb0000,0x0000000025db0000)]
  0x0000000019f73000 JavaThread "jar transforms Thread 80" [_thread_blocked, id=12756, stack(0x0000000025bb0000,0x0000000025cb0000)]
  0x0000000019f71800 JavaThread "jar transforms Thread 79" [_thread_blocked, id=3304, stack(0x0000000025ab0000,0x0000000025bb0000)]
  0x0000000019f6e800 JavaThread "jar transforms Thread 78" [_thread_blocked, id=11628, stack(0x00000000259b0000,0x0000000025ab0000)]
  0x0000000019f6f800 JavaThread "jar transforms Thread 77" [_thread_blocked, id=16284, stack(0x00000000258b0000,0x00000000259b0000)]
  0x0000000019f6d000 JavaThread "jar transforms Thread 76" [_thread_blocked, id=15664, stack(0x00000000257b0000,0x00000000258b0000)]
  0x000000001a3c4800 JavaThread "jar transforms Thread 75" [_thread_blocked, id=6868, stack(0x00000000256b0000,0x00000000257b0000)]
  0x000000001a3c3000 JavaThread "jar transforms Thread 74" [_thread_blocked, id=11824, stack(0x00000000255b0000,0x00000000256b0000)]
  0x000000001a3c2800 JavaThread "jar transforms Thread 73" [_thread_blocked, id=14464, stack(0x00000000254b0000,0x00000000255b0000)]
  0x000000001a3c4000 JavaThread "jar transforms Thread 72" [_thread_blocked, id=15028, stack(0x00000000253b0000,0x00000000254b0000)]
  0x000000001a3c1800 JavaThread "jar transforms Thread 71" [_thread_blocked, id=11432, stack(0x00000000252b0000,0x00000000253b0000)]
  0x000000001a3c1000 JavaThread "jar transforms Thread 70" [_thread_blocked, id=14996, stack(0x00000000251b0000,0x00000000252b0000)]
  0x000000001a3be800 JavaThread "jar transforms Thread 69" [_thread_blocked, id=13664, stack(0x00000000250b0000,0x00000000251b0000)]
  0x000000001a3c0000 JavaThread "jar transforms Thread 68" [_thread_blocked, id=8312, stack(0x0000000024fb0000,0x00000000250b0000)]
  0x000000001a3b8800 JavaThread "jar transforms Thread 67" [_thread_blocked, id=12604, stack(0x0000000024eb0000,0x0000000024fb0000)]
  0x000000001a3bd000 JavaThread "jar transforms Thread 66" [_thread_blocked, id=10656, stack(0x0000000024db0000,0x0000000024eb0000)]
  0x000000001a3bf000 JavaThread "jar transforms Thread 65" [_thread_blocked, id=15180, stack(0x0000000024cb0000,0x0000000024db0000)]
  0x000000001a3ba800 JavaThread "jar transforms Thread 64" [_thread_blocked, id=16088, stack(0x0000000024bb0000,0x0000000024cb0000)]
  0x000000001a3b7800 JavaThread "jar transforms Thread 63" [_thread_blocked, id=14656, stack(0x0000000024ab0000,0x0000000024bb0000)]
  0x000000001a3bc000 JavaThread "jar transforms Thread 62" [_thread_blocked, id=6300, stack(0x00000000249b0000,0x0000000024ab0000)]
  0x000000001a3bd800 JavaThread "jar transforms Thread 61" [_thread_blocked, id=15668, stack(0x00000000248b0000,0x00000000249b0000)]
  0x000000001a3b9000 JavaThread "jar transforms Thread 60" [_thread_blocked, id=15728, stack(0x00000000247b0000,0x00000000248b0000)]
  0x000000001a3bb800 JavaThread "jar transforms Thread 59" [_thread_blocked, id=9308, stack(0x00000000246b0000,0x00000000247b0000)]
  0x000000001a3ba000 JavaThread "jar transforms Thread 58" [_thread_blocked, id=11228, stack(0x00000000245b0000,0x00000000246b0000)]
  0x000000001a3b5800 JavaThread "jar transforms Thread 57" [_thread_blocked, id=12180, stack(0x00000000244b0000,0x00000000245b0000)]
  0x000000001a3b7000 JavaThread "jar transforms Thread 56" [_thread_blocked, id=15392, stack(0x00000000243b0000,0x00000000244b0000)]
  0x000000001a3b6000 JavaThread "jar transforms Thread 55" [_thread_blocked, id=15736, stack(0x00000000242b0000,0x00000000243b0000)]
  0x000000001dc61800 JavaThread "jar transforms Thread 54" [_thread_blocked, id=352, stack(0x00000000241b0000,0x00000000242b0000)]
  0x000000001dc5a000 JavaThread "jar transforms Thread 53" [_thread_blocked, id=11128, stack(0x00000000240b0000,0x00000000241b0000)]
  0x000000001dc5d000 JavaThread "jar transforms Thread 52" [_thread_blocked, id=13760, stack(0x0000000023fb0000,0x00000000240b0000)]
  0x000000001dc60800 JavaThread "jar transforms Thread 51" [_thread_blocked, id=236, stack(0x0000000023eb0000,0x0000000023fb0000)]
  0x000000001dc59000 JavaThread "jar transforms Thread 50" [_thread_blocked, id=12840, stack(0x0000000023db0000,0x0000000023eb0000)]
  0x000000001dc60000 JavaThread "jar transforms Thread 49" [_thread_blocked, id=10296, stack(0x0000000023cb0000,0x0000000023db0000)]
  0x000000001dc5b800 JavaThread "jar transforms Thread 48" [_thread_blocked, id=13352, stack(0x0000000023bb0000,0x0000000023cb0000)]
  0x000000001dc5c000 JavaThread "jar transforms Thread 47" [_thread_blocked, id=12616, stack(0x0000000023ab0000,0x0000000023bb0000)]
  0x000000001dc5a800 JavaThread "jar transforms Thread 46" [_thread_blocked, id=9316, stack(0x00000000239b0000,0x0000000023ab0000)]
  0x000000001dc58800 JavaThread "jar transforms Thread 45" [_thread_blocked, id=9416, stack(0x00000000238b0000,0x00000000239b0000)]
  0x000000001dc5f000 JavaThread "jar transforms Thread 44" [_thread_blocked, id=11644, stack(0x00000000237b0000,0x00000000238b0000)]
  0x000000001dc57800 JavaThread "jar transforms Thread 43" [_thread_blocked, id=13896, stack(0x00000000236b0000,0x00000000237b0000)]
  0x000000001dc5e800 JavaThread "jar transforms Thread 42" [_thread_blocked, id=10376, stack(0x00000000235b0000,0x00000000236b0000)]
  0x000000001dc5d800 JavaThread "jar transforms Thread 41" [_thread_blocked, id=11232, stack(0x00000000234b0000,0x00000000235b0000)]
  0x000000001dc53000 JavaThread "jar transforms Thread 40" [_thread_blocked, id=1116, stack(0x00000000233b0000,0x00000000234b0000)]
  0x000000001dc54800 JavaThread "jar transforms Thread 39" [_thread_blocked, id=11224, stack(0x00000000232b0000,0x00000000233b0000)]
  0x000000001dc55000 JavaThread "jar transforms Thread 38" [_thread_blocked, id=14164, stack(0x00000000231b0000,0x00000000232b0000)]
  0x000000001dc53800 JavaThread "jar transforms Thread 37" [_thread_blocked, id=10444, stack(0x00000000230b0000,0x00000000231b0000)]
  0x000000001dc56000 JavaThread "jar transforms Thread 36" [_thread_blocked, id=16320, stack(0x0000000022fb0000,0x00000000230b0000)]
  0x000000001dc52000 JavaThread "jar transforms Thread 35" [_thread_blocked, id=5280, stack(0x0000000022eb0000,0x0000000022fb0000)]
  0x000000001dc56800 JavaThread "jar transforms Thread 34" [_thread_blocked, id=8404, stack(0x0000000022db0000,0x0000000022eb0000)]
  0x000000001c001800 JavaThread "jar transforms Thread 33" [_thread_blocked, id=3720, stack(0x0000000022cb0000,0x0000000022db0000)]
  0x000000001c000000 JavaThread "jar transforms Thread 32" [_thread_blocked, id=2372, stack(0x0000000022bb0000,0x0000000022cb0000)]
  0x000000001c001000 JavaThread "jar transforms Thread 31" [_thread_blocked, id=15804, stack(0x0000000022ab0000,0x0000000022bb0000)]
  0x000000001bffd000 JavaThread "jar transforms Thread 30" [_thread_blocked, id=12516, stack(0x00000000229b0000,0x0000000022ab0000)]
  0x000000001bffe800 JavaThread "jar transforms Thread 29" [_thread_blocked, id=14356, stack(0x00000000228b0000,0x00000000229b0000)]
  0x000000001bffc800 JavaThread "jar transforms Thread 28" [_thread_blocked, id=3128, stack(0x00000000227b0000,0x00000000228b0000)]
  0x000000001bffe000 JavaThread "jar transforms Thread 27" [_thread_blocked, id=15352, stack(0x00000000226b0000,0x00000000227b0000)]
  0x000000001bfff800 JavaThread "jar transforms Thread 26" [_thread_blocked, id=10184, stack(0x00000000225b0000,0x00000000226b0000)]
  0x000000001bff5000 JavaThread "jar transforms Thread 25" [_thread_blocked, id=1740, stack(0x00000000224b0000,0x00000000225b0000)]
  0x000000001bff9800 JavaThread "jar transforms Thread 24" [_thread_blocked, id=9544, stack(0x00000000223b0000,0x00000000224b0000)]
  0x000000001bffb800 JavaThread "jar transforms Thread 23" [_thread_blocked, id=16200, stack(0x00000000222b0000,0x00000000223b0000)]
  0x000000001bff8800 JavaThread "jar transforms Thread 22" [_thread_blocked, id=13920, stack(0x00000000221b0000,0x00000000222b0000)]
  0x000000001bff8000 JavaThread "jar transforms Thread 21" [_thread_blocked, id=4988, stack(0x00000000220b0000,0x00000000221b0000)]
  0x000000001bffb000 JavaThread "jar transforms Thread 20" [_thread_blocked, id=16224, stack(0x0000000021fb0000,0x00000000220b0000)]
  0x000000001bff5800 JavaThread "jar transforms Thread 19" [_thread_blocked, id=11560, stack(0x0000000021eb0000,0x0000000021fb0000)]
  0x000000001bffa000 JavaThread "jar transforms Thread 18" [_thread_blocked, id=14120, stack(0x0000000021db0000,0x0000000021eb0000)]
  0x000000001bff7000 JavaThread "jar transforms Thread 17" [_thread_blocked, id=3376, stack(0x0000000021cb0000,0x0000000021db0000)]
  0x000000001bff2800 JavaThread "jar transforms Thread 16" [_thread_blocked, id=12628, stack(0x0000000021bb0000,0x0000000021cb0000)]
  0x000000001bff4000 JavaThread "jar transforms Thread 15" [_thread_blocked, id=14852, stack(0x0000000021ab0000,0x0000000021bb0000)]
  0x000000001bff3800 JavaThread "jar transforms Thread 14" [_thread_blocked, id=10212, stack(0x00000000219b0000,0x0000000021ab0000)]
  0x000000001bff6800 JavaThread "jar transforms Thread 13" [_thread_blocked, id=13328, stack(0x00000000218b0000,0x00000000219b0000)]
  0x0000000017e11800 JavaThread "jar transforms Thread 12" [_thread_blocked, id=8260, stack(0x00000000217b0000,0x00000000218b0000)]
  0x0000000017e0e000 JavaThread "jar transforms Thread 11" [_thread_blocked, id=4432, stack(0x00000000216b0000,0x00000000217b0000)]
  0x0000000017e13000 JavaThread "jar transforms Thread 10" [_thread_blocked, id=9104, stack(0x00000000215b0000,0x00000000216b0000)]
  0x0000000017e0d800 JavaThread "jar transforms Thread 9" [_thread_blocked, id=1068, stack(0x00000000214b0000,0x00000000215b0000)]
  0x0000000017e10800 JavaThread "jar transforms Thread 8" [_thread_blocked, id=11620, stack(0x00000000213b0000,0x00000000214b0000)]
  0x0000000017e0f800 JavaThread "jar transforms Thread 7" [_thread_blocked, id=15408, stack(0x00000000212b0000,0x00000000213b0000)]
  0x0000000017e0f000 JavaThread "jar transforms Thread 6" [_thread_blocked, id=9588, stack(0x00000000211b0000,0x00000000212b0000)]
  0x0000000017e12000 JavaThread "jar transforms Thread 5" [_thread_blocked, id=11240, stack(0x00000000210b0000,0x00000000211b0000)]
  0x0000000017e14800 JavaThread "jar transforms Thread 4" [_thread_blocked, id=9328, stack(0x0000000020fb0000,0x00000000210b0000)]
  0x0000000017e0c800 JavaThread "jar transforms Thread 3" [_thread_blocked, id=13340, stack(0x0000000020eb0000,0x0000000020fb0000)]
  0x0000000017e13800 JavaThread "jar transforms Thread 2" [_thread_blocked, id=14512, stack(0x0000000020db0000,0x0000000020eb0000)]
  0x0000000017e05000 JavaThread "Build operations Thread 4" [_thread_blocked, id=6732, stack(0x0000000020cb0000,0x0000000020db0000)]
  0x0000000017e0a800 JavaThread "Build operations Thread 3" [_thread_blocked, id=9512, stack(0x0000000020bb0000,0x0000000020cb0000)]
  0x0000000017e09000 JavaThread "Build operations Thread 2" [_thread_blocked, id=14400, stack(0x0000000020ab0000,0x0000000020bb0000)]
  0x0000000017e06000 JavaThread "Build operations" [_thread_blocked, id=4704, stack(0x00000000209b0000,0x0000000020ab0000)]
  0x0000000015ead000 JavaThread "Cache worker for file content cache (C:\Users\alexo\.gradle\caches\6.5\fileContent)" [_thread_blocked, id=11632, stack(0x00000000202b0000,0x00000000203b0000)]
  0x0000000015eb3800 JavaThread "jar transforms" [_thread_blocked, id=15164, stack(0x000000001fae0000,0x000000001fbe0000)]
  0x0000000015eb3000 JavaThread "Cache worker for execution history cache (C:\Users\alexo\.gradle\caches\6.5\executionHistory)" [_thread_blocked, id=5816, stack(0x000000001e7f0000,0x000000001e8f0000)]
  0x0000000015eaf000 JavaThread "Cache worker for cache directory md-rule (C:\Users\alexo\.gradle\caches\6.5\md-rule)" [_thread_blocked, id=1784, stack(0x000000001e6f0000,0x000000001e7f0000)]
  0x0000000015ead800 JavaThread "Cache worker for cache directory md-supplier (C:\Users\alexo\.gradle\caches\6.5\md-supplier)" [_thread_blocked, id=7148, stack(0x000000001e5f0000,0x000000001e6f0000)]
  0x0000000015eb1800 JavaThread "Cache worker for checksums cache (E:\Univer\Doc_diplom\RunningAppYT-DrawingPolylinesOnOurMap\.gradle\checksums)" [_thread_blocked, id=2500, stack(0x000000001e4f0000,0x000000001e5f0000)]
  0x0000000015eb0800 JavaThread "Cache worker for file hash cache (E:\Univer\Doc_diplom\RunningAppYT-DrawingPolylinesOnOurMap\.gradle\6.5\fileHashes)" [_thread_blocked, id=7524, stack(0x000000001cff0000,0x000000001d0f0000)]
  0x0000000015eb0000 JavaThread "Cache worker for file hash cache (C:\Users\alexo\.gradle\caches\6.5\fileHashes)" [_thread_blocked, id=16068, stack(0x000000001cef0000,0x000000001cff0000)]
  0x0000000015eb2000 JavaThread "File lock request listener" [_thread_in_native, id=13316, stack(0x000000001be20000,0x000000001bf20000)]
  0x0000000017976800 JavaThread "Cache worker for journal cache (C:\Users\alexo\.gradle\caches\journal-1)" [_thread_blocked, id=12772, stack(0x000000001bc20000,0x000000001bd20000)]
  0x0000000018bcc800 JavaThread "Thread-9" [_thread_blocked, id=6244, stack(0x000000001b920000,0x000000001ba20000)]
  0x000000001993d800 JavaThread "Stdin handler" [_thread_blocked, id=7540, stack(0x000000001b820000,0x000000001b920000)]
  0x0000000019add000 JavaThread "Asynchronous log dispatcher for DefaultDaemonConnection: socket connection from /127.0.0.1:59063 to /127.0.0.1:59064" [_thread_blocked, id=2452, stack(0x000000001b720000,0x000000001b820000)]
  0x0000000019adc800 JavaThread "Daemon worker" [_thread_in_Java, id=15008, stack(0x000000001b620000,0x000000001b720000)]
  0x0000000019957000 JavaThread "Cancel handler" [_thread_blocked, id=10080, stack(0x000000001b520000,0x000000001b620000)]
  0x0000000019acf800 JavaThread "Handler for socket connection from /127.0.0.1:59063 to /127.0.0.1:59064" [_thread_in_native, id=2092, stack(0x000000001b420000,0x000000001b520000)]
  0x0000000019aa9800 JavaThread "Daemon" [_thread_blocked, id=7732, stack(0x000000001b320000,0x000000001b420000)]
  0x0000000019a40800 JavaThread "Daemon periodic checks" [_thread_blocked, id=9712, stack(0x000000001b020000,0x000000001b120000)]
  0x0000000019a40000 JavaThread "Incoming local TCP Connector on port 59063" [_thread_in_native, id=7664, stack(0x000000001add0000,0x000000001aed0000)]
  0x0000000019970000 JavaThread "Daemon health stats" [_thread_blocked, id=7932, stack(0x000000001a790000,0x000000001a890000)]
  0x0000000017838000 JavaThread "Service Thread" daemon [_thread_blocked, id=12188, stack(0x0000000017bf0000,0x0000000017cf0000)]
  0x0000000015eae800 JavaThread "C1 CompilerThread2" daemon [_thread_in_native, id=16076, stack(0x00000000176f0000,0x00000000177f0000)]
=>0x0000000015e9c800 JavaThread "C2 CompilerThread1" daemon [_thread_in_native, id=6852, stack(0x00000000175f0000,0x00000000176f0000)]
  0x0000000015e97000 JavaThread "C2 CompilerThread0" daemon [_thread_in_native, id=3812, stack(0x00000000174f0000,0x00000000175f0000)]
  0x0000000015e95000 JavaThread "Attach Listener" daemon [_thread_blocked, id=8360, stack(0x00000000173f0000,0x00000000174f0000)]
  0x0000000015e93800 JavaThread "Signal Dispatcher" daemon [_thread_blocked, id=14488, stack(0x00000000172f0000,0x00000000173f0000)]
  0x000000000251b000 JavaThread "Finalizer" daemon [_thread_blocked, id=15968, stack(0x00000000170e0000,0x00000000171e0000)]
  0x0000000015e79000 JavaThread "Reference Handler" daemon [_thread_blocked, id=6948, stack(0x0000000016fe0000,0x00000000170e0000)]
  0x000000000231e000 JavaThread "main" [_thread_blocked, id=13872, stack(0x0000000002320000,0x0000000002420000)]

Other Threads:
  0x0000000015e56800 VMThread [stack: 0x0000000016ee0000,0x0000000016fe0000] [id=14892]
  0x0000000015eeb800 WatcherThread [stack: 0x0000000017cf0000,0x0000000017df0000] [id=16036]

VM state:not at safepoint (normal execution)

VM Mutex/Monitor currently owned by a thread: None

heap address: 0x00000000a0000000, size: 1536 MB, Compressed Oops mode: 32-bit
Narrow klass base: 0x0000000000000000, Narrow klass shift: 3
Compressed class space size: 1073741824 Address: 0x0000000100000000

Heap:
 PSYoungGen      total 256512K, used 26912K [0x00000000e0000000, 0x00000000f2a80000, 0x0000000100000000)
  eden space 238080K, 11% used [0x00000000e0000000,0x00000000e1a48360,0x00000000ee880000)
  from space 18432K, 0% used [0x00000000efb80000,0x00000000efb80000,0x00000000f0d80000)
  to   space 19456K, 0% used [0x00000000ee880000,0x00000000ee880000,0x00000000efb80000)
 ParOldGen       total 192000K, used 34718K [0x00000000a0000000, 0x00000000abb80000, 0x00000000e0000000)
  object space 192000K, 18% used [0x00000000a0000000,0x00000000a21e7818,0x00000000abb80000)
 Metaspace       used 58324K, capacity 60636K, committed 60952K, reserved 1101824K
  class space    used 7907K, capacity 8414K, committed 8472K, reserved 1048576K

Card table byte_map: [0x00000000118e0000,0x0000000011bf0000] byte_map_base: 0x00000000113e0000

Marking Bits: (ParMarkBitMap*) 0x0000000059f7f030
 Begin Bits: [0x00000000121f0000, 0x00000000139f0000)
 End Bits:   [0x00000000139f0000, 0x00000000151f0000)

Polling page: 0x0000000000a40000

CodeCache: size=245760Kb used=17014Kb max_used=17014Kb free=228745Kb
 bounds [0x0000000002520000, 0x00000000035d0000, 0x0000000011520000]
 total_blobs=5882 nmethods=5112 adapters=682
 compilation: enabled

Compilation events (10 events):
Event: 18.628 Thread 0x0000000015eae800 nmethod 5534 0x00000000035b2990 code [0x00000000035b2b40, 0x00000000035b3088]
Event: 18.628 Thread 0x0000000015eae800 5535       3       org.gradle.internal.ImmutableActionSet::plus (25 bytes)
Event: 18.628 Thread 0x0000000015eae800 nmethod 5535 0x00000000035b3310 code [0x00000000035b34e0, 0x00000000035b3ba8]
Event: 18.632 Thread 0x0000000015eae800 5536       3       com.sun.org.apache.xerces.internal.util.FeatureState::<init> (15 bytes)
Event: 18.632 Thread 0x0000000015eae800 nmethod 5536 0x00000000035b3f10 code [0x00000000035b4060, 0x00000000035b4230]
Event: 18.632 Thread 0x0000000015eae800 5537       3       com.sun.org.apache.xerces.internal.parsers.XIncludeAwareParserConfiguration::getFeatureState (40 bytes)
Event: 18.633 Thread 0x0000000015eae800 nmethod 5537 0x00000000035b42d0 code [0x00000000035b44a0, 0x00000000035b4be8]
Event: 18.633 Thread 0x0000000015eae800 5538       3       com.sun.org.apache.xerces.internal.util.FeatureState::is (12 bytes)
Event: 18.633 Thread 0x0000000015eae800 nmethod 5538 0x00000000035b4ed0 code [0x00000000035b5040, 0x00000000035b52b0]
Event: 18.634 Thread 0x0000000015eae800 5540       3       com.sun.org.apache.xerces.internal.impl.XMLEntityScanner::scanContent (690 bytes)

GC Heap History (10 events):
Event: 10.587 GC heap before
{Heap before GC invocations=9 (full 2):
 PSYoungGen      total 123904K, used 8620K [0x00000000e0000000, 0x00000000eda80000, 0x0000000100000000)
  eden space 111616K, 0% used [0x00000000e0000000,0x00000000e0000000,0x00000000e6d00000)
  from space 12288K, 70% used [0x00000000e6d00000,0x00000000e756b3e0,0x00000000e7900000)
  to   space 11776K, 0% used [0x00000000ecf00000,0x00000000ecf00000,0x00000000eda80000)
 ParOldGen       total 90624K, used 7063K [0x00000000a0000000, 0x00000000a5880000, 0x00000000e0000000)
  object space 90624K, 7% used [0x00000000a0000000,0x00000000a06e5f30,0x00000000a5880000)
 Metaspace       used 34268K, capacity 35424K, committed 35496K, reserved 1079296K
  class space    used 4714K, capacity 5005K, committed 5032K, reserved 1048576K
Event: 10.684 GC heap after
Heap after GC invocations=9 (full 2):
 PSYoungGen      total 123904K, used 0K [0x00000000e0000000, 0x00000000eda80000, 0x0000000100000000)
  eden space 111616K, 0% used [0x00000000e0000000,0x00000000e0000000,0x00000000e6d00000)
  from space 12288K, 0% used [0x00000000e6d00000,0x00000000e6d00000,0x00000000e7900000)
  to   space 11776K, 0% used [0x00000000ecf00000,0x00000000ecf00000,0x00000000eda80000)
 ParOldGen       total 129024K, used 15046K [0x00000000a0000000, 0x00000000a7e00000, 0x00000000e0000000)
  object space 129024K, 11% used [0x00000000a0000000,0x00000000a0eb1818,0x00000000a7e00000)
 Metaspace       used 34268K, capacity 35424K, committed 35496K, reserved 1079296K
  class space    used 4714K, capacity 5005K, committed 5032K, reserved 1048576K
}
Event: 12.214 GC heap before
{Heap before GC invocations=10 (full 2):
 PSYoungGen      total 123904K, used 111616K [0x00000000e0000000, 0x00000000eda80000, 0x0000000100000000)
  eden space 111616K, 100% used [0x00000000e0000000,0x00000000e6d00000,0x00000000e6d00000)
  from space 12288K, 0% used [0x00000000e6d00000,0x00000000e6d00000,0x00000000e7900000)
  to   space 11776K, 0% used [0x00000000ecf00000,0x00000000ecf00000,0x00000000eda80000)
 ParOldGen       total 129024K, used 15046K [0x00000000a0000000, 0x00000000a7e00000, 0x00000000e0000000)
  object space 129024K, 11% used [0x00000000a0000000,0x00000000a0eb1818,0x00000000a7e00000)
 Metaspace       used 36865K, capacity 38422K, committed 38440K, reserved 1083392K
  class space    used 5058K, capacity 5402K, committed 5416K, reserved 1048576K
Event: 12.231 GC heap after
Heap after GC invocations=10 (full 2):
 PSYoungGen      total 185856K, used 7823K [0x00000000e0000000, 0x00000000ed700000, 0x0000000100000000)
  eden space 177664K, 0% used [0x00000000e0000000,0x00000000e0000000,0x00000000ead80000)
  from space 8192K, 95% used [0x00000000ecf00000,0x00000000ed6a3e90,0x00000000ed700000)
  to   space 11264K, 0% used [0x00000000ec100000,0x00000000ec100000,0x00000000ecc00000)
 ParOldGen       total 129024K, used 15054K [0x00000000a0000000, 0x00000000a7e00000, 0x00000000e0000000)
  object space 129024K, 11% used [0x00000000a0000000,0x00000000a0eb3818,0x00000000a7e00000)
 Metaspace       used 36865K, capacity 38422K, committed 38440K, reserved 1083392K
  class space    used 5058K, capacity 5402K, committed 5416K, reserved 1048576K
}
Event: 16.202 GC heap before
{Heap before GC invocations=11 (full 2):
 PSYoungGen      total 185856K, used 185487K [0x00000000e0000000, 0x00000000ed700000, 0x0000000100000000)
  eden space 177664K, 100% used [0x00000000e0000000,0x00000000ead80000,0x00000000ead80000)
  from space 8192K, 95% used [0x00000000ecf00000,0x00000000ed6a3e90,0x00000000ed700000)
  to   space 11264K, 0% used [0x00000000ec100000,0x00000000ec100000,0x00000000ecc00000)
 ParOldGen       total 129024K, used 15054K [0x00000000a0000000, 0x00000000a7e00000, 0x00000000e0000000)
  object space 129024K, 11% used [0x00000000a0000000,0x00000000a0eb3818,0x00000000a7e00000)
 Metaspace       used 52843K, capacity 54818K, committed 55208K, reserved 1097728K
  class space    used 7016K, capacity 7473K, committed 7592K, reserved 1048576K
Event: 16.281 GC heap after
Heap after GC invocations=11 (full 2):
 PSYoungGen      total 208896K, used 11260K [0x00000000e0000000, 0x00000000f0d80000, 0x0000000100000000)
  eden space 197632K, 0% used [0x00000000e0000000,0x00000000e0000000,0x00000000ec100000)
  from space 11264K, 99% used [0x00000000ec100000,0x00000000ecbff340,0x00000000ecc00000)
  to   space 18432K, 0% used [0x00000000efb80000,0x00000000efb80000,0x00000000f0d80000)
 ParOldGen       total 129024K, used 30765K [0x00000000a0000000, 0x00000000a7e00000, 0x00000000e0000000)
  object space 129024K, 23% used [0x00000000a0000000,0x00000000a1e0b658,0x00000000a7e00000)
 Metaspace       used 52843K, capacity 54818K, committed 55208K, reserved 1097728K
  class space    used 7016K, capacity 7473K, committed 7592K, reserved 1048576K
}
Event: 17.612 GC heap before
{Heap before GC invocations=12 (full 2):
 PSYoungGen      total 208896K, used 65883K [0x00000000e0000000, 0x00000000f0d80000, 0x0000000100000000)
  eden space 197632K, 27% used [0x00000000e0000000,0x00000000e35579d8,0x00000000ec100000)
  from space 11264K, 99% used [0x00000000ec100000,0x00000000ecbff340,0x00000000ecc00000)
  to   space 18432K, 0% used [0x00000000efb80000,0x00000000efb80000,0x00000000f0d80000)
 ParOldGen       total 129024K, used 30765K [0x00000000a0000000, 0x00000000a7e00000, 0x00000000e0000000)
  object space 129024K, 23% used [0x00000000a0000000,0x00000000a1e0b658,0x00000000a7e00000)
 Metaspace       used 56874K, capacity 59066K, committed 59160K, reserved 1099776K
  class space    used 7682K, capacity 8177K, committed 8216K, reserved 1048576K
Event: 17.652 GC heap after
Heap after GC invocations=12 (full 2):
 PSYoungGen      total 256512K, used 14911K [0x00000000e0000000, 0x00000000f2a80000, 0x0000000100000000)
  eden space 238080K, 0% used [0x00000000e0000000,0x00000000e0000000,0x00000000ee880000)
  from space 18432K, 80% used [0x00000000efb80000,0x00000000f0a0fed8,0x00000000f0d80000)
  to   space 19456K, 0% used [0x00000000ee880000,0x00000000ee880000,0x00000000efb80000)
 ParOldGen       total 129024K, used 33685K [0x00000000a0000000, 0x00000000a7e00000, 0x00000000e0000000)
  object space 129024K, 26% used [0x00000000a0000000,0x00000000a20e5708,0x00000000a7e00000)
 Metaspace       used 56874K, capacity 59066K, committed 59160K, reserved 1099776K
  class space    used 7682K, capacity 8177K, committed 8216K, reserved 1048576K
}
Event: 17.652 GC heap before
{Heap before GC invocations=13 (full 3):
 PSYoungGen      total 256512K, used 14911K [0x00000000e0000000, 0x00000000f2a80000, 0x0000000100000000)
  eden space 238080K, 0% used [0x00000000e0000000,0x00000000e0000000,0x00000000ee880000)
  from space 18432K, 80% used [0x00000000efb80000,0x00000000f0a0fed8,0x00000000f0d80000)
  to   space 19456K, 0% used [0x00000000ee880000,0x00000000ee880000,0x00000000efb80000)
 ParOldGen       total 129024K, used 33685K [0x00000000a0000000, 0x00000000a7e00000, 0x00000000e0000000)
  object space 129024K, 26% used [0x00000000a0000000,0x00000000a20e5708,0x00000000a7e00000)
 Metaspace       used 56874K, capacity 59066K, committed 59160K, reserved 1099776K
  class space    used 7682K, capacity 8177K, committed 8216K, reserved 1048576K
Event: 18.053 GC heap after
Heap after GC invocations=13 (full 3):
 PSYoungGen      total 256512K, used 0K [0x00000000e0000000, 0x00000000f2a80000, 0x0000000100000000)
  eden space 238080K, 0% used [0x00000000e0000000,0x00000000e0000000,0x00000000ee880000)
  from space 18432K, 0% used [0x00000000efb80000,0x00000000efb80000,0x00000000f0d80000)
  to   space 19456K, 0% used [0x00000000ee880000,0x00000000ee880000,0x00000000efb80000)
 ParOldGen       total 192000K, used 34718K [0x00000000a0000000, 0x00000000abb80000, 0x00000000e0000000)
  object space 192000K, 18% used [0x00000000a0000000,0x00000000a21e7818,0x00000000abb80000)
 Metaspace       used 56861K, capacity 59024K, committed 59160K, reserved 1099776K
  class space    used 7678K, capacity 8170K, committed 8216K, reserved 1048576K
}

Deoptimization events (10 events):
Event: 16.905 Thread 0x0000000019adc800 Uncommon trap: reason=null_check action=make_not_entrant pc=0x000000000323bbac method=java.lang.ThreadLocal$ThreadLocalMap.getEntryAfterMiss(Ljava/lang/ThreadLocal;ILjava/lang/ThreadLocal$ThreadLocalMap$Entry;)Ljava/lang/ThreadLocal$ThreadLocalMap$Entry; 
Event: 17.504 Thread 0x0000000019adc800 Uncommon trap: reason=unstable_if action=reinterpret pc=0x00000000033bbb8c method=java.security.CodeSource.hashCode()I @ 4
Event: 18.413 Thread 0x0000000019adc800 Uncommon trap: reason=class_check action=maybe_recompile pc=0x0000000002b26240 method=java.lang.Throwable.<init>(Ljava/lang/String;Ljava/lang/Throwable;)V @ 24
Event: 18.416 Thread 0x0000000019adc800 Uncommon trap: reason=unstable_if action=reinterpret pc=0x00000000029c9878 method=org.gradle.internal.logging.text.AbstractLineChoppingStyledTextOutput$2.execute(Lorg/gradle/internal/logging/text/AbstractLineChoppingStyledTextOutput$StateContext;)V @ 30
Event: 18.416 Thread 0x0000000019adc800 Uncommon trap: reason=unstable_if action=reinterpret pc=0x0000000002971984 method=org.gradle.internal.logging.text.AbstractLineChoppingStyledTextOutput$2.execute(Lorg/gradle/internal/logging/text/AbstractLineChoppingStyledTextOutput$StateContext;)V @ 30
Event: 18.492 Thread 0x0000000019adc800 Uncommon trap: reason=class_check action=maybe_recompile pc=0x000000000359083c method=org.gradle.api.internal.provider.Collectors$TypedCollector.size()I @ 4
Event: 18.492 Thread 0x0000000019adc800 Uncommon trap: reason=class_check action=maybe_recompile pc=0x000000000359083c method=org.gradle.api.internal.provider.Collectors$TypedCollector.size()I @ 4
Event: 18.530 Thread 0x0000000019adc800 Uncommon trap: reason=class_check action=maybe_recompile pc=0x000000000359083c method=org.gradle.api.internal.provider.Collectors$TypedCollector.size()I @ 4
Event: 18.530 Thread 0x0000000019adc800 Uncommon trap: reason=class_check action=maybe_recompile pc=0x000000000359083c method=org.gradle.api.internal.provider.Collectors$TypedCollector.size()I @ 4
Event: 18.612 Thread 0x0000000019adc800 Uncommon trap: reason=unstable_if action=reinterpret pc=0x0000000002b250e8 method=java.lang.String.regionMatches(ZILjava/lang/String;II)Z @ 58

Classes redefined (0 events):
No events

Internal exceptions (10 events):
Event: 18.262 Thread 0x0000000019adc800 Exception <a 'java/lang/ClassNotFoundException': com/android/build/gradle/internal/api/ApkVariantOutputImpl_DecoratedBeanInfo> (0x00000000e08ffe58) thrown at [C:\src\AOSP-openjdk-git\hotspot\src\share\vm\classfile\systemDictionary.cpp, line 210]
Event: 18.263 Thread 0x0000000019adc800 Exception <a 'java/lang/ClassNotFoundException': com/android/build/gradle/internal/api/ApkVariantOutputImplBeanInfo> (0x00000000e0920aa8) thrown at [C:\src\AOSP-openjdk-git\hotspot\src\share\vm\classfile\systemDictionary.cpp, line 210]
Event: 18.264 Thread 0x0000000019adc800 Exception <a 'java/lang/ClassNotFoundException': com/android/build/gradle/internal/api/BaseVariantOutputImplBeanInfo> (0x00000000e0942be8) thrown at [C:\src\AOSP-openjdk-git\hotspot\src\share\vm\classfile\systemDictionary.cpp, line 210]
Event: 18.265 Thread 0x0000000019adc800 Exception <a 'java/lang/ClassNotFoundException': com/android/build/gradle/internal/api/BaseVariantOutputImplCustomizer> (0x00000000e0965380) thrown at [C:\src\AOSP-openjdk-git\hotspot\src\share\vm\classfile\systemDictionary.cpp, line 210]
Event: 18.267 Thread 0x0000000019adc800 Exception <a 'java/lang/ClassNotFoundException': com/android/build/gradle/internal/api/ApkVariantOutputImplCustomizer> (0x00000000e09a1830) thrown at [C:\src\AOSP-openjdk-git\hotspot\src\share\vm\classfile\systemDictionary.cpp, line 210]
Event: 18.269 Thread 0x0000000019adc800 Exception <a 'java/lang/ClassNotFoundException': com/android/build/gradle/internal/api/ApkVariantOutputImpl_DecoratedCustomizer> (0x00000000e09d99a0) thrown at [C:\src\AOSP-openjdk-git\hotspot\src\share\vm\classfile\systemDictionary.cpp, line 210]
Event: 18.312 Thread 0x0000000019adc800 Exception <a 'java/lang/ClassNotFoundException': com/android/build/gradle/internal/api/ReadOnlyBuildTypeBeanInfo> (0x00000000e0b6b268) thrown at [C:\src\AOSP-openjdk-git\hotspot\src\share\vm\classfile\systemDictionary.cpp, line 210]
Event: 18.313 Thread 0x0000000019adc800 Exception <a 'java/lang/ClassNotFoundException': com/android/build/gradle/internal/api/ReadOnlyBaseConfigBeanInfo> (0x00000000e0b8c9f8) thrown at [C:\src\AOSP-openjdk-git\hotspot\src\share\vm\classfile\systemDictionary.cpp, line 210]
Event: 18.314 Thread 0x0000000019adc800 Exception <a 'java/lang/ClassNotFoundException': com/android/build/gradle/internal/api/ReadOnlyBaseConfigCustomizer> (0x00000000e0badf40) thrown at [C:\src\AOSP-openjdk-git\hotspot\src\share\vm\classfile\systemDictionary.cpp, line 210]
Event: 18.315 Thread 0x0000000019adc800 Exception <a 'java/lang/ClassNotFoundException': com/android/build/gradle/internal/api/ReadOnlyBuildTypeCustomizer> (0x00000000e0c06288) thrown at [C:\src\AOSP-openjdk-git\hotspot\src\share\vm\classfile\systemDictionary.cpp, line 210]

Events (10 events):
Event: 18.594 loading class org/jetbrains/kotlin/gradle/internal/Kapt3GradleSubplugin$applyToCompilation$4 done
Event: 18.609 loading class org/jetbrains/kotlin/gradle/plugin/mpp/internal/KotlinCompilationsModuleGroups
Event: 18.609 loading class org/jetbrains/kotlin/gradle/plugin/mpp/internal/KotlinCompilationsModuleGroups done
Event: 18.611 loading class org/jetbrains/kotlin/gradle/plugin/mpp/internal/KotlinCompilationsModuleGroups$Companion
Event: 18.611 loading class org/jetbrains/kotlin/gradle/plugin/mpp/internal/KotlinCompilationsModuleGroups$Companion done
Event: 18.612 Thread 0x0000000019adc800 Uncommon trap: trap_request=0xffffff65 fr.pc=0x0000000002b250e8
Event: 18.612 Thread 0x0000000019adc800 DEOPT PACKING pc=0x0000000002b250e8 sp=0x000000001b71a260
Event: 18.612 Thread 0x0000000019adc800 DEOPT UNPACKING pc=0x000000000256557b sp=0x000000001b71a1e8 mode 2
Event: 18.614 loading class com/android/build/api/component/impl/ComponentPropertiesImpl$getJavaClasspathArtifacts$1$testedAllClasses$1
Event: 18.614 loading class com/android/build/api/component/impl/ComponentPropertiesImpl$getJavaClasspathArtifacts$1$testedAllClasses$1 done


Dynamic libraries:
0x00007ff7f5bf0000 - 0x00007ff7f5c21000 	E:\Programs\Astudio\jre\bin\java.exe
0x00007ff924c10000 - 0x00007ff924e05000 	C:\WINDOWS\SYSTEM32\ntdll.dll
0x00007ff922d50000 - 0x00007ff922e0d000 	C:\WINDOWS\System32\KERNEL32.DLL
0x00007ff9223b0000 - 0x00007ff922679000 	C:\WINDOWS\System32\KERNELBASE.dll
0x00007ff923720000 - 0x00007ff9237cc000 	C:\WINDOWS\System32\ADVAPI32.dll
0x00007ff924350000 - 0x00007ff9243ee000 	C:\WINDOWS\System32\msvcrt.dll
0x00007ff924450000 - 0x00007ff9244ec000 	C:\WINDOWS\System32\sechost.dll
0x00007ff924aa0000 - 0x00007ff924bcb000 	C:\WINDOWS\System32\RPCRT4.dll
0x00007ff924680000 - 0x00007ff924820000 	C:\WINDOWS\System32\USER32.dll
0x00007ff922b70000 - 0x00007ff922b92000 	C:\WINDOWS\System32\win32u.dll
0x00007ff923630000 - 0x00007ff92365a000 	C:\WINDOWS\System32\GDI32.dll
0x00007ff9228e0000 - 0x00007ff9229eb000 	C:\WINDOWS\System32\gdi32full.dll
0x00007ff922ba0000 - 0x00007ff922c3d000 	C:\WINDOWS\System32\msvcp_win.dll
0x00007ff9229f0000 - 0x00007ff922af0000 	C:\WINDOWS\System32\ucrtbase.dll
0x00007ff913480000 - 0x00007ff91371a000 	C:\WINDOWS\WinSxS\amd64_microsoft.windows.common-controls_6595b64144ccf1df_6.0.19041.844_none_ca00b6081b84eb1d\COMCTL32.dll
0x00007ff9242a0000 - 0x00007ff9242d0000 	C:\WINDOWS\System32\IMM32.DLL
0x00000000596d0000 - 0x00000000597a2000 	E:\Programs\Astudio\jre\jre\bin\msvcr100.dll
0x00000000597b0000 - 0x0000000059ffb000 	E:\Programs\Astudio\jre\jre\bin\server\jvm.dll
0x00007ff923710000 - 0x00007ff923718000 	C:\WINDOWS\System32\PSAPI.DLL
0x00007ff9133a0000 - 0x00007ff9133c7000 	C:\WINDOWS\SYSTEM32\WINMM.dll
0x00007ff90bd30000 - 0x00007ff90bd39000 	C:\WINDOWS\SYSTEM32\WSOCK32.dll
0x00007ff922ce0000 - 0x00007ff922d4b000 	C:\WINDOWS\System32\WS2_32.dll
0x00007ff921ee0000 - 0x00007ff921eea000 	C:\WINDOWS\SYSTEM32\VERSION.dll
0x00007ff91bf80000 - 0x00007ff91bf8f000 	E:\Programs\Astudio\jre\jre\bin\verify.dll
0x00007ff91a850000 - 0x00007ff91a879000 	E:\Programs\Astudio\jre\jre\bin\java.dll
0x00007ff910aa0000 - 0x00007ff910ab6000 	E:\Programs\Astudio\jre\jre\bin\zip.dll
0x00007ff922ee0000 - 0x00007ff923622000 	C:\WINDOWS\System32\SHELL32.dll
0x00007ff920420000 - 0x00007ff920bb0000 	C:\WINDOWS\SYSTEM32\windows.storage.dll
0x00007ff923ca0000 - 0x00007ff923ff5000 	C:\WINDOWS\System32\combase.dll
0x00007ff921d50000 - 0x00007ff921d7c000 	C:\WINDOWS\SYSTEM32\Wldp.dll
0x00007ff924820000 - 0x00007ff9248ce000 	C:\WINDOWS\System32\SHCORE.dll
0x00007ff922c70000 - 0x00007ff922cc5000 	C:\WINDOWS\System32\shlwapi.dll
0x00007ff922290000 - 0x00007ff9222af000 	C:\WINDOWS\SYSTEM32\profapi.dll
0x00007ff90c8d0000 - 0x00007ff90c8ea000 	E:\Programs\Astudio\jre\jre\bin\net.dll
0x00007ff921ad0000 - 0x00007ff921b3a000 	C:\WINDOWS\system32\mswsock.dll
0x00007ff909030000 - 0x00007ff909043000 	E:\Programs\Astudio\jre\jre\bin\nio.dll
0x00007ff910440000 - 0x00007ff910467000 	C:\Users\alexo\.gradle\native\f6784746aeab05261644944871eae4fe03e0ef1612fff0a4a95f87b438bc6780\windows-amd64\native-platform.dll
0x00007ff910b40000 - 0x00007ff910b4d000 	E:\Programs\Astudio\jre\jre\bin\management.dll
0x00007ff921cb0000 - 0x00007ff921cc8000 	C:\WINDOWS\SYSTEM32\CRYPTSP.dll
0x00007ff9213a0000 - 0x00007ff9213d4000 	C:\WINDOWS\system32\rsaenh.dll
0x00007ff922c40000 - 0x00007ff922c67000 	C:\WINDOWS\System32\bcrypt.dll
0x00007ff922210000 - 0x00007ff92223e000 	C:\WINDOWS\SYSTEM32\USERENV.dll
0x00007ff922af0000 - 0x00007ff922b70000 	C:\WINDOWS\System32\bcryptprimitives.dll
0x00007ff921ca0000 - 0x00007ff921cac000 	C:\WINDOWS\SYSTEM32\CRYPTBASE.dll
0x00007ff921750000 - 0x00007ff92178b000 	C:\WINDOWS\SYSTEM32\IPHLPAPI.DLL
0x00007ff922cd0000 - 0x00007ff922cd8000 	C:\WINDOWS\System32\NSI.dll
0x00007ff9175b0000 - 0x00007ff9175c7000 	C:\WINDOWS\SYSTEM32\dhcpcsvc6.DLL
0x00007ff918010000 - 0x00007ff91802d000 	C:\WINDOWS\SYSTEM32\dhcpcsvc.DLL
0x00007ff9217c0000 - 0x00007ff92188b000 	C:\WINDOWS\SYSTEM32\DNSAPI.dll
0x00007ff9180a0000 - 0x00007ff9180ab000 	C:\WINDOWS\SYSTEM32\WINNSI.DLL

VM Arguments:
jvm_args: -Xmx1536m -Dfile.encoding=windows-1251 -Duser.country=RU -Duser.language=ru -Duser.variant 
java_command: org.gradle.launcher.daemon.bootstrap.GradleDaemon 6.5
java_class_path (initial): C:\Users\alexo\.gradle\wrapper\dists\gradle-6.5-all\2oz4ud9k3tuxjg84bbf55q0tn\gradle-6.5\lib\gradle-launcher-6.5.jar
Launcher Type: SUN_STANDARD

Environment Variables:
JAVA_HOME=C:\Program Files\Java\jdk-13.0.2
PATH=C:\Program Files\Microsoft MPI\Bin\;C:\Program Files (x86)\Common Files\Oracle\Java\javapath;C:\Windows\system32;C:\Windows;C:\Windows\System32\Wbem;C:\Windows\System32\WindowsPowerShell\v1.0\;C:\Program Files (x86)\NVIDIA Corporation\PhysX\Common;C:\Program Files\NVIDIA Corporation\NVIDIA NvDLISR;C:\WINDOWS\system32;C:\WINDOWS;C:\WINDOWS\System32\Wbem;C:\WINDOWS\System32\WindowsPowerShell\v1.0\;C:\WINDOWS\System32\OpenSSH\;E:\Programs\Git\Git\cmd;C:\Program Files\dotnet\;C:\Program Files\Microsoft SQL Server\130\Tools\Binn\;C:\Program Files\Microsoft SQL Server\Client SDK\ODBC\170\Tools\Binn\;E:\Programs\Coocox\CoIDE\gcc\bin;E:\Programs\GPG\Gpg4win\..\GnuPG\bin;E:\Programs\Anaconda;E:\Programs\Anaconda\Scripts;E:\Programs\Anaconda\Library\bin;C:\Users\alexo\AppData\Local\Programs\Python\Python38-32\Scripts\;C:\Users\alexo\AppData\Local\Programs\Python\Python38-32\;C:\Users\alexo\AppData\Local\Microsoft\WindowsApps;C:\Program Files\Java\jdk-13.0.2bin;;E:\Programs\InteliJ Idea\IntelliJ IDEA Community Edition 2020.1.3\bin;;C:\Program Files (x86)\GNU Tools ARM Embedded\4.7 2013q3\bin
USERNAME=alexo
OS=Windows_NT
PROCESSOR_IDENTIFIER=Intel64 Family 6 Model 58 Stepping 9, GenuineIntel



---------------  S Y S T E M  ---------------

OS: Windows 10.0 , 64 bit Build 19041 (10.0.19041.804)

CPU:total 4 (initial active 4) (2 cores per cpu, 2 threads per core) family 6 model 58 stepping 9, cmov, cx8, fxsr, mmx, sse, sse2, sse3, ssse3, sse4.1, sse4.2, popcnt, avx, clmul, erms, ht, tsc, tscinvbit, tscinv

Memory: 4k page, physical 16663832k(2417348k free), swap 16663832k(5856k free)

vm_info: OpenJDK 64-Bit Server VM (25.242-b01) for windows-amd64 JRE (1.8.0_242-release-1644-b01), built by "builder" with MS VC++ 10.0 (VS2010)

time: Sun Apr 18 16:02:20 2021
timezone: Восточная Европа (лето)
elapsed time: 18 seconds (0d 0h 0m 18s)

