#
# There is insufficient memory for the Java Runtime Environment to continue.
# Native memory allocation (malloc) failed to allocate 2113136 bytes for Chunk::new
# Possible reasons:
#   The system is out of physical RAM or swap space
#   The process is running with CompressedOops enabled, and the Java Heap may be blocking the growth of the native heap
# Possible solutions:
#   Reduce memory load on the system
#   Increase physical memory or swap space
#   Check if swap backing store is full
#   Decrease Java heap size (-Xmx/-Xms)
#   Decrease number of Java threads
#   Decrease Java thread stack sizes (-Xss)
#   Set larger code cache with -XX:ReservedCodeCacheSize=
#   JVM is running with Unscaled Compressed Oops mode in which the Java heap is
#     placed in the first 4GB address space. The Java Heap base address is the
#     maximum limit for the native heap growth. Please use -XX:HeapBaseMinAddress
#     to set the Java Heap base and to place the Java Heap above 4GB virtual address.
# This output file may be truncated or incomplete.
#
#  Out of Memory Error (allocation.cpp:389), pid=13288, tid=0x0000000000003004
#
# JRE version: OpenJDK Runtime Environment (8.0_242-b01) (build 1.8.0_242-release-1644-b01)
# Java VM: OpenJDK 64-Bit Server VM (25.242-b01 mixed mode windows-amd64 compressed oops)
# Failed to write core dump. Minidumps are not enabled by default on client versions of Windows
#

---------------  T H R E A D  ---------------

Current thread (0x00000000164c7800):  JavaThread "C2 CompilerThread0" daemon [_thread_in_native, id=12292, stack(0x0000000017b30000,0x0000000017c30000)]

Stack: [0x0000000017b30000,0x0000000017c30000]
[error occurred during error reporting (printing stack bounds), id 0xc0000005]

Native frames: (J=compiled Java code, j=interpreted, Vv=VM code, C=native code)


Current CompileTask:
C2:   8273 1433   !   4       java.net.URLClassLoader$1::run (63 bytes)


---------------  P R O C E S S  ---------------

Java Threads: ( => current thread )
  0x000000001b75b000 JavaThread "Cache worker for file hash cache (E:\Univer\Doc_diplom\RunningAppYT-DrawingPolylinesOnOurMap\.gradle\5.0\fileHashes)" [_thread_blocked, id=12504, stack(0x000000001e100000,0x000000001e200000)]
  0x000000001b75a800 JavaThread "File lock request listener" [_thread_in_native, id=4168, stack(0x000000001d030000,0x000000001d130000)]
  0x0000000019674800 JavaThread "Cache worker for file hash cache (C:\Users\alexo\.gradle\caches\5.0\fileHashes)" [_thread_blocked, id=13616, stack(0x000000001cf30000,0x000000001d030000)]
  0x0000000017e4d800 JavaThread "Thread-8" [_thread_blocked, id=12596, stack(0x000000001ac90000,0x000000001ad90000)]
  0x000000001816c800 JavaThread "Stdin handler" [_thread_blocked, id=6116, stack(0x000000001ab90000,0x000000001ac90000)]
  0x00000000195c2000 JavaThread "Asynchronous log dispatcher for DefaultDaemonConnection: socket connection from /127.0.0.1:55387 to /127.0.0.1:55388" [_thread_blocked, id=11208, stack(0x000000001aa90000,0x000000001ab90000)]
  0x00000000195c0800 JavaThread "Daemon worker" [_thread_in_native, id=3924, stack(0x000000001a990000,0x000000001aa90000)]
  0x00000000195bf800 JavaThread "Cancel handler" [_thread_blocked, id=10924, stack(0x000000001a890000,0x000000001a990000)]
  0x00000000197af000 JavaThread "Handler for socket connection from /127.0.0.1:55387 to /127.0.0.1:55388" [_thread_in_native, id=2800, stack(0x000000001a590000,0x000000001a690000)]
  0x00000000197b0800 JavaThread "Daemon periodic checks" [_thread_blocked, id=8796, stack(0x000000001a490000,0x000000001a590000)]
  0x00000000197b0000 JavaThread "Daemon" [_thread_blocked, id=8548, stack(0x000000001a390000,0x000000001a490000)]
  0x000000001912b800 JavaThread "Incoming local TCP Connector on port 55387" [_thread_in_native, id=6864, stack(0x000000001a140000,0x000000001a240000)]
  0x000000001651a800 JavaThread "Service Thread" daemon [_thread_blocked, id=3544, stack(0x0000000018230000,0x0000000018330000)]
  0x00000000164cf000 JavaThread "C1 CompilerThread2" daemon [_thread_blocked, id=5700, stack(0x0000000017d30000,0x0000000017e30000)]
  0x00000000164cb800 JavaThread "C2 CompilerThread1" daemon [_thread_in_native, id=11372, stack(0x0000000017c30000,0x0000000017d30000)]
=>0x00000000164c7800 JavaThread "C2 CompilerThread0" daemon [_thread_in_native, id=12292, stack(0x0000000017b30000,0x0000000017c30000)]
  0x00000000164c5800 JavaThread "Attach Listener" daemon [_thread_blocked, id=12996, stack(0x0000000017a30000,0x0000000017b30000)]
  0x00000000164c4800 JavaThread "Signal Dispatcher" daemon [_thread_blocked, id=1816, stack(0x0000000017930000,0x0000000017a30000)]
  0x0000000002b4a000 JavaThread "Finalizer" daemon [_thread_blocked, id=13184, stack(0x0000000017720000,0x0000000017820000)]
  0x0000000002b41000 JavaThread "Reference Handler" daemon [_thread_blocked, id=1444, stack(0x0000000017620000,0x0000000017720000)]
  0x0000000002a4e000 JavaThread "main" [_thread_blocked, id=5280, stack(0x00000000028a0000,0x00000000029a0000)]

Other Threads:
  0x0000000016486800 VMThread [stack: 0x0000000017520000,0x0000000017620000] [id=460]
  0x000000001651e800 WatcherThread [stack: 0x0000000018330000,0x0000000018430000] [id=11736]

VM state:not at safepoint (normal execution)

VM Mutex/Monitor currently owned by a thread:  ([mutex/lock_event])
[0x0000000002a4d330] SymbolTable_lock - owner thread: 0x0000000000000000

heap address: 0x00000000a0000000, size: 1536 MB, Compressed Oops mode: 32-bit
Narrow klass base: 0x0000000000000000, Narrow klass shift: 3
Compressed class space size: 1073741824 Address: 0x0000000100000000

Heap:
 PSYoungGen      total 76288K, used 71532K [0x00000000e0000000, 0x00000000e5500000, 0x0000000100000000)
  eden space 65536K, 99% used [0x00000000e0000000,0x00000000e3f5c8f0,0x00000000e4000000)
  from space 10752K, 61% used [0x00000000e4000000,0x00000000e467e7e8,0x00000000e4a80000)
  to   space 10752K, 0% used [0x00000000e4a80000,0x00000000e4a80000,0x00000000e5500000)
 ParOldGen       total 175104K, used 16K [0x00000000a0000000, 0x00000000aab00000, 0x00000000e0000000)
  object space 175104K, 0% used [0x00000000a0000000,0x00000000a0004000,0x00000000aab00000)
 Metaspace       used 15864K, capacity 16256K, committed 16512K, reserved 1062912K
  class space    used 2243K, capacity 2398K, committed 2432K, reserved 1048576K

Card table byte_map: [0x0000000011f10000,0x0000000012220000] byte_map_base: 0x0000000011a10000

Marking Bits: (ParMarkBitMap*) 0x000000006a06f030
 Begin Bits: [0x0000000012820000, 0x0000000014020000)
 End Bits:   [0x0000000014020000, 0x0000000015820000)

Polling page: 0x0000000000c60000

CodeCache: size=245760Kb used=5372Kb max_used=5372Kb free=240387Kb
 bounds [0x0000000002b50000, 0x00000000030a0000, 0x0000000011b50000]
 total_blobs=1929 nmethods=1539 adapters=303
 compilation: enabled

Compilation events (10 events):
Event: 8.228 Thread 0x00000000164cf000 1541       3       sun.misc.ProxyGenerator::codeLocalLoadStore (90 bytes)
Event: 8.230 Thread 0x00000000164cf000 nmethod 1541 0x000000000308c610 code [0x000000000308c860, 0x000000000308d988]
Event: 8.230 Thread 0x00000000164cf000 1542       3       java.lang.reflect.Constructor::<init> (50 bytes)
Event: 8.231 Thread 0x00000000164cf000 nmethod 1542 0x000000000308e010 code [0x000000000308e180, 0x000000000308e490]
Event: 8.231 Thread 0x00000000164cf000 1543       3       sun.misc.ProxyGenerator$ConstantPool::getMethodRef (33 bytes)
Event: 8.233 Thread 0x00000000164cf000 nmethod 1543 0x000000000308e610 code [0x000000000308e8a0, 0x000000000308f648]
Event: 8.233 Thread 0x00000000164cf000 1544       3       sun.misc.ProxyGenerator::access$900 (5 bytes)
Event: 8.233 Thread 0x00000000164cf000 nmethod 1544 0x0000000003090150 code [0x00000000030902c0, 0x0000000003090528]
Event: 8.236 Thread 0x00000000164cf000 1546       3       sun.misc.ProxyGenerator::code_aload (11 bytes)
Event: 8.236 Thread 0x00000000164cf000 nmethod 1546 0x0000000003090a10 code [0x0000000003090b80, 0x0000000003090d28]

GC Heap History (2 events):
Event: 3.509 GC heap before
{Heap before GC invocations=1 (full 0):
 PSYoungGen      total 76288K, used 65536K [0x00000000e0000000, 0x00000000e5500000, 0x0000000100000000)
  eden space 65536K, 100% used [0x00000000e0000000,0x00000000e4000000,0x00000000e4000000)
  from space 10752K, 0% used [0x00000000e4a80000,0x00000000e4a80000,0x00000000e5500000)
  to   space 10752K, 0% used [0x00000000e4000000,0x00000000e4000000,0x00000000e4a80000)
 ParOldGen       total 175104K, used 0K [0x00000000a0000000, 0x00000000aab00000, 0x00000000e0000000)
  object space 175104K, 0% used [0x00000000a0000000,0x00000000a0000000,0x00000000aab00000)
 Metaspace       used 8823K, capacity 8990K, committed 9216K, reserved 1056768K
  class space    used 1129K, capacity 1199K, committed 1280K, reserved 1048576K
Event: 3.521 GC heap after
Heap after GC invocations=1 (full 0):
 PSYoungGen      total 76288K, used 6649K [0x00000000e0000000, 0x00000000e5500000, 0x0000000100000000)
  eden space 65536K, 0% used [0x00000000e0000000,0x00000000e0000000,0x00000000e4000000)
  from space 10752K, 61% used [0x00000000e4000000,0x00000000e467e7e8,0x00000000e4a80000)
  to   space 10752K, 0% used [0x00000000e4a80000,0x00000000e4a80000,0x00000000e5500000)
 ParOldGen       total 175104K, used 16K [0x00000000a0000000, 0x00000000aab00000, 0x00000000e0000000)
  object space 175104K, 0% used [0x00000000a0000000,0x00000000a0004000,0x00000000aab00000)
 Metaspace       used 8823K, capacity 8990K, committed 9216K, reserved 1056768K
  class space    used 1129K, capacity 1199K, committed 1280K, reserved 1048576K
}

Deoptimization events (10 events):
Event: 6.123 Thread 0x00000000197af000 Uncommon trap: reason=unstable_if action=reinterpret pc=0x0000000002f7d7f0 method=java.util.concurrent.ConcurrentHashMap.putVal(Ljava/lang/Object;Ljava/lang/Object;Z)Ljava/lang/Object; @ 206
Event: 6.458 Thread 0x00000000195c0800 Uncommon trap: reason=bimorphic action=maybe_recompile pc=0x0000000002df93f4 method=java.util.HashMap.putVal(ILjava/lang/Object;Ljava/lang/Object;ZZ)Ljava/lang/Object; @ 253
Event: 6.458 Thread 0x00000000195c0800 Uncommon trap: reason=bimorphic action=maybe_recompile pc=0x0000000002df93f4 method=java.util.HashMap.putVal(ILjava/lang/Object;Ljava/lang/Object;ZZ)Ljava/lang/Object; @ 253
Event: 6.459 Thread 0x00000000195c0800 Uncommon trap: reason=bimorphic action=maybe_recompile pc=0x0000000002df93f4 method=java.util.HashMap.putVal(ILjava/lang/Object;Ljava/lang/Object;ZZ)Ljava/lang/Object; @ 253
Event: 6.459 Thread 0x00000000195c0800 Uncommon trap: reason=bimorphic action=maybe_recompile pc=0x0000000002dedca0 method=java.util.HashMap.putVal(ILjava/lang/Object;Ljava/lang/Object;ZZ)Ljava/lang/Object; @ 253
Event: 7.504 Thread 0x00000000195c0800 Uncommon trap: reason=class_check action=maybe_recompile pc=0x0000000002e17e98 method=java.util.regex.Matcher.match(II)Z @ 86
Event: 7.548 Thread 0x00000000195c0800 Uncommon trap: reason=class_check action=maybe_recompile pc=0x0000000002e17e98 method=java.util.regex.Matcher.match(II)Z @ 86
Event: 7.549 Thread 0x00000000195c0800 Uncommon trap: reason=class_check action=maybe_recompile pc=0x0000000002e17e98 method=java.util.regex.Matcher.match(II)Z @ 86
Event: 7.549 Thread 0x00000000195c0800 Uncommon trap: reason=class_check action=maybe_recompile pc=0x0000000002de435c method=java.util.regex.Matcher.match(II)Z @ 86
Event: 7.915 Thread 0x00000000195c0800 Uncommon trap: reason=unstable_if action=reinterpret pc=0x0000000002f887b4 method=java.lang.String.lastIndexOf([CII[CIII)I @ 66

Classes redefined (0 events):
No events

Internal exceptions (10 events):
Event: 6.150 Thread 0x00000000197af000 Exception <a 'java/lang/NoSuchMethodError': <clinit>> (0x00000000e0c4eff8) thrown at [C:\src\AOSP-openjdk-git\hotspot\src\share\vm\prims\jni.cpp, line 1615]
Event: 6.157 Thread 0x00000000197af000 Exception <a 'java/lang/NoSuchMethodError': <clinit>> (0x00000000e0c58400) thrown at [C:\src\AOSP-openjdk-git\hotspot\src\share\vm\prims\jni.cpp, line 1615]
Event: 6.184 Thread 0x00000000197af000 Exception <a 'java/lang/NoSuchMethodError': <clinit>> (0x00000000e0c7efe0) thrown at [C:\src\AOSP-openjdk-git\hotspot\src\share\vm\prims\jni.cpp, line 1615]
Event: 6.196 Thread 0x00000000197af000 Exception <a 'java/lang/NoSuchMethodError': <clinit>> (0x00000000e0c96b68) thrown at [C:\src\AOSP-openjdk-git\hotspot\src\share\vm\prims\jni.cpp, line 1615]
Event: 6.199 Thread 0x00000000197af000 Exception <a 'java/lang/NoSuchMethodError': <clinit>> (0x00000000e0c9f708) thrown at [C:\src\AOSP-openjdk-git\hotspot\src\share\vm\prims\jni.cpp, line 1615]
Event: 6.206 Thread 0x00000000197af000 Exception <a 'java/lang/NoSuchMethodError': <clinit>> (0x00000000e0cb55e0) thrown at [C:\src\AOSP-openjdk-git\hotspot\src\share\vm\prims\jni.cpp, line 1615]
Event: 6.266 Thread 0x00000000197af000 Exception <a 'java/lang/NoSuchMethodError': <clinit>> (0x00000000e0d1c310) thrown at [C:\src\AOSP-openjdk-git\hotspot\src\share\vm\prims\jni.cpp, line 1615]
Event: 6.311 Thread 0x00000000197af000 Exception <a 'java/lang/NoSuchMethodError': <clinit>> (0x00000000e0d47ee0) thrown at [C:\src\AOSP-openjdk-git\hotspot\src\share\vm\prims\jni.cpp, line 1615]
Event: 6.337 Thread 0x00000000197af000 Exception <a 'java/lang/NoSuchMethodError': <clinit>> (0x00000000e0d764e8) thrown at [C:\src\AOSP-openjdk-git\hotspot\src\share\vm\prims\jni.cpp, line 1615]
Event: 6.343 Thread 0x00000000197af000 Exception <a 'java/lang/NoSuchMethodError': <clinit>> (0x00000000e0d814b8) thrown at [C:\src\AOSP-openjdk-git\hotspot\src\share\vm\prims\jni.cpp, line 1615]

Events (10 events):
Event: 8.266 loading class org/gradle/internal/metaobject/MixInClosurePropertiesAsMethodsDynamicObject
Event: 8.266 loading class org/gradle/internal/metaobject/MixInClosurePropertiesAsMethodsDynamicObject done
Event: 8.267 loading class org/gradle/internal/metaobject/CompositeDynamicObject
Event: 8.267 loading class org/gradle/internal/metaobject/CompositeDynamicObject done
Event: 8.268 loading class org/gradle/internal/metaobject/BeanDynamicObject
Event: 8.268 loading class org/gradle/internal/metaobject/BeanDynamicObject done
Event: 8.269 loading class org/gradle/util/ConfigureUtil
Event: 8.269 loading class org/gradle/util/ConfigureUtil done
Event: 8.270 loading class org/gradle/api/internal/DependencyInjectingInstantiator$WithServiceRegistry
Event: 8.270 loading class org/gradle/api/internal/DependencyInjectingInstantiator$WithServiceRegistry done


Dynamic libraries:
0x00007ff7895a0000 - 0x00007ff7895d1000 	E:\Programs\Astudio\jre\bin\java.exe
0x00007ff9420d0000 - 0x00007ff9422c6000 	C:\WINDOWS\SYSTEM32\ntdll.dll
0x00007ff941da0000 - 0x00007ff941e5d000 	C:\WINDOWS\System32\KERNEL32.DLL
0x00007ff93f870000 - 0x00007ff93fb39000 	C:\WINDOWS\System32\KERNELBASE.dll
0x00007ff9415c0000 - 0x00007ff94166c000 	C:\WINDOWS\System32\ADVAPI32.dll
0x00007ff940dc0000 - 0x00007ff940e5e000 	C:\WINDOWS\System32\msvcrt.dll
0x00007ff941e60000 - 0x00007ff941efc000 	C:\WINDOWS\System32\sechost.dll
0x00007ff940540000 - 0x00007ff94066b000 	C:\WINDOWS\System32\RPCRT4.dll
0x00007ff9416d0000 - 0x00007ff941870000 	C:\WINDOWS\System32\USER32.dll
0x00007ff93f840000 - 0x00007ff93f862000 	C:\WINDOWS\System32\win32u.dll
0x00007ff9418f0000 - 0x00007ff94191a000 	C:\WINDOWS\System32\GDI32.dll
0x00007ff940020000 - 0x00007ff94012b000 	C:\WINDOWS\System32\gdi32full.dll
0x00007ff93feb0000 - 0x00007ff93ff4d000 	C:\WINDOWS\System32\msvcp_win.dll
0x00007ff93fc50000 - 0x00007ff93fd50000 	C:\WINDOWS\System32\ucrtbase.dll
0x00007ff930930000 - 0x00007ff930bcb000 	C:\WINDOWS\WinSxS\amd64_microsoft.windows.common-controls_6595b64144ccf1df_6.0.19041.746_none_ca02b4b61b8320a4\COMCTL32.dll
0x00007ff940140000 - 0x00007ff940170000 	C:\WINDOWS\System32\IMM32.DLL
0x0000000066690000 - 0x0000000066762000 	E:\Programs\Astudio\jre\jre\bin\msvcr100.dll
0x00000000698a0000 - 0x000000006a0eb000 	E:\Programs\Astudio\jre\jre\bin\server\jvm.dll
0x00007ff940530000 - 0x00007ff940538000 	C:\WINDOWS\System32\PSAPI.DLL
0x00007ff9299b0000 - 0x00007ff9299b9000 	C:\WINDOWS\SYSTEM32\WSOCK32.dll
0x00007ff942020000 - 0x00007ff94208b000 	C:\WINDOWS\System32\WS2_32.dll
0x00007ff93f390000 - 0x00007ff93f39a000 	C:\WINDOWS\SYSTEM32\VERSION.dll
0x00007ff92ff90000 - 0x00007ff92ffb7000 	C:\WINDOWS\SYSTEM32\WINMM.dll
0x00007ff93b4d0000 - 0x00007ff93b4df000 	E:\Programs\Astudio\jre\jre\bin\verify.dll
0x00007ff92eed0000 - 0x00007ff92eef9000 	E:\Programs\Astudio\jre\jre\bin\java.dll
0x00007ff93b350000 - 0x00007ff93b366000 	E:\Programs\Astudio\jre\jre\bin\zip.dll
0x00007ff940670000 - 0x00007ff940db2000 	C:\WINDOWS\System32\SHELL32.dll
0x00007ff93d8d0000 - 0x00007ff93e060000 	C:\WINDOWS\SYSTEM32\windows.storage.dll
0x00007ff9401d0000 - 0x00007ff940526000 	C:\WINDOWS\System32\combase.dll
0x00007ff93f200000 - 0x00007ff93f22c000 	C:\WINDOWS\SYSTEM32\Wldp.dll
0x00007ff9413b0000 - 0x00007ff94145e000 	C:\WINDOWS\System32\SHCORE.dll
0x00007ff941670000 - 0x00007ff9416c5000 	C:\WINDOWS\System32\shlwapi.dll
0x00007ff93f740000 - 0x00007ff93f766000 	C:\WINDOWS\SYSTEM32\profapi.dll
0x00007ff930910000 - 0x00007ff93092a000 	E:\Programs\Astudio\jre\jre\bin\net.dll
0x00007ff93ef80000 - 0x00007ff93efea000 	C:\WINDOWS\system32\mswsock.dll
0x00007ff92f400000 - 0x00007ff92f413000 	E:\Programs\Astudio\jre\jre\bin\nio.dll
0x00007ff92f510000 - 0x00007ff92f52e000 	C:\Users\alexo\.gradle\native\25\windows-amd64\native-platform.dll
0x00007ff93b4c0000 - 0x00007ff93b4cd000 	E:\Programs\Astudio\jre\jre\bin\management.dll
0x00007ff93f160000 - 0x00007ff93f178000 	C:\WINDOWS\SYSTEM32\CRYPTSP.dll
0x00007ff93e8b0000 - 0x00007ff93e8e4000 	C:\WINDOWS\system32\rsaenh.dll
0x00007ff93f810000 - 0x00007ff93f837000 	C:\WINDOWS\System32\bcrypt.dll
0x00007ff93f6c0000 - 0x00007ff93f6ee000 	C:\WINDOWS\SYSTEM32\USERENV.dll
0x00007ff93ffa0000 - 0x00007ff940020000 	C:\WINDOWS\System32\bcryptprimitives.dll
0x00007ff93f150000 - 0x00007ff93f15c000 	C:\WINDOWS\SYSTEM32\CRYPTBASE.dll
0x00007ff93ec00000 - 0x00007ff93ec3b000 	C:\WINDOWS\SYSTEM32\IPHLPAPI.DLL
0x00007ff941980000 - 0x00007ff941988000 	C:\WINDOWS\System32\NSI.dll
0x00007ff935f90000 - 0x00007ff935fa7000 	C:\WINDOWS\SYSTEM32\dhcpcsvc6.DLL
0x00007ff9360e0000 - 0x00007ff9360fd000 	C:\WINDOWS\SYSTEM32\dhcpcsvc.DLL
0x00007ff93ec40000 - 0x00007ff93ed0b000 	C:\WINDOWS\SYSTEM32\DNSAPI.dll

VM Arguments:
jvm_args: -Xmx1536m -Dfile.encoding=windows-1251 -Duser.country=RU -Duser.language=ru -Duser.variant 
java_command: org.gradle.launcher.daemon.bootstrap.GradleDaemon 5.0
java_class_path (initial): C:\Users\alexo\.gradle\wrapper\dists\gradle-5.0-bin\pu5208521seraqlersebvqk\gradle-5.0\lib\gradle-launcher-5.0.jar
Launcher Type: SUN_STANDARD

Environment Variables:
JAVA_HOME=C:\Program Files\Java\jdk-13.0.2
PATH=C:\Program Files\Microsoft MPI\Bin\;C:\Program Files (x86)\Common Files\Oracle\Java\javapath;C:\Windows\system32;C:\Windows;C:\Windows\System32\Wbem;C:\Windows\System32\WindowsPowerShell\v1.0\;C:\Program Files (x86)\NVIDIA Corporation\PhysX\Common;C:\Program Files\NVIDIA Corporation\NVIDIA NvDLISR;C:\WINDOWS\system32;C:\WINDOWS;C:\WINDOWS\System32\Wbem;C:\WINDOWS\System32\WindowsPowerShell\v1.0\;C:\WINDOWS\System32\OpenSSH\;E:\Programs\Git\Git\cmd;C:\Program Files\dotnet\;C:\Program Files\Microsoft SQL Server\130\Tools\Binn\;C:\Program Files\Microsoft SQL Server\Client SDK\ODBC\170\Tools\Binn\;E:\Programs\Coocox\CoIDE\gcc\bin;E:\Programs\GPG\Gpg4win\..\GnuPG\bin;E:\Programs\Anaconda;E:\Programs\Anaconda\Scripts;E:\Programs\Anaconda\Library\bin;C:\Users\alexo\AppData\Local\Programs\Python\Python38-32\Scripts\;C:\Users\alexo\AppData\Local\Programs\Python\Python38-32\;C:\Users\alexo\AppData\Local\Microsoft\WindowsApps;C:\Program Files\Java\jdk-13.0.2bin;;E:\Programs\InteliJ Idea\IntelliJ IDEA Community Edition 2020.1.3\bin;;C:\Program Files (x86)\GNU Tools ARM Embedded\4.7 2013q3\bin
USERNAME=alexo
OS=Windows_NT
PROCESSOR_IDENTIFIER=Intel64 Family 6 Model 58 Stepping 9, GenuineIntel



---------------  S Y S T E M  ---------------

OS: Windows 10.0 , 64 bit Build 19041 (10.0.19041.804)

CPU:total 4 (initial active 4) (2 cores per cpu, 2 threads per core) family 6 model 58 stepping 9, cmov, cx8, fxsr, mmx, sse, sse2, sse3, ssse3, sse4.1, sse4.2, popcnt, avx, clmul, erms, ht, tsc, tscinvbit, tscinv

Memory: 4k page, physical 16663832k(2540232k free), swap 16663832k(6988k free)

vm_info: OpenJDK 64-Bit Server VM (25.242-b01) for windows-amd64 JRE (1.8.0_242-release-1644-b01), built by "builder" with MS VC++ 10.0 (VS2010)

time: Fri Mar 12 16:31:43 2021
timezone: Восточная Европа (зима)
elapsed time: 8 seconds (0d 0h 0m 8s)

