#
# There is insufficient memory for the Java Runtime Environment to continue.
# Native memory allocation (malloc) failed to allocate 1077616 bytes for Chunk::new
# Possible reasons:
#   The system is out of physical RAM or swap space
#   The process is running with CompressedOops enabled, and the Java Heap may be blocking the growth of the native heap
# Possible solutions:
#   Reduce memory load on the system
#   Increase physical memory or swap space
#   Check if swap backing store is full
#   Decrease Java heap size (-Xmx/-Xms)
#   Decrease number of Java threads
#   Decrease Java thread stack sizes (-Xss)
#   Set larger code cache with -XX:ReservedCodeCacheSize=
#   JVM is running with Unscaled Compressed Oops mode in which the Java heap is
#     placed in the first 4GB address space. The Java Heap base address is the
#     maximum limit for the native heap growth. Please use -XX:HeapBaseMinAddress
#     to set the Java Heap base and to place the Java Heap above 4GB virtual address.
# This output file may be truncated or incomplete.
#
#  Out of Memory Error (allocation.cpp:389), pid=11788, tid=0x00000000000034c8
#
# JRE version: OpenJDK Runtime Environment (8.0_242-b01) (build 1.8.0_242-release-1644-b01)
# Java VM: OpenJDK 64-Bit Server VM (25.242-b01 mixed mode windows-amd64 compressed oops)
# Failed to write core dump. Minidumps are not enabled by default on client versions of Windows
#

---------------  T H R E A D  ---------------

Current thread (0x0000000016ba7000):  JavaThread "C2 CompilerThread0" daemon [_thread_in_native, id=13512, stack(0x0000000018210000,0x0000000018310000)]

Stack: [0x0000000018210000,0x0000000018310000]
[error occurred during error reporting (printing stack bounds), id 0xc0000005]

Native frames: (J=compiled Java code, j=interpreted, Vv=VM code, C=native code)


Current CompileTask:
C2:  28069 9075       4       com.android.utils.XmlUtils::append (639 bytes)


---------------  P R O C E S S  ---------------

Java Threads: ( => current thread )
  0x000000001b1b9000 JavaThread "stdout" [_thread_new, id=16188, stack(0x0000000000000000,0x0000000000000000)]
  0x000000001b1bb000 JavaThread "stderr" [_thread_new, id=7660, stack(0x0000000000000000,0x0000000000000000)]
  0x000000001b1b9800 JavaThread "pool-2-thread-1" [_thread_blocked, id=4112, stack(0x000000002be90000,0x000000002bf90000)]
  0x000000001b1b7800 JavaThread "WorkerExecutor Queue Thread 2" [_thread_in_vm, id=15992, stack(0x000000002bd90000,0x000000002be90000)]
  0x000000001b1ba800 JavaThread "WorkerExecutor Queue" [_thread_blocked, id=9324, stack(0x000000002bc90000,0x000000002bd90000)]
  0x0000000019a19000 JavaThread "Cache worker for execution history cache (E:\Univer\Doc_diplom\RunningAppYT-DrawingPolylinesOnOurMap\.gradle\6.5\executionHistory)" [_thread_blocked, id=7920, stack(0x000000002b990000,0x000000002ba90000)]
  0x0000000019a17800 JavaThread "Execution worker for ':' Thread 3" [_thread_blocked, id=10812, stack(0x000000002b890000,0x000000002b990000)]
  0x0000000019a18000 JavaThread "Execution worker for ':' Thread 2" [_thread_blocked, id=11596, stack(0x000000002b350000,0x000000002b450000)]
  0x0000000019a14800 JavaThread "Execution worker for ':'" [_thread_in_Java, id=2408, stack(0x000000002ad20000,0x000000002ae20000)]
  0x0000000019a0e800 JavaThread "Cache worker for file content cache (E:\Univer\Doc_diplom\RunningAppYT-DrawingPolylinesOnOurMap\.gradle\6.5\fileContent)" [_thread_blocked, id=10824, stack(0x000000002ae50000,0x000000002af50000)]
  0x0000000019a11800 JavaThread "Memory manager" [_thread_blocked, id=800, stack(0x000000002ac20000,0x000000002ad20000)]
  0x0000000019a0a000 JavaThread "Cache worker for Build Output Cleanup Cache (E:\Univer\Doc_diplom\RunningAppYT-DrawingPolylinesOnOurMap\.gradle\buildOutputCleanup)" [_thread_blocked, id=240, stack(0x00000000297d0000,0x00000000298d0000)]
  0x0000000019a0d800 JavaThread "jar transforms Thread 123" [_thread_blocked, id=12920, stack(0x00000000294d0000,0x00000000295d0000)]
  0x0000000019a0a800 JavaThread "jar transforms Thread 122" [_thread_blocked, id=15924, stack(0x00000000293d0000,0x00000000294d0000)]
  0x0000000019a10800 JavaThread "jar transforms Thread 121" [_thread_blocked, id=3436, stack(0x00000000292d0000,0x00000000293d0000)]
  0x0000000019a0c000 JavaThread "jar transforms Thread 120" [_thread_blocked, id=9776, stack(0x00000000291d0000,0x00000000292d0000)]
  0x0000000019a0b800 JavaThread "jar transforms Thread 119" [_thread_blocked, id=15916, stack(0x00000000290d0000,0x00000000291d0000)]
  0x000000001b1e5800 JavaThread "jar transforms Thread 118" [_thread_blocked, id=16064, stack(0x0000000028fd0000,0x00000000290d0000)]
  0x000000001b1e4000 JavaThread "jar transforms Thread 117" [_thread_blocked, id=1136, stack(0x0000000028ed0000,0x0000000028fd0000)]
  0x000000001b1e3000 JavaThread "jar transforms Thread 116" [_thread_blocked, id=1096, stack(0x0000000028dd0000,0x0000000028ed0000)]
  0x000000001b1e4800 JavaThread "jar transforms Thread 115" [_thread_blocked, id=7884, stack(0x0000000028cd0000,0x0000000028dd0000)]
  0x000000001b1e1000 JavaThread "jar transforms Thread 114" [_thread_blocked, id=16112, stack(0x0000000028bd0000,0x0000000028cd0000)]
  0x000000001b1e2800 JavaThread "jar transforms Thread 113" [_thread_blocked, id=5820, stack(0x0000000028ad0000,0x0000000028bd0000)]
  0x000000001b1e1800 JavaThread "jar transforms Thread 112" [_thread_blocked, id=13168, stack(0x00000000289d0000,0x0000000028ad0000)]
  0x000000001b1d9000 JavaThread "jar transforms Thread 111" [_thread_blocked, id=14888, stack(0x00000000288d0000,0x00000000289d0000)]
  0x000000001b1e0000 JavaThread "jar transforms Thread 110" [_thread_blocked, id=4944, stack(0x00000000287d0000,0x00000000288d0000)]
  0x000000001b1df000 JavaThread "jar transforms Thread 109" [_thread_blocked, id=3176, stack(0x00000000286d0000,0x00000000287d0000)]
  0x000000001b1db800 JavaThread "jar transforms Thread 108" [_thread_blocked, id=12336, stack(0x00000000285d0000,0x00000000286d0000)]
  0x000000001b1de800 JavaThread "jar transforms Thread 107" [_thread_blocked, id=4460, stack(0x00000000284d0000,0x00000000285d0000)]
  0x000000001b1da800 JavaThread "jar transforms Thread 106" [_thread_blocked, id=14724, stack(0x00000000283d0000,0x00000000284d0000)]
  0x000000001b1dd800 JavaThread "jar transforms Thread 105" [_thread_blocked, id=12580, stack(0x00000000282d0000,0x00000000283d0000)]
  0x000000001b1d6000 JavaThread "jar transforms Thread 104" [_thread_blocked, id=13724, stack(0x00000000281d0000,0x00000000282d0000)]
  0x000000001b1d8800 JavaThread "jar transforms Thread 103" [_thread_blocked, id=15140, stack(0x00000000280d0000,0x00000000281d0000)]
  0x000000001b1d7000 JavaThread "jar transforms Thread 102" [_thread_blocked, id=2912, stack(0x0000000027fd0000,0x00000000280d0000)]
  0x000000001b1da000 JavaThread "jar transforms Thread 101" [_thread_blocked, id=4968, stack(0x0000000027ed0000,0x0000000027fd0000)]
  0x000000001b1dd000 JavaThread "jar transforms Thread 100" [_thread_blocked, id=11936, stack(0x0000000027dd0000,0x0000000027ed0000)]
  0x000000001b1d7800 JavaThread "jar transforms Thread 99" [_thread_blocked, id=12908, stack(0x0000000027cd0000,0x0000000027dd0000)]
  0x000000001b1dc000 JavaThread "jar transforms Thread 98" [_thread_blocked, id=14176, stack(0x0000000027bd0000,0x0000000027cd0000)]
  0x000000001d593800 JavaThread "jar transforms Thread 97" [_thread_blocked, id=12392, stack(0x0000000027ad0000,0x0000000027bd0000)]
  0x000000001d597800 JavaThread "jar transforms Thread 96" [_thread_blocked, id=12652, stack(0x00000000279d0000,0x0000000027ad0000)]
  0x000000001d59a800 JavaThread "jar transforms Thread 95" [_thread_blocked, id=14840, stack(0x00000000278d0000,0x00000000279d0000)]
  0x000000001d599000 JavaThread "jar transforms Thread 94" [_thread_blocked, id=3552, stack(0x00000000277d0000,0x00000000278d0000)]
  0x000000001d596800 JavaThread "jar transforms Thread 93" [_thread_blocked, id=14788, stack(0x00000000276d0000,0x00000000277d0000)]
  0x000000001d596000 JavaThread "jar transforms Thread 92" [_thread_blocked, id=8220, stack(0x00000000275d0000,0x00000000276d0000)]
  0x000000001d594800 JavaThread "jar transforms Thread 91" [_thread_blocked, id=14172, stack(0x00000000274d0000,0x00000000275d0000)]
  0x000000001d598000 JavaThread "jar transforms Thread 90" [_thread_blocked, id=7556, stack(0x00000000273d0000,0x00000000274d0000)]
  0x000000001d59a000 JavaThread "jar transforms Thread 89" [_thread_blocked, id=10428, stack(0x00000000272d0000,0x00000000273d0000)]
  0x000000001d595000 JavaThread "jar transforms Thread 88" [_thread_blocked, id=4512, stack(0x00000000271d0000,0x00000000272d0000)]
  0x000000001d58c000 JavaThread "jar transforms Thread 87" [_thread_blocked, id=4204, stack(0x00000000270d0000,0x00000000271d0000)]
  0x000000001d593000 JavaThread "jar transforms Thread 86" [_thread_blocked, id=13336, stack(0x0000000026fd0000,0x00000000270d0000)]
  0x000000001d58d800 JavaThread "jar transforms Thread 85" [_thread_blocked, id=4656, stack(0x0000000026ed0000,0x0000000026fd0000)]
  0x000000001d592000 JavaThread "jar transforms Thread 84" [_thread_blocked, id=10280, stack(0x0000000026dd0000,0x0000000026ed0000)]
  0x000000001d58d000 JavaThread "jar transforms Thread 83" [_thread_blocked, id=10616, stack(0x0000000026cd0000,0x0000000026dd0000)]
  0x000000001d58b800 JavaThread "jar transforms Thread 82" [_thread_blocked, id=9412, stack(0x0000000026bd0000,0x0000000026cd0000)]
  0x000000001d58f000 JavaThread "jar transforms Thread 81" [_thread_blocked, id=15300, stack(0x0000000026ad0000,0x0000000026bd0000)]
  0x000000001d591800 JavaThread "jar transforms Thread 80" [_thread_blocked, id=11096, stack(0x00000000269d0000,0x0000000026ad0000)]
  0x000000001d590000 JavaThread "jar transforms Thread 79" [_thread_blocked, id=2760, stack(0x00000000268d0000,0x00000000269d0000)]
  0x000000001d590800 JavaThread "jar transforms Thread 78" [_thread_blocked, id=12196, stack(0x00000000267d0000,0x00000000268d0000)]
  0x000000001d58e800 JavaThread "jar transforms Thread 77" [_thread_blocked, id=2380, stack(0x00000000266d0000,0x00000000267d0000)]
  0x000000001aa55000 JavaThread "jar transforms Thread 76" [_thread_blocked, id=12364, stack(0x00000000265d0000,0x00000000266d0000)]
  0x000000001aa53800 JavaThread "jar transforms Thread 75" [_thread_blocked, id=5024, stack(0x00000000264d0000,0x00000000265d0000)]
  0x000000001aa55800 JavaThread "jar transforms Thread 74" [_thread_blocked, id=7336, stack(0x00000000263d0000,0x00000000264d0000)]
  0x000000001aa54000 JavaThread "jar transforms Thread 73" [_thread_blocked, id=16004, stack(0x00000000262d0000,0x00000000263d0000)]
  0x000000001aa52800 JavaThread "jar transforms Thread 72" [_thread_blocked, id=15276, stack(0x00000000261d0000,0x00000000262d0000)]
  0x000000001aa56800 JavaThread "jar transforms Thread 71" [_thread_blocked, id=15876, stack(0x00000000260d0000,0x00000000261d0000)]
  0x000000001aa4b000 JavaThread "jar transforms Thread 70" [_thread_blocked, id=14672, stack(0x0000000025fd0000,0x00000000260d0000)]
  0x000000001aa52000 JavaThread "jar transforms Thread 69" [_thread_blocked, id=10724, stack(0x0000000025ed0000,0x0000000025fd0000)]
  0x000000001aa4a800 JavaThread "jar transforms Thread 68" [_thread_blocked, id=16276, stack(0x0000000025dd0000,0x0000000025ed0000)]
  0x000000001aa50800 JavaThread "jar transforms Thread 67" [_thread_blocked, id=3264, stack(0x0000000025cd0000,0x0000000025dd0000)]
  0x000000001aa4c000 JavaThread "jar transforms Thread 66" [_thread_blocked, id=2720, stack(0x0000000025bd0000,0x0000000025cd0000)]
  0x000000001aa4f800 JavaThread "jar transforms Thread 65" [_thread_blocked, id=10684, stack(0x0000000025ad0000,0x0000000025bd0000)]
  0x000000001aa51000 JavaThread "jar transforms Thread 64" [_thread_blocked, id=9904, stack(0x00000000259d0000,0x0000000025ad0000)]
  0x000000001aa4f000 JavaThread "jar transforms Thread 63" [_thread_blocked, id=14972, stack(0x00000000258d0000,0x00000000259d0000)]
  0x000000001aa49800 JavaThread "jar transforms Thread 62" [_thread_blocked, id=12256, stack(0x00000000257d0000,0x00000000258d0000)]
  0x000000001aa49000 JavaThread "jar transforms Thread 61" [_thread_blocked, id=13376, stack(0x00000000256d0000,0x00000000257d0000)]
  0x000000001aa4e000 JavaThread "jar transforms Thread 60" [_thread_blocked, id=15984, stack(0x00000000255d0000,0x00000000256d0000)]
  0x000000001aa47800 JavaThread "jar transforms Thread 59" [_thread_blocked, id=10568, stack(0x00000000254d0000,0x00000000255d0000)]
  0x000000001aa4d800 JavaThread "jar transforms Thread 58" [_thread_blocked, id=8976, stack(0x00000000253d0000,0x00000000254d0000)]
  0x000000001aa4c800 JavaThread "jar transforms Thread 57" [_thread_blocked, id=16368, stack(0x00000000252d0000,0x00000000253d0000)]
  0x000000001aa48000 JavaThread "jar transforms Thread 56" [_thread_blocked, id=8364, stack(0x00000000251d0000,0x00000000252d0000)]
  0x000000001df79000 JavaThread "jar transforms Thread 55" [_thread_blocked, id=9700, stack(0x00000000250d0000,0x00000000251d0000)]
  0x000000001df77800 JavaThread "jar transforms Thread 54" [_thread_blocked, id=2700, stack(0x0000000024fd0000,0x00000000250d0000)]
  0x000000001df77000 JavaThread "jar transforms Thread 53" [_thread_blocked, id=1112, stack(0x0000000024ed0000,0x0000000024fd0000)]
  0x000000001df76000 JavaThread "jar transforms Thread 52" [_thread_blocked, id=7656, stack(0x0000000024dd0000,0x0000000024ed0000)]
  0x000000001df78800 JavaThread "jar transforms Thread 51" [_thread_blocked, id=4092, stack(0x0000000024cd0000,0x0000000024dd0000)]
  0x000000001df74000 JavaThread "jar transforms Thread 50" [_thread_blocked, id=11068, stack(0x0000000024bd0000,0x0000000024cd0000)]
  0x000000001df75800 JavaThread "jar transforms Thread 49" [_thread_blocked, id=3448, stack(0x0000000024ad0000,0x0000000024bd0000)]
  0x000000001df74800 JavaThread "jar transforms Thread 48" [_thread_blocked, id=13852, stack(0x00000000249d0000,0x0000000024ad0000)]
  0x000000001df6c000 JavaThread "jar transforms Thread 47" [_thread_blocked, id=5696, stack(0x00000000248d0000,0x00000000249d0000)]
  0x000000001df73000 JavaThread "jar transforms Thread 46" [_thread_blocked, id=8772, stack(0x00000000247d0000,0x00000000248d0000)]
  0x000000001df6b800 JavaThread "jar transforms Thread 45" [_thread_blocked, id=12136, stack(0x00000000246d0000,0x00000000247d0000)]
  0x000000001df72800 JavaThread "jar transforms Thread 44" [_thread_blocked, id=14896, stack(0x00000000245d0000,0x00000000246d0000)]
  0x000000001df6a800 JavaThread "jar transforms Thread 43" [_thread_blocked, id=3384, stack(0x00000000244d0000,0x00000000245d0000)]
  0x000000001df71800 JavaThread "jar transforms Thread 42" [_thread_blocked, id=804, stack(0x00000000243d0000,0x00000000244d0000)]
  0x000000001df6a000 JavaThread "jar transforms Thread 41" [_thread_blocked, id=15004, stack(0x00000000242d0000,0x00000000243d0000)]
  0x000000001df6e800 JavaThread "jar transforms Thread 40" [_thread_blocked, id=9532, stack(0x00000000241d0000,0x00000000242d0000)]
  0x000000001df6d800 JavaThread "jar transforms Thread 39" [_thread_blocked, id=11536, stack(0x00000000240d0000,0x00000000241d0000)]
  0x000000001df71000 JavaThread "jar transforms Thread 38" [_thread_blocked, id=7628, stack(0x0000000023fd0000,0x00000000240d0000)]
  0x000000001df70000 JavaThread "jar transforms Thread 37" [_thread_blocked, id=12556, stack(0x0000000023ed0000,0x0000000023fd0000)]
  0x000000001df6d000 JavaThread "jar transforms Thread 36" [_thread_blocked, id=12504, stack(0x0000000023dd0000,0x0000000023ed0000)]
  0x000000001df6f800 JavaThread "jar transforms Thread 35" [_thread_blocked, id=12896, stack(0x0000000023cd0000,0x0000000023dd0000)]
  0x000000001aaf9000 JavaThread "jar transforms Thread 34" [_thread_blocked, id=5588, stack(0x0000000023bd0000,0x0000000023cd0000)]
  0x000000001aaf8000 JavaThread "jar transforms Thread 33" [_thread_blocked, id=5564, stack(0x0000000023ad0000,0x0000000023bd0000)]
  0x000000001aaf4800 JavaThread "jar transforms Thread 32" [_thread_blocked, id=2920, stack(0x00000000239d0000,0x0000000023ad0000)]
  0x000000001aafb000 JavaThread "jar transforms Thread 31" [_thread_blocked, id=12372, stack(0x00000000238d0000,0x00000000239d0000)]
  0x000000001aaf3800 JavaThread "jar transforms Thread 30" [_thread_blocked, id=9372, stack(0x00000000237d0000,0x00000000238d0000)]
  0x000000001aaf6000 JavaThread "jar transforms Thread 29" [_thread_blocked, id=12928, stack(0x00000000236d0000,0x00000000237d0000)]
  0x000000001aaf9800 JavaThread "jar transforms Thread 28" [_thread_blocked, id=6576, stack(0x00000000235d0000,0x00000000236d0000)]
  0x000000001aaf5000 JavaThread "jar transforms Thread 27" [_thread_blocked, id=3248, stack(0x00000000234d0000,0x00000000235d0000)]
  0x000000001aaf6800 JavaThread "jar transforms Thread 26" [_thread_blocked, id=2888, stack(0x00000000233d0000,0x00000000234d0000)]
  0x000000001aafa800 JavaThread "jar transforms Thread 25" [_thread_blocked, id=11184, stack(0x00000000232d0000,0x00000000233d0000)]
  0x000000001aaf7800 JavaThread "jar transforms Thread 24" [_thread_blocked, id=12996, stack(0x00000000231d0000,0x00000000232d0000)]
  0x000000001aaec000 JavaThread "jar transforms Thread 23" [_thread_blocked, id=13164, stack(0x00000000230d0000,0x00000000231d0000)]
  0x000000001aaf3000 JavaThread "jar transforms Thread 22" [_thread_blocked, id=4304, stack(0x0000000022fd0000,0x00000000230d0000)]
  0x000000001aaf0800 JavaThread "jar transforms Thread 21" [_thread_blocked, id=2016, stack(0x0000000022ed0000,0x0000000022fd0000)]
  0x000000001aaef000 JavaThread "jar transforms Thread 20" [_thread_blocked, id=9580, stack(0x0000000022dd0000,0x0000000022ed0000)]
  0x000000001aaee800 JavaThread "jar transforms Thread 19" [_thread_blocked, id=10728, stack(0x0000000022cd0000,0x0000000022dd0000)]
  0x000000001aaf0000 JavaThread "jar transforms Thread 18" [_thread_blocked, id=16012, stack(0x0000000022bd0000,0x0000000022cd0000)]
  0x000000001aaf1800 JavaThread "jar transforms Thread 17" [_thread_blocked, id=196, stack(0x0000000022ad0000,0x0000000022bd0000)]
  0x000000001aaed000 JavaThread "jar transforms Thread 16" [_thread_blocked, id=13032, stack(0x00000000229d0000,0x0000000022ad0000)]
  0x000000001aaed800 JavaThread "jar transforms Thread 15" [_thread_blocked, id=6544, stack(0x00000000228d0000,0x00000000229d0000)]
  0x000000001aaf2000 JavaThread "jar transforms Thread 14" [_thread_blocked, id=16260, stack(0x00000000227d0000,0x00000000228d0000)]
  0x0000000019b2c800 JavaThread "jar transforms Thread 13" [_thread_blocked, id=11804, stack(0x00000000226d0000,0x00000000227d0000)]
  0x0000000019b2b000 JavaThread "jar transforms Thread 12" [_thread_blocked, id=16032, stack(0x00000000225d0000,0x00000000226d0000)]
  0x0000000019b2a800 JavaThread "jar transforms Thread 11" [_thread_blocked, id=15152, stack(0x00000000224d0000,0x00000000225d0000)]
  0x0000000019b2d800 JavaThread "jar transforms Thread 10" [_thread_blocked, id=9900, stack(0x00000000223d0000,0x00000000224d0000)]
  0x0000000019b29800 JavaThread "jar transforms Thread 9" [_thread_blocked, id=7500, stack(0x00000000222d0000,0x00000000223d0000)]
  0x0000000019b2c000 JavaThread "jar transforms Thread 8" [_thread_blocked, id=14224, stack(0x00000000221d0000,0x00000000222d0000)]
  0x0000000019b22000 JavaThread "jar transforms Thread 7" [_thread_blocked, id=3724, stack(0x00000000220d0000,0x00000000221d0000)]
  0x0000000019b29000 JavaThread "jar transforms Thread 6" [_thread_blocked, id=14364, stack(0x0000000021fd0000,0x00000000220d0000)]
  0x0000000019b23800 JavaThread "jar transforms Thread 5" [_thread_blocked, id=8796, stack(0x0000000021ed0000,0x0000000021fd0000)]
  0x0000000019b23000 JavaThread "jar transforms Thread 4" [_thread_blocked, id=9004, stack(0x0000000021940000,0x0000000021a40000)]
  0x0000000019b27800 JavaThread "jar transforms Thread 3" [_thread_blocked, id=13148, stack(0x0000000021840000,0x0000000021940000)]
  0x0000000019b21800 JavaThread "jar transforms Thread 2" [_thread_blocked, id=13060, stack(0x0000000021740000,0x0000000021840000)]
  0x0000000019b25000 JavaThread "Build operations Thread 4" [_thread_in_Java, id=10552, stack(0x0000000021dd0000,0x0000000021ed0000)]
  0x0000000019b28000 JavaThread "Build operations Thread 3" [_thread_blocked, id=2980, stack(0x0000000021cd0000,0x0000000021dd0000)]
  0x0000000019b26800 JavaThread "Build operations Thread 2" [_thread_blocked, id=15628, stack(0x0000000021bd0000,0x0000000021cd0000)]
  0x0000000019b26000 JavaThread "Build operations" [_thread_in_Java, id=6772, stack(0x0000000021ad0000,0x0000000021bd0000)]
  0x000000001874b800 JavaThread "Cache worker for file content cache (C:\Users\alexo\.gradle\caches\6.5\fileContent)" [_thread_blocked, id=11056, stack(0x0000000021040000,0x0000000021140000)]
  0x0000000018750800 JavaThread "jar transforms" [_thread_blocked, id=9464, stack(0x0000000020f40000,0x0000000021040000)]
  0x000000001874e800 JavaThread "Cache worker for execution history cache (C:\Users\alexo\.gradle\caches\6.5\executionHistory)" [_thread_blocked, id=1996, stack(0x0000000020840000,0x0000000020940000)]
  0x000000001874c000 JavaThread "Cache worker for cache directory md-rule (C:\Users\alexo\.gradle\caches\6.5\md-rule)" [_thread_blocked, id=11584, stack(0x0000000020450000,0x0000000020550000)]
  0x000000001874d800 JavaThread "Cache worker for cache directory md-supplier (C:\Users\alexo\.gradle\caches\6.5\md-supplier)" [_thread_blocked, id=10164, stack(0x000000001f310000,0x000000001f410000)]
  0x0000000018752000 JavaThread "Cache worker for checksums cache (E:\Univer\Doc_diplom\RunningAppYT-DrawingPolylinesOnOurMap\.gradle\checksums)" [_thread_blocked, id=15652, stack(0x000000001f210000,0x000000001f310000)]
  0x000000001874f000 JavaThread "Cache worker for file hash cache (E:\Univer\Doc_diplom\RunningAppYT-DrawingPolylinesOnOurMap\.gradle\6.5\fileHashes)" [_thread_blocked, id=9492, stack(0x000000001cd40000,0x000000001ce40000)]
  0x0000000018750000 JavaThread "Cache worker for file hash cache (C:\Users\alexo\.gradle\caches\6.5\fileHashes)" [_thread_blocked, id=4948, stack(0x000000001cc40000,0x000000001cd40000)]
  0x000000001874d000 JavaThread "File lock request listener" [_thread_in_native, id=12248, stack(0x000000001cb40000,0x000000001cc40000)]
  0x0000000019589000 JavaThread "Cache worker for journal cache (C:\Users\alexo\.gradle\caches\journal-1)" [_thread_blocked, id=13176, stack(0x000000001c940000,0x000000001ca40000)]
  0x000000001930b800 JavaThread "Thread-9" [_thread_blocked, id=15496, stack(0x000000001c640000,0x000000001c740000)]
  0x00000000197a0000 JavaThread "Stdin handler" [_thread_blocked, id=9964, stack(0x000000001c540000,0x000000001c640000)]
  0x000000001979b000 JavaThread "Asynchronous log dispatcher for DefaultDaemonConnection: socket connection from /127.0.0.1:59023 to /127.0.0.1:59024" [_thread_in_native, id=15612, stack(0x000000001c440000,0x000000001c540000)]
  0x0000000019440800 JavaThread "Daemon worker" [_thread_blocked, id=4936, stack(0x000000001c340000,0x000000001c440000)]
  0x000000001942c000 JavaThread "Cancel handler" [_thread_blocked, id=13600, stack(0x000000001c240000,0x000000001c340000)]
  0x000000001866c000 JavaThread "Handler for socket connection from /127.0.0.1:59023 to /127.0.0.1:59024" [_thread_in_native, id=10620, stack(0x000000001c140000,0x000000001c240000)]
  0x0000000018668800 JavaThread "Daemon" [_thread_blocked, id=5852, stack(0x000000001c040000,0x000000001c140000)]
  0x0000000019a08800 JavaThread "Daemon periodic checks" [_thread_blocked, id=11604, stack(0x000000001bd40000,0x000000001be40000)]
  0x0000000019a06800 JavaThread "Incoming local TCP Connector on port 59023" [_thread_in_native, id=15572, stack(0x000000001baf0000,0x000000001bbf0000)]
  0x000000001a420000 JavaThread "Daemon health stats" [_thread_blocked, id=5440, stack(0x000000001b4b0000,0x000000001b5b0000)]
  0x0000000016bfe800 JavaThread "Service Thread" daemon [_thread_blocked, id=13156, stack(0x0000000018910000,0x0000000018a10000)]
  0x0000000016bce000 JavaThread "C1 CompilerThread2" daemon [_thread_in_vm, id=15212, stack(0x0000000018410000,0x0000000018510000)]
  0x0000000016bb0000 JavaThread "C2 CompilerThread1" daemon [_thread_in_native, id=16104, stack(0x0000000018310000,0x0000000018410000)]
=>0x0000000016ba7000 JavaThread "C2 CompilerThread0" daemon [_thread_in_native, id=13512, stack(0x0000000018210000,0x0000000018310000)]
  0x0000000016ba5000 JavaThread "Attach Listener" daemon [_thread_blocked, id=11180, stack(0x0000000018110000,0x0000000018210000)]
  0x0000000016ba3800 JavaThread "Signal Dispatcher" daemon [_thread_blocked, id=2484, stack(0x0000000018010000,0x0000000018110000)]
  0x000000000322b000 JavaThread "Finalizer" daemon [_thread_blocked, id=2240, stack(0x0000000017e00000,0x0000000017f00000)]
  0x0000000016b89000 JavaThread "Reference Handler" daemon [_thread_blocked, id=9596, stack(0x0000000017d00000,0x0000000017e00000)]
  0x000000000174e000 JavaThread "main" [_thread_blocked, id=4372, stack(0x0000000003030000,0x0000000003130000)]

Other Threads:
  0x0000000016b66800 VMThread [stack: 0x0000000017c00000,0x0000000017d00000] [id=5688]
  0x000000001853a000 WatcherThread [stack: 0x0000000018a10000,0x0000000018b10000] [id=3392]

VM state:not at safepoint (normal execution)

VM Mutex/Monitor currently owned by a thread: None

heap address: 0x00000000a0000000, size: 1536 MB, Compressed Oops mode: 32-bit
Narrow klass base: 0x0000000000000000, Narrow klass shift: 3
Compressed class space size: 1073741824 Address: 0x0000000100000000

Heap:
 PSYoungGen      total 246272K, used 131084K [0x00000000e0000000, 0x00000000f3a80000, 0x0000000100000000)
  eden space 226816K, 49% used [0x00000000e0000000,0x00000000e6d04fc8,0x00000000edd80000)
  from space 19456K, 99% used [0x00000000edd80000,0x00000000ef07e408,0x00000000ef080000)
  to   space 23040K, 0% used [0x00000000f2400000,0x00000000f2400000,0x00000000f3a80000)
 ParOldGen       total 130048K, used 38380K [0x00000000a0000000, 0x00000000a7f00000, 0x00000000e0000000)
  object space 130048K, 29% used [0x00000000a0000000,0x00000000a257b068,0x00000000a7f00000)
 Metaspace       used 69868K, capacity 73112K, committed 73368K, reserved 1112064K
  class space    used 9499K, capacity 10130K, committed 10144K, reserved 1048576K

Card table byte_map: [0x00000000125f0000,0x0000000012900000] byte_map_base: 0x00000000120f0000

Marking Bits: (ParMarkBitMap*) 0x0000000059f7f030
 Begin Bits: [0x0000000012f00000, 0x0000000014700000)
 End Bits:   [0x0000000014700000, 0x0000000015f00000)

Polling page: 0x0000000001680000

CodeCache: size=245760Kb used=24825Kb max_used=24948Kb free=220934Kb
 bounds [0x0000000003230000, 0x0000000004ac0000, 0x0000000012230000]
 total_blobs=8761 nmethods=7961 adapters=710
 compilation: enabled

Compilation events (10 events):
Event: 28.042 Thread 0x0000000016bce000 9138       1       java.io.SerialCallbackContext::getDesc (5 bytes)
Event: 28.042 Thread 0x0000000016bce000 nmethod 9138 0x00000000047bd2d0 code [0x00000000047bd420, 0x00000000047bd530]
Event: 28.045 Thread 0x0000000016bce000 9171   !   3       org.gradle.api.internal.provider.AbstractProperty::calculatePresence (58 bytes)
Event: 28.048 Thread 0x0000000016bce000 nmethod 9171 0x0000000003c206d0 code [0x0000000003c20980, 0x0000000003c21c28]
Event: 28.048 Thread 0x0000000016bce000 9172       3       org.gradle.internal.snapshot.impl.StringValueSnapshot::hashCode (5 bytes)
Event: 28.049 Thread 0x0000000016bce000 nmethod 9172 0x00000000040c7bd0 code [0x00000000040c7d40, 0x00000000040c7fa8]
Event: 28.056 Thread 0x0000000016bce000 9176       3       org.gradle.internal.resources.AbstractTrackedResourceLock::isLockedByCurrentThread (9 bytes)
Event: 28.057 Thread 0x0000000016bce000 nmethod 9176 0x0000000003c6aa50 code [0x0000000003c6abe0, 0x0000000003c6afc8]
Event: 28.065 Thread 0x0000000016bce000 9177       3       java.io.BufferedInputStream::getInIfOpen (21 bytes)
Event: 28.065 Thread 0x0000000016bce000 nmethod 9177 0x0000000003c4ccd0 code [0x0000000003c4ce40, 0x0000000003c4d088]

GC Heap History (10 events):
Event: 13.105 GC heap before
{Heap before GC invocations=10 (full 2):
 PSYoungGen      total 126464K, used 114176K [0x00000000e0000000, 0x00000000edf80000, 0x0000000100000000)
  eden space 114176K, 100% used [0x00000000e0000000,0x00000000e6f80000,0x00000000e6f80000)
  from space 12288K, 0% used [0x00000000e6f80000,0x00000000e6f80000,0x00000000e7b80000)
  to   space 11776K, 0% used [0x00000000ed400000,0x00000000ed400000,0x00000000edf80000)
 ParOldGen       total 130048K, used 15026K [0x00000000a0000000, 0x00000000a7f00000, 0x00000000e0000000)
  object space 130048K, 11% used [0x00000000a0000000,0x00000000a0eac878,0x00000000a7f00000)
 Metaspace       used 36857K, capacity 38394K, committed 38440K, reserved 1083392K
  class space    used 5057K, capacity 5398K, committed 5424K, reserved 1048576K
Event: 13.120 GC heap after
Heap after GC invocations=10 (full 2):
 PSYoungGen      total 183296K, used 7904K [0x00000000e0000000, 0x00000000edc00000, 0x0000000100000000)
  eden space 175104K, 0% used [0x00000000e0000000,0x00000000e0000000,0x00000000eab00000)
  from space 8192K, 96% used [0x00000000ed400000,0x00000000edbb8090,0x00000000edc00000)
  to   space 11776K, 0% used [0x00000000ec500000,0x00000000ec500000,0x00000000ed080000)
 ParOldGen       total 130048K, used 15034K [0x00000000a0000000, 0x00000000a7f00000, 0x00000000e0000000)
  object space 130048K, 11% used [0x00000000a0000000,0x00000000a0eae878,0x00000000a7f00000)
 Metaspace       used 36857K, capacity 38394K, committed 38440K, reserved 1083392K
  class space    used 5057K, capacity 5398K, committed 5424K, reserved 1048576K
}
Event: 17.023 GC heap before
{Heap before GC invocations=11 (full 2):
 PSYoungGen      total 183296K, used 183008K [0x00000000e0000000, 0x00000000edc00000, 0x0000000100000000)
  eden space 175104K, 100% used [0x00000000e0000000,0x00000000eab00000,0x00000000eab00000)
  from space 8192K, 96% used [0x00000000ed400000,0x00000000edbb8090,0x00000000edc00000)
  to   space 11776K, 0% used [0x00000000ec500000,0x00000000ec500000,0x00000000ed080000)
 ParOldGen       total 130048K, used 15034K [0x00000000a0000000, 0x00000000a7f00000, 0x00000000e0000000)
  object space 130048K, 11% used [0x00000000a0000000,0x00000000a0eae878,0x00000000a7f00000)
 Metaspace       used 52818K, capacity 54762K, committed 54824K, reserved 1097728K
  class space    used 7009K, capacity 7437K, committed 7472K, reserved 1048576K
Event: 17.074 GC heap after
Heap after GC invocations=11 (full 2):
 PSYoungGen      total 213504K, used 11748K [0x00000000e0000000, 0x00000000f0280000, 0x0000000100000000)
  eden space 201728K, 0% used [0x00000000e0000000,0x00000000e0000000,0x00000000ec500000)
  from space 11776K, 99% used [0x00000000ec500000,0x00000000ed079300,0x00000000ed080000)
  to   space 18432K, 0% used [0x00000000ef080000,0x00000000ef080000,0x00000000f0280000)
 ParOldGen       total 130048K, used 29613K [0x00000000a0000000, 0x00000000a7f00000, 0x00000000e0000000)
  object space 130048K, 22% used [0x00000000a0000000,0x00000000a1ceb518,0x00000000a7f00000)
 Metaspace       used 52818K, capacity 54762K, committed 54824K, reserved 1097728K
  class space    used 7009K, capacity 7437K, committed 7472K, reserved 1048576K
}
Event: 18.630 GC heap before
{Heap before GC invocations=12 (full 2):
 PSYoungGen      total 213504K, used 75587K [0x00000000e0000000, 0x00000000f0280000, 0x0000000100000000)
  eden space 201728K, 31% used [0x00000000e0000000,0x00000000e3e57928,0x00000000ec500000)
  from space 11776K, 99% used [0x00000000ec500000,0x00000000ed079300,0x00000000ed080000)
  to   space 18432K, 0% used [0x00000000ef080000,0x00000000ef080000,0x00000000f0280000)
 ParOldGen       total 130048K, used 29613K [0x00000000a0000000, 0x00000000a7f00000, 0x00000000e0000000)
  object space 130048K, 22% used [0x00000000a0000000,0x00000000a1ceb518,0x00000000a7f00000)
 Metaspace       used 56939K, capacity 59108K, committed 59160K, reserved 1099776K
  class space    used 7685K, capacity 8174K, committed 8224K, reserved 1048576K
Event: 18.663 GC heap after
Heap after GC invocations=12 (full 2):
 PSYoungGen      total 245248K, used 14977K [0x00000000e0000000, 0x00000000f2580000, 0x0000000100000000)
  eden space 226816K, 0% used [0x00000000e0000000,0x00000000e0000000,0x00000000edd80000)
  from space 18432K, 81% used [0x00000000ef080000,0x00000000eff207d8,0x00000000f0280000)
  to   space 19456K, 0% used [0x00000000edd80000,0x00000000edd80000,0x00000000ef080000)
 ParOldGen       total 130048K, used 33635K [0x00000000a0000000, 0x00000000a7f00000, 0x00000000e0000000)
  object space 130048K, 25% used [0x00000000a0000000,0x00000000a20d8de8,0x00000000a7f00000)
 Metaspace       used 56939K, capacity 59108K, committed 59160K, reserved 1099776K
  class space    used 7685K, capacity 8174K, committed 8224K, reserved 1048576K
}
Event: 18.663 GC heap before
{Heap before GC invocations=13 (full 3):
 PSYoungGen      total 245248K, used 14977K [0x00000000e0000000, 0x00000000f2580000, 0x0000000100000000)
  eden space 226816K, 0% used [0x00000000e0000000,0x00000000e0000000,0x00000000edd80000)
  from space 18432K, 81% used [0x00000000ef080000,0x00000000eff207d8,0x00000000f0280000)
  to   space 19456K, 0% used [0x00000000edd80000,0x00000000edd80000,0x00000000ef080000)
 ParOldGen       total 130048K, used 33635K [0x00000000a0000000, 0x00000000a7f00000, 0x00000000e0000000)
  object space 130048K, 25% used [0x00000000a0000000,0x00000000a20d8de8,0x00000000a7f00000)
 Metaspace       used 56939K, capacity 59108K, committed 59160K, reserved 1099776K
  class space    used 7685K, capacity 8174K, committed 8224K, reserved 1048576K
Event: 19.132 GC heap after
Heap after GC invocations=13 (full 3):
 PSYoungGen      total 245248K, used 0K [0x00000000e0000000, 0x00000000f2580000, 0x0000000100000000)
  eden space 226816K, 0% used [0x00000000e0000000,0x00000000e0000000,0x00000000edd80000)
  from space 18432K, 0% used [0x00000000ef080000,0x00000000ef080000,0x00000000f0280000)
  to   space 19456K, 0% used [0x00000000edd80000,0x00000000edd80000,0x00000000ef080000)
 ParOldGen       total 130048K, used 34774K [0x00000000a0000000, 0x00000000a7f00000, 0x00000000e0000000)
  object space 130048K, 26% used [0x00000000a0000000,0x00000000a21f59d8,0x00000000a7f00000)
 Metaspace       used 56933K, capacity 59090K, committed 59160K, reserved 1099776K
  class space    used 7683K, capacity 8171K, committed 8224K, reserved 1048576K
}
Event: 25.302 GC heap before
{Heap before GC invocations=14 (full 3):
 PSYoungGen      total 245248K, used 226816K [0x00000000e0000000, 0x00000000f2580000, 0x0000000100000000)
  eden space 226816K, 100% used [0x00000000e0000000,0x00000000edd80000,0x00000000edd80000)
  from space 18432K, 0% used [0x00000000ef080000,0x00000000ef080000,0x00000000f0280000)
  to   space 19456K, 0% used [0x00000000edd80000,0x00000000edd80000,0x00000000ef080000)
 ParOldGen       total 130048K, used 34774K [0x00000000a0000000, 0x00000000a7f00000, 0x00000000e0000000)
  object space 130048K, 26% used [0x00000000a0000000,0x00000000a21f59d8,0x00000000a7f00000)
 Metaspace       used 67674K, capacity 70816K, committed 71192K, reserved 1110016K
  class space    used 9242K, capacity 9890K, committed 10016K, reserved 1048576K
Event: 25.398 GC heap after
Heap after GC invocations=14 (full 3):
 PSYoungGen      total 246272K, used 19449K [0x00000000e0000000, 0x00000000f3a80000, 0x0000000100000000)
  eden space 226816K, 0% used [0x00000000e0000000,0x00000000e0000000,0x00000000edd80000)
  from space 19456K, 99% used [0x00000000edd80000,0x00000000ef07e408,0x00000000ef080000)
  to   space 23040K, 0% used [0x00000000f2400000,0x00000000f2400000,0x00000000f3a80000)
 ParOldGen       total 130048K, used 38380K [0x00000000a0000000, 0x00000000a7f00000, 0x00000000e0000000)
  object space 130048K, 29% used [0x00000000a0000000,0x00000000a257b068,0x00000000a7f00000)
 Metaspace       used 67674K, capacity 70816K, committed 71192K, reserved 1110016K
  class space    used 9242K, capacity 9890K, committed 10016K, reserved 1048576K
}

Deoptimization events (10 events):
Event: 27.529 Thread 0x0000000019a17800 Uncommon trap: reason=bimorphic action=maybe_recompile pc=0x00000000049bc67c method=com.android.ide.common.resources.NodeUtils.processSingleNodeNamespace(Lorg/w3c/dom/Node;Lorg/w3c/dom/Document;)Z @ 100
Event: 27.529 Thread 0x0000000019a17800 Uncommon trap: reason=bimorphic action=maybe_recompile pc=0x00000000049bc67c method=com.android.ide.common.resources.NodeUtils.processSingleNodeNamespace(Lorg/w3c/dom/Node;Lorg/w3c/dom/Document;)Z @ 100
Event: 27.529 Thread 0x0000000019a17800 Uncommon trap: reason=bimorphic action=maybe_recompile pc=0x00000000049bc67c method=com.android.ide.common.resources.NodeUtils.processSingleNodeNamespace(Lorg/w3c/dom/Node;Lorg/w3c/dom/Document;)Z @ 100
Event: 27.529 Thread 0x0000000019a17800 Uncommon trap: reason=bimorphic action=maybe_recompile pc=0x00000000049bc67c method=com.android.ide.common.resources.NodeUtils.processSingleNodeNamespace(Lorg/w3c/dom/Node;Lorg/w3c/dom/Document;)Z @ 100
Event: 27.756 Thread 0x0000000019a17800 Uncommon trap: reason=unstable_if action=reinterpret pc=0x0000000004a68f1c method=sun.nio.cs.UTF_8$Encoder.encodeArrayLoop(Ljava/nio/CharBuffer;Ljava/nio/ByteBuffer;)Ljava/nio/charset/CoderResult; @ 87
Event: 27.927 Thread 0x0000000019a14800 Uncommon trap: reason=class_check action=maybe_recompile pc=0x0000000004a10270 method=com.google.common.base.CharMatcher.indexIn(Ljava/lang/CharSequence;I)I @ 31
Event: 27.927 Thread 0x0000000019a14800 Uncommon trap: reason=class_check action=maybe_recompile pc=0x0000000004a10270 method=com.google.common.base.CharMatcher.indexIn(Ljava/lang/CharSequence;I)I @ 31
Event: 27.927 Thread 0x0000000019a14800 Uncommon trap: reason=class_check action=maybe_recompile pc=0x0000000004a10270 method=com.google.common.base.CharMatcher.indexIn(Ljava/lang/CharSequence;I)I @ 31
Event: 27.927 Thread 0x0000000019a14800 Uncommon trap: reason=class_check action=maybe_recompile pc=0x0000000004a10270 method=com.google.common.base.CharMatcher.indexIn(Ljava/lang/CharSequence;I)I @ 31
Event: 27.948 Thread 0x0000000019a14800 Uncommon trap: reason=class_check action=maybe_recompile pc=0x0000000004a01ff4 method=java.util.Iterator.forEachRemaining(Ljava/util/function/Consumer;)V @ 6

Classes redefined (0 events):
No events

Internal exceptions (10 events):
Event: 26.243 Thread 0x0000000019a17800 Implicit null exception at 0x00000000040b375e to 0x00000000040b38e1
Event: 26.560 Thread 0x0000000019a17800 Exception <a 'java/lang/NoSuchMethodError': java.lang.Object.lambda$codePoints$1()Ljava/util/Spliterator$OfInt;> (0x00000000e2acf4b8) thrown at [C:\src\AOSP-openjdk-git\hotspot\src\share\vm\interpreter\linkResolver.cpp, line 620]
Event: 26.791 Thread 0x0000000019a17800 Implicit null exception at 0x000000000375c63b to 0x000000000375cf19
Event: 27.110 Thread 0x0000000019a17800 Implicit null exception at 0x00000000049b45d7 to 0x00000000049b4949
Event: 27.827 Thread 0x0000000019a17800 Exception <a 'java/lang/NoSuchMethodError': <clinit>> (0x00000000e642cf90) thrown at [C:\src\AOSP-openjdk-git\hotspot\src\share\vm\prims\jni.cpp, line 1615]
Event: 27.829 Thread 0x0000000019a17800 Exception <a 'java/lang/NoSuchMethodError': <clinit>> (0x00000000e643d890) thrown at [C:\src\AOSP-openjdk-git\hotspot\src\share\vm\prims\jni.cpp, line 1615]
Event: 27.831 Thread 0x0000000019a17800 Exception <a 'java/lang/NoSuchMethodError': <clinit>> (0x00000000e644dd00) thrown at [C:\src\AOSP-openjdk-git\hotspot\src\share\vm\prims\jni.cpp, line 1615]
Event: 27.834 Thread 0x0000000019a17800 Exception <a 'java/lang/NoSuchMethodError': <clinit>> (0x00000000e6461558) thrown at [C:\src\AOSP-openjdk-git\hotspot\src\share\vm\prims\jni.cpp, line 1615]
Event: 27.848 Thread 0x0000000019a17800 Exception <a 'java/lang/NoSuchMethodError': <clinit>> (0x00000000e64e6f90) thrown at [C:\src\AOSP-openjdk-git\hotspot\src\share\vm\prims\jni.cpp, line 1615]
Event: 27.925 Thread 0x0000000019a14800 Exception <a 'java/lang/NoSuchMethodError': <clinit>> (0x00000000e675f180) thrown at [C:\src\AOSP-openjdk-git\hotspot\src\share\vm\prims\jni.cpp, line 1615]

Events (10 events):
Event: 28.018 Thread 0x0000000016bce000 flushing nmethod 0x0000000004323c50
Event: 28.018 Thread 0x0000000016bce000 flushing nmethod 0x000000000432d0d0
Event: 28.018 Thread 0x0000000016bce000 flushing nmethod 0x000000000446ee10
Event: 28.022 Thread 0x0000000016bb0000 flushing nmethod 0x000000000452f790
Event: 28.022 Thread 0x0000000016bb0000 flushing nmethod 0x000000000454d510
Event: 28.022 Thread 0x0000000016bb0000 flushing nmethod 0x0000000004594f10
Event: 28.023 Thread 0x0000000016bce000 flushing nmethod 0x00000000045dd350
Event: 28.025 Thread 0x0000000016bce000 flushing nmethod 0x000000000473fc90
Event: 28.025 Thread 0x0000000016bce000 flushing nmethod 0x0000000004767d90
Event: 28.025 Thread 0x0000000016bce000 flushing nmethod 0x00000000047bd2d0


Dynamic libraries:
0x00007ff7f5bf0000 - 0x00007ff7f5c21000 	E:\Programs\Astudio\jre\bin\java.exe
0x00007ff924c10000 - 0x00007ff924e05000 	C:\WINDOWS\SYSTEM32\ntdll.dll
0x00007ff922d50000 - 0x00007ff922e0d000 	C:\WINDOWS\System32\KERNEL32.DLL
0x00007ff9223b0000 - 0x00007ff922679000 	C:\WINDOWS\System32\KERNELBASE.dll
0x00007ff923720000 - 0x00007ff9237cc000 	C:\WINDOWS\System32\ADVAPI32.dll
0x00007ff924350000 - 0x00007ff9243ee000 	C:\WINDOWS\System32\msvcrt.dll
0x00007ff924450000 - 0x00007ff9244ec000 	C:\WINDOWS\System32\sechost.dll
0x00007ff924aa0000 - 0x00007ff924bcb000 	C:\WINDOWS\System32\RPCRT4.dll
0x00007ff924680000 - 0x00007ff924820000 	C:\WINDOWS\System32\USER32.dll
0x00007ff922b70000 - 0x00007ff922b92000 	C:\WINDOWS\System32\win32u.dll
0x00007ff923630000 - 0x00007ff92365a000 	C:\WINDOWS\System32\GDI32.dll
0x00007ff9228e0000 - 0x00007ff9229eb000 	C:\WINDOWS\System32\gdi32full.dll
0x00007ff922ba0000 - 0x00007ff922c3d000 	C:\WINDOWS\System32\msvcp_win.dll
0x00007ff9229f0000 - 0x00007ff922af0000 	C:\WINDOWS\System32\ucrtbase.dll
0x00007ff913480000 - 0x00007ff91371a000 	C:\WINDOWS\WinSxS\amd64_microsoft.windows.common-controls_6595b64144ccf1df_6.0.19041.844_none_ca00b6081b84eb1d\COMCTL32.dll
0x00007ff9242a0000 - 0x00007ff9242d0000 	C:\WINDOWS\System32\IMM32.DLL
0x00000000596d0000 - 0x00000000597a2000 	E:\Programs\Astudio\jre\jre\bin\msvcr100.dll
0x00000000597b0000 - 0x0000000059ffb000 	E:\Programs\Astudio\jre\jre\bin\server\jvm.dll
0x00007ff923710000 - 0x00007ff923718000 	C:\WINDOWS\System32\PSAPI.DLL
0x00007ff90bd30000 - 0x00007ff90bd39000 	C:\WINDOWS\SYSTEM32\WSOCK32.dll
0x00007ff922ce0000 - 0x00007ff922d4b000 	C:\WINDOWS\System32\WS2_32.dll
0x00007ff9133a0000 - 0x00007ff9133c7000 	C:\WINDOWS\SYSTEM32\WINMM.dll
0x00007ff921ee0000 - 0x00007ff921eea000 	C:\WINDOWS\SYSTEM32\VERSION.dll
0x00007ff91bf80000 - 0x00007ff91bf8f000 	E:\Programs\Astudio\jre\jre\bin\verify.dll
0x00007ff91a850000 - 0x00007ff91a879000 	E:\Programs\Astudio\jre\jre\bin\java.dll
0x00007ff910aa0000 - 0x00007ff910ab6000 	E:\Programs\Astudio\jre\jre\bin\zip.dll
0x00007ff922ee0000 - 0x00007ff923622000 	C:\WINDOWS\System32\SHELL32.dll
0x00007ff920420000 - 0x00007ff920bb0000 	C:\WINDOWS\SYSTEM32\windows.storage.dll
0x00007ff923ca0000 - 0x00007ff923ff5000 	C:\WINDOWS\System32\combase.dll
0x00007ff921d50000 - 0x00007ff921d7c000 	C:\WINDOWS\SYSTEM32\Wldp.dll
0x00007ff924820000 - 0x00007ff9248ce000 	C:\WINDOWS\System32\SHCORE.dll
0x00007ff922c70000 - 0x00007ff922cc5000 	C:\WINDOWS\System32\shlwapi.dll
0x00007ff922290000 - 0x00007ff9222af000 	C:\WINDOWS\SYSTEM32\profapi.dll
0x00007ff90c8d0000 - 0x00007ff90c8ea000 	E:\Programs\Astudio\jre\jre\bin\net.dll
0x00007ff921ad0000 - 0x00007ff921b3a000 	C:\WINDOWS\system32\mswsock.dll
0x00007ff909030000 - 0x00007ff909043000 	E:\Programs\Astudio\jre\jre\bin\nio.dll
0x00007ff910440000 - 0x00007ff910467000 	C:\Users\alexo\.gradle\native\f6784746aeab05261644944871eae4fe03e0ef1612fff0a4a95f87b438bc6780\windows-amd64\native-platform.dll
0x00007ff910b40000 - 0x00007ff910b4d000 	E:\Programs\Astudio\jre\jre\bin\management.dll
0x00007ff921cb0000 - 0x00007ff921cc8000 	C:\WINDOWS\SYSTEM32\CRYPTSP.dll
0x00007ff9213a0000 - 0x00007ff9213d4000 	C:\WINDOWS\system32\rsaenh.dll
0x00007ff922c40000 - 0x00007ff922c67000 	C:\WINDOWS\System32\bcrypt.dll
0x00007ff922210000 - 0x00007ff92223e000 	C:\WINDOWS\SYSTEM32\USERENV.dll
0x00007ff922af0000 - 0x00007ff922b70000 	C:\WINDOWS\System32\bcryptprimitives.dll
0x00007ff921ca0000 - 0x00007ff921cac000 	C:\WINDOWS\SYSTEM32\CRYPTBASE.dll
0x00007ff921750000 - 0x00007ff92178b000 	C:\WINDOWS\SYSTEM32\IPHLPAPI.DLL
0x00007ff922cd0000 - 0x00007ff922cd8000 	C:\WINDOWS\System32\NSI.dll
0x00007ff9175b0000 - 0x00007ff9175c7000 	C:\WINDOWS\SYSTEM32\dhcpcsvc6.DLL
0x00007ff918010000 - 0x00007ff91802d000 	C:\WINDOWS\SYSTEM32\dhcpcsvc.DLL
0x00007ff9217c0000 - 0x00007ff92188b000 	C:\WINDOWS\SYSTEM32\DNSAPI.dll
0x00007ff9180a0000 - 0x00007ff9180ab000 	C:\WINDOWS\SYSTEM32\WINNSI.DLL

VM Arguments:
jvm_args: -Xmx1536m -Dfile.encoding=windows-1251 -Duser.country=RU -Duser.language=ru -Duser.variant 
java_command: org.gradle.launcher.daemon.bootstrap.GradleDaemon 6.5
java_class_path (initial): C:\Users\alexo\.gradle\wrapper\dists\gradle-6.5-all\2oz4ud9k3tuxjg84bbf55q0tn\gradle-6.5\lib\gradle-launcher-6.5.jar
Launcher Type: SUN_STANDARD

Environment Variables:
JAVA_HOME=C:\Program Files\Java\jdk-13.0.2
PATH=C:\Program Files\Microsoft MPI\Bin\;C:\Program Files (x86)\Common Files\Oracle\Java\javapath;C:\Windows\system32;C:\Windows;C:\Windows\System32\Wbem;C:\Windows\System32\WindowsPowerShell\v1.0\;C:\Program Files (x86)\NVIDIA Corporation\PhysX\Common;C:\Program Files\NVIDIA Corporation\NVIDIA NvDLISR;C:\WINDOWS\system32;C:\WINDOWS;C:\WINDOWS\System32\Wbem;C:\WINDOWS\System32\WindowsPowerShell\v1.0\;C:\WINDOWS\System32\OpenSSH\;E:\Programs\Git\Git\cmd;C:\Program Files\dotnet\;C:\Program Files\Microsoft SQL Server\130\Tools\Binn\;C:\Program Files\Microsoft SQL Server\Client SDK\ODBC\170\Tools\Binn\;E:\Programs\Coocox\CoIDE\gcc\bin;E:\Programs\GPG\Gpg4win\..\GnuPG\bin;E:\Programs\Anaconda;E:\Programs\Anaconda\Scripts;E:\Programs\Anaconda\Library\bin;C:\Users\alexo\AppData\Local\Programs\Python\Python38-32\Scripts\;C:\Users\alexo\AppData\Local\Programs\Python\Python38-32\;C:\Users\alexo\AppData\Local\Microsoft\WindowsApps;C:\Program Files\Java\jdk-13.0.2bin;;E:\Programs\InteliJ Idea\IntelliJ IDEA Community Edition 2020.1.3\bin;;C:\Program Files (x86)\GNU Tools ARM Embedded\4.7 2013q3\bin
USERNAME=alexo
OS=Windows_NT
PROCESSOR_IDENTIFIER=Intel64 Family 6 Model 58 Stepping 9, GenuineIntel



---------------  S Y S T E M  ---------------

OS: Windows 10.0 , 64 bit Build 19041 (10.0.19041.804)

CPU:total 4 (initial active 4) (2 cores per cpu, 2 threads per core) family 6 model 58 stepping 9, cmov, cx8, fxsr, mmx, sse, sse2, sse3, ssse3, sse4.1, sse4.2, popcnt, avx, clmul, erms, ht, tsc, tscinvbit, tscinv

Memory: 4k page, physical 16663832k(2354128k free), swap 16663832k(5848k free)

vm_info: OpenJDK 64-Bit Server VM (25.242-b01) for windows-amd64 JRE (1.8.0_242-release-1644-b01), built by "builder" with MS VC++ 10.0 (VS2010)

time: Sun Apr 18 16:01:01 2021
timezone: Восточная Европа (лето)
elapsed time: 28 seconds (0d 0h 0m 28s)

