JvmtiExport can_access_local_variables 0
JvmtiExport can_hotswap_or_post_breakpoint 0
JvmtiExport can_post_on_exceptions 0
# 446 ciObject found
ciMethod java/lang/Object <init> ()V 4097 1 135547 0 0
ciMethod java/lang/Object hashCode ()I 2049 1 256 0 -1
ciMethod java/lang/Object equals (Ljava/lang/Object;)Z 2169 1 3848 0 -1
ciMethod java/lang/Object clone ()Ljava/lang/Object; 2049 1 256 0 -1
ciMethod java/lang/String <init> ([CII)V 1921 1 5422 0 704
ciMethod java/lang/String <init> ([BIILjava/lang/String;)V 2065 1 1109 0 -1
ciMethod java/lang/String <init> ([CZ)V 2049 1 10440 0 0
ciMethod java/lang/String length ()I 4097 1 90001 0 0
ciMethod java/lang/String charAt (I)C 4097 1 688715 0 -1
ciMethod java/lang/String codePointAt (I)I 681 1 3663 0 -1
ciMethod java/lang/String getChars ([CI)V 2057 1 5414 0 0
ciMethod java/lang/String equals (Ljava/lang/Object;)Z 2201 10001 7861 0 -1
ciMethod java/lang/String equalsIgnoreCase (Ljava/lang/String;)Z 2049 1 5377 0 1472
ciMethod java/lang/String regionMatches (ZILjava/lang/String;II)Z 1297 657 5316 0 1984
ciMethod java/lang/String startsWith (Ljava/lang/String;I)Z 2233 7377 4545 0 416
ciMethod java/lang/String endsWith (Ljava/lang/String;)Z 2049 1 12546 0 384
ciMethod java/lang/String hashCode ()I 2945 32769 1059 0 288
ciMethod java/lang/String lastIndexOf (I)I 2057 1 12909 0 0
ciMethod java/lang/String lastIndexOf (II)I 841 42209 964 0 288
ciMethod java/lang/String lastIndexOfSupplementary (II)I 0 0 1 0 -1
ciMethod java/lang/String substring (II)Ljava/lang/String; 2569 1 5446 0 992
ciMethod java/lang/String concat (Ljava/lang/String;)Ljava/lang/String; 2049 1 5414 0 896
ciMethod java/lang/String replace (CC)Ljava/lang/String; 993 49369 856 0 1152
ciMethod java/lang/String toUpperCase (Ljava/util/Locale;)Ljava/lang/String; 1153 29289 839 0 2336
ciMethod java/lang/ClassLoader defineClass (Ljava/lang/String;[BIILjava/security/ProtectionDomain;)Ljava/lang/Class; 2169 1 1793 0 -1
ciMethod java/lang/ClassLoader definePackage (Ljava/lang/String;Ljava/lang/String;Ljava/lang/String;Ljava/lang/String;Ljava/lang/String;Ljava/lang/String;Ljava/lang/String;Ljava/net/URL;)Ljava/lang/Package; 977 1 332 0 0
ciMethod java/lang/ClassLoader getPackage (Ljava/lang/String;)Ljava/lang/Package; 3073 1 3582 0 0
ciMethod java/lang/System nanoTime ()J 3073 1 384 0 -1
ciMethod java/lang/System arraycopy (Ljava/lang/Object;ILjava/lang/Object;II)V 5121 1 640 0 -1
ciMethod java/lang/Throwable addSuppressed (Ljava/lang/Throwable;)V 0 0 1 0 -1
ciMethod java/security/SecureClassLoader defineClass (Ljava/lang/String;[BIILjava/security/CodeSource;)Ljava/lang/Class; 2169 1 1736 0 0
ciMethod java/security/SecureClassLoader defineClass (Ljava/lang/String;Ljava/nio/ByteBuffer;Ljava/security/CodeSource;)Ljava/lang/Class; 0 0 1 0 -1
ciMethod java/security/SecureClassLoader getProtectionDomain (Ljava/security/CodeSource;)Ljava/security/ProtectionDomain; 2169 1 1793 0 -1
ciMethod java/lang/ref/Reference get ()Ljava/lang/Object; 2081 1 260 0 -1
ciMethod java/lang/ref/Reference <init> (Ljava/lang/Object;)V 2049 1 2884 0 0
ciMethod java/lang/ref/Reference <init> (Ljava/lang/Object;Ljava/lang/ref/ReferenceQueue;)V 2049 1 11280 0 0
ciMethod java/lang/ref/SoftReference <init> (Ljava/lang/Object;)V 1441 1 1239 0 0
ciMethod java/lang/ref/SoftReference get ()Ljava/lang/Object; 2057 1 4830 0 0
ciMethod java/lang/Thread currentThread ()Ljava/lang/Thread; 2049 1 256 0 -1
ciMethod java/lang/Thread interrupt ()V 0 0 1 0 -1
ciMethod java/lang/Thread interrupted ()Z 3201 1 1894 0 -1
ciMethod java/util/Map get (Ljava/lang/Object;)Ljava/lang/Object; 0 0 1 0 -1
ciMethod java/util/Map put (Ljava/lang/Object;Ljava/lang/Object;)Ljava/lang/Object; 0 0 1 0 -1
ciMethod java/util/Hashtable <init> (IF)V 2065 1 387 0 0
ciMethod java/util/Hashtable <init> (I)V 657 1 82 0 0
ciMethod java/util/Hashtable <init> ()V 2049 1 305 0 0
ciMethod java/util/Dictionary <init> ()V 2089 1 387 0 0
ciMethod sun/misc/Unsafe ensureClassInitialized (Ljava/lang/Class;)V 1137 1 141 0 -1
ciMethod java/io/ByteArrayInputStream <init> ([B)V 49 1 83 0 0
ciMethod java/io/InputStream <init> ()V 2049 1 4883 0 0
ciMethod java/io/InputStream read ([BII)I 9 1521 1 0 -1
ciMethod java/io/InputStream close ()V 0 0 1 0 -1
ciMethod java/net/URLClassLoader getAndVerifyPackage (Ljava/lang/String;Ljava/util/jar/Manifest;Ljava/net/URL;)Ljava/lang/Package; 3185 1 1755 0 0
ciMethod java/net/URLClassLoader definePackageInternal (Ljava/lang/String;Ljava/util/jar/Manifest;Ljava/net/URL;)V 2161 1 1737 0 0
ciMethod java/net/URLClassLoader defineClass (Ljava/lang/String;Lsun/misc/Resource;)Ljava/lang/Class; 1137 1 1736 0 0
ciMethod java/net/URLClassLoader definePackage (Ljava/lang/String;Ljava/util/jar/Manifest;Ljava/net/URL;)Ljava/lang/Package; 977 1 332 0 0
ciMethod java/net/URLClassLoader isSealed (Ljava/lang/String;Ljava/util/jar/Manifest;)Z 2049 1 1424 0 0
ciMethod java/net/URLClassLoader access$000 (Ljava/net/URLClassLoader;)Lsun/misc/URLClassPath; 1041 1 130 0 0
ciMethod java/net/URLClassLoader access$100 (Ljava/net/URLClassLoader;Ljava/lang/String;Lsun/misc/Resource;)Ljava/lang/Class; 1137 1 1730 0 0
ciMethod java/util/jar/Manifest <init> (Ljava/io/InputStream;)V 89 1 63 0 0
ciMethod java/util/jar/Manifest <init> (Ljava/util/jar/JarVerifier;Ljava/io/InputStream;)V 137 1 143 0 0
ciMethod java/util/jar/Manifest getMainAttributes ()Ljava/util/jar/Attributes; 1025 1 128 0 0
ciMethod java/util/jar/Manifest getEntries ()Ljava/util/Map; 1025 1 128 0 0
ciMethod java/util/jar/Manifest getAttributes (Ljava/lang/String;)Ljava/util/jar/Attributes; 4097 1 1866 0 0
ciMethod java/util/jar/Manifest getTrustedAttributes (Ljava/lang/String;)Ljava/util/jar/Attributes; 2961 1 1768 0 0
ciMethod java/util/jar/Manifest read (Ljava/io/InputStream;)V 1161 393 144 0 -1
ciMethod java/util/jar/Manifest parseName ([BI)Ljava/lang/String; 393 1 49 0 -1
ciMethod java/security/CodeSource <init> (Ljava/net/URL;[Ljava/security/CodeSigner;)V 2161 1 1736 0 0
ciMethod java/lang/Character charCount (I)I 961 1 6635 0 -1
ciMethod java/lang/Character toChars (I[CI)I 0 0 1 0 -1
ciMethod java/lang/Character toChars (I)[C 0 0 1 0 -1
ciMethod java/lang/Character toLowerCase (C)C 2057 1 14872 0 0
ciMethod java/lang/Character toLowerCase (I)I 4097 1 99644 0 160
ciMethod java/lang/Character toUpperCase (C)C 2081 1 13907 0 192
ciMethod java/lang/Character toUpperCase (I)I 2081 1 13907 0 0
ciMethod java/lang/Character toUpperCaseEx (I)I 2097 1 29267 0 -1
ciMethod java/lang/Character toUpperCaseCharArray (I)[C 0 0 1 0 -1
ciMethod java/lang/Float isNaN (F)Z 2057 1 2078 0 0
ciMethod java/lang/Float floatToRawIntBits (F)I 9 1 1 0 -1
ciMethod java/util/Comparator compare (Ljava/lang/Object;Ljava/lang/Object;)I 0 0 1 0 -1
ciMethod java/security/AccessController doPrivileged (Ljava/security/PrivilegedAction;)Ljava/lang/Object; 3073 1 384 0 -1
ciMethod java/util/AbstractList <init> ()V 2121 1 3910 0 0
ciMethod java/util/AbstractCollection <init> ()V 377 1 6759 0 0
ciMethod java/util/ArrayList <init> ()V 889 1 1499 0 0
ciMethod java/util/ArrayList get (I)Ljava/lang/Object; 1921 1 6441 0 -1
ciMethod java/util/AbstractMap <init> ()V 441 1 2929 0 0
ciMethod sun/misc/SharedSecrets javaUtilJarAccess ()Lsun/misc/JavaUtilJarAccess; 2049 1 3714 0 0
ciMethod java/util/HashMap hash (Ljava/lang/Object;)I 2129 1 19400 0 160
ciMethod java/util/HashMap tableSizeFor (I)I 2049 1 1185 0 -1
ciMethod java/util/HashMap <init> (IF)V 2049 1 1179 0 0
ciMethod java/util/HashMap <init> (I)V 2169 1 628 0 0
ciMethod java/util/HashMap <init> ()V 137 1 1146 0 0
ciMethod java/util/HashMap get (Ljava/lang/Object;)Ljava/lang/Object; 2049 1 11567 0 576
ciMethod java/util/HashMap getNode (ILjava/lang/Object;)Ljava/util/HashMap$Node; 2049 1 5388 0 544
ciMethod java/util/HashMap put (Ljava/lang/Object;Ljava/lang/Object;)Ljava/lang/Object; 753 1 6073 0 1248
ciMethod java/util/HashMap putVal (ILjava/lang/Object;Ljava/lang/Object;ZZ)Ljava/lang/Object; 785 9 5860 0 -1
ciMethod java/lang/Math max (II)I 657 1 48629 0 -1
ciMethod java/lang/Math min (II)I 3137 1 42576 0 -1
ciMethod java/lang/Math min (FF)F 2057 1 416 0 0
ciMethod java/util/Arrays copyOf ([BI)[B 2065 1 10760 0 -1
ciMethod java/util/Arrays copyOf ([CI)[C 977 1 14946 0 0
ciMethod java/util/Arrays copyOfRange ([CII)[C 2113 1 5431 0 512
ciMethod java/io/OutputStream <init> ()V 2057 1 255 0 0
ciMethodData java/lang/Object <init> ()V 2 135551 orig 264 88 29 229 105 0 0 0 0 128 4 128 21 0 0 0 0 32 1 0 0 0 0 0 0 0 0 0 0 0 0 0 0 0 0 0 0 0 0 0 0 0 0 0 0 0 0 0 0 0 0 0 0 0 0 0 0 0 0 0 0 0 0 0 0 0 0 0 0 0 0 0 0 0 0 0 0 0 0 0 0 77 68 79 32 101 120 116 114 97 32 100 97 116 97 32 108 111 99 107 0 0 0 0 0 0 0 0 0 0 0 0 0 0 0 0 0 0 0 0 0 0 0 0 0 0 0 0 0 0 0 0 0 0 0 0 0 0 0 0 0 0 0 0 0 0 0 0 0 0 0 0 0 0 0 0 0 0 0 0 0 0 0 0 0 0 0 0 0 0 0 0 0 0 0 0 0 0 0 0 0 0 0 0 0 1 0 0 0 0 0 0 0 1 0 0 0 0 0 0 0 1 0 0 0 0 0 0 0 0 0 0 0 0 0 0 0 0 2 0 0 249 123 16 0 1 0 0 0 0 0 0 0 0 0 0 0 2 0 0 0 0 0 3 0 1 0 0 0 0 0 0 0 255 255 255 255 0 0 0 0 0 0 0 0 data 0 oops 0
ciMethod java/lang/IllegalArgumentException <init> (Ljava/lang/String;)V 0 0 1 0 -1
ciMethod sun/misc/MetaIndex mayContain (Ljava/lang/String;)Z 1673 2585 5072 0 -1
ciMethod java/util/Locale getLanguage ()Ljava/lang/String; 369 1 1246 0 -1
ciMethod java/lang/CharacterData toLowerCase (I)I 0 0 1 0 -1
ciMethod java/lang/CharacterData toUpperCase (I)I 0 0 1 0 -1
ciMethod java/lang/CharacterData of (I)Ljava/lang/CharacterData; 4097 1 6594 0 96
ciMethod java/lang/CharacterDataLatin1 getProperties (I)I 4097 1 26986 0 -1
ciMethod java/lang/CharacterDataLatin1 toLowerCase (I)I 4097 1 6675 0 160
ciMethod java/lang/CharacterDataLatin1 toUpperCase (I)I 3073 1 5647 0 160
ciMethod java/util/HashMap$TreeNode getTreeNode (ILjava/lang/Object;)Ljava/util/HashMap$TreeNode; 0 0 1 0 -1
ciMethodData java/lang/Character toLowerCase (I)I 2 99644 orig 264 88 29 229 105 0 0 0 0 88 204 137 21 0 0 0 0 136 1 0 0 0 0 0 0 0 0 0 0 0 0 0 0 0 0 0 0 0 0 0 0 0 0 0 0 0 0 0 0 0 0 0 0 0 0 0 0 0 0 0 0 0 0 0 0 0 0 0 0 0 0 0 0 0 0 0 0 0 0 0 0 77 68 79 32 101 120 116 114 97 32 100 97 116 97 32 108 111 99 107 0 0 0 0 0 0 0 0 0 0 0 0 0 0 0 0 0 0 0 0 0 0 0 0 0 0 0 0 0 0 0 0 0 0 0 0 0 0 0 0 0 0 0 0 0 0 0 0 0 0 0 0 0 0 0 0 0 0 0 0 0 0 0 0 0 0 0 0 0 0 0 0 0 0 0 0 0 0 0 0 0 0 0 0 0 0 0 0 0 0 0 0 0 0 0 0 0 0 0 0 0 0 0 0 0 0 0 0 0 0 0 0 0 0 0 0 0 0 2 0 0 225 25 12 0 1 0 0 0 0 0 0 0 0 0 0 0 2 0 0 0 0 0 3 0 2 0 0 0 64 0 0 0 255 255 255 255 2 0 1 0 0 0 0 0 data 8 0x10002 0x1833c 0x50005 0x0 0x18846120 0x1833c 0x0 0x0 oops 1 4 java/lang/CharacterDataLatin1
ciMethod sun/misc/URLClassPath getResource (Ljava/lang/String;Z)Lsun/misc/Resource; 1833 16601 1590 0 640
ciMethod sun/misc/URLClassPath getLookupCacheForClassLoader (Ljava/lang/ClassLoader;Ljava/lang/String;)[I 0 0 1 0 -1
ciMethod sun/misc/URLClassPath getLookupCache (Ljava/lang/String;)[I 1881 1 1640 0 0
ciMethod sun/misc/URLClassPath ensureLoaderOpened (I)Z 0 0 1 0 -1
ciMethod sun/misc/URLClassPath getNextLoader ([II)Lsun/misc/URLClassPath$Loader; 2049 1 6800 0 5888
ciMethod sun/misc/URLClassPath getLoader (I)Lsun/misc/URLClassPath$Loader; 7649 121 6800 0 -1
ciMethodData java/lang/String hashCode ()I 2 21410 orig 264 88 29 229 105 0 0 0 0 0 80 128 21 0 0 0 0 152 1 0 0 32 0 0 0 0 0 0 0 0 0 0 0 0 0 0 0 0 0 0 0 0 0 0 0 0 0 0 0 0 0 0 0 0 0 0 0 0 0 0 0 0 0 0 0 0 0 0 0 0 0 0 0 0 0 0 0 0 0 0 0 77 68 79 32 101 120 116 114 97 32 100 97 116 97 32 108 111 99 107 0 0 0 0 0 0 0 0 0 0 0 0 0 0 0 0 0 0 0 0 0 0 0 0 0 0 0 0 0 0 0 0 0 0 0 0 0 0 0 0 0 0 0 0 0 0 0 0 0 0 0 0 0 0 0 0 0 0 0 0 0 0 0 0 0 0 0 0 0 0 0 0 0 0 0 0 0 0 0 0 0 0 0 0 0 0 0 0 0 0 0 0 0 0 0 0 0 0 0 0 0 0 0 0 0 0 0 0 0 0 0 0 0 0 0 0 0 0 16 0 0 153 21 0 0 17 29 2 0 0 0 0 0 0 0 0 0 2 0 0 0 1 0 11 0 2 0 0 0 120 0 0 0 255 255 255 255 7 0 6 0 0 0 0 0 data 15 0x60007 0xf1 0x78 0x1c2 0xe0007 0x4 0x58 0x1be 0x1e0007 0x1be 0x38 0x4395 0x2d0003 0x4395 0xffffffffffffffe0 oops 0
ciMethod java/net/URLClassLoader$1 run ()Ljava/lang/Class; 2065 1 5379 0 0
ciMethod java/net/URLClassLoader$1 run ()Ljava/lang/Object; 2065 1 5379 0 -1
ciMethod sun/misc/URLClassPath$JarLoader ensureOpen ()V 529 1 5213 3 -1
ciMethod sun/misc/URLClassPath$JarLoader checkResource (Ljava/lang/String;ZLjava/util/jar/JarEntry;)Lsun/misc/Resource; 145 1 482 0 -1
ciMethod sun/misc/URLClassPath$JarLoader getResource (Ljava/lang/String;Z)Lsun/misc/Resource; 2137 1 13553 0 2784
ciMethod sun/misc/URLClassPath$JarLoader getResource (Ljava/lang/String;ZLjava/util/Set;)Lsun/misc/Resource; 1 1 1413 0 -1
ciMethod sun/misc/URLClassPath$JarLoader access$600 (Lsun/misc/URLClassPath$JarLoader;)Ljava/net/URL; 1057 1 132 0 0
ciMethod sun/misc/URLClassPath$JarLoader access$700 (Lsun/misc/URLClassPath$JarLoader;)Ljava/util/jar/JarFile; 1041 1 130 0 0
ciMethod sun/misc/URLClassPath$Loader getResource (Ljava/lang/String;Z)Lsun/misc/Resource; 0 0 1 0 -1
ciMethod java/util/zip/ZipFile getEntry (J[BZ)J 2049 1 256 0 -1
ciMethod java/util/zip/ZipFile getInputStream (Ljava/util/zip/ZipEntry;)Ljava/io/InputStream; 2049 1 2274 0 0
ciMethod java/util/zip/ZipFile getInflater ()Ljava/util/zip/Inflater; 2041 1 2284 0 -1
ciMethod java/util/zip/ZipFile ensureOpen ()V 2049 1 5460 0 -1
ciMethod java/util/zip/ZipFile getEntrySize (J)J 2049 1 256 0 -1
ciMethod java/util/zip/ZipFile getEntryMethod (J)I 2049 1 256 0 -1
ciMethodData java/util/Arrays copyOf ([CI)[C 2 14946 orig 264 88 29 229 105 0 0 0 0 32 184 145 21 0 0 0 0 112 1 0 0 0 0 0 0 0 0 0 0 0 0 0 0 0 0 0 0 0 0 0 0 0 0 0 0 0 0 0 0 0 0 0 0 0 0 0 0 0 0 0 0 0 0 0 0 0 0 0 0 0 0 0 0 0 0 0 0 0 0 0 0 77 68 79 32 101 120 116 114 97 32 100 97 116 97 32 108 111 99 107 0 0 0 0 0 0 0 0 0 0 0 0 0 0 0 0 0 0 0 0 0 0 0 0 0 0 0 0 0 0 0 0 0 0 0 0 0 0 0 0 0 0 0 0 0 0 0 0 0 0 0 0 0 0 0 0 0 0 0 0 0 0 0 0 0 0 0 0 0 0 0 0 0 0 0 0 0 0 0 0 0 0 0 0 0 0 0 0 0 0 0 0 0 0 0 0 0 0 0 0 0 0 0 0 0 0 0 0 0 0 0 0 0 0 0 0 0 122 0 0 0 65 207 1 0 1 0 0 0 0 0 0 0 0 0 0 0 2 0 0 0 0 0 7 0 2 0 0 0 32 0 0 0 255 255 255 255 2 0 11 0 0 0 0 0 data 4 0xb0002 0x39e8 0xe0002 0x39e8 oops 0
ciMethodData java/lang/String length ()I 2 90009 orig 264 88 29 229 105 0 0 0 0 96 60 128 21 0 0 0 0 32 1 0 0 0 0 0 0 0 0 0 0 0 0 0 0 0 0 0 0 0 0 0 0 0 0 0 0 0 0 0 0 0 0 0 0 0 0 0 0 0 0 0 0 0 0 0 0 0 0 0 0 0 0 0 0 0 0 0 0 0 0 0 0 77 68 79 32 101 120 116 114 97 32 100 97 116 97 32 108 111 99 107 0 0 0 0 0 0 0 0 0 0 0 0 0 0 0 0 0 0 0 0 0 0 0 0 0 0 0 0 0 0 0 0 0 0 0 0 0 0 0 0 0 0 0 0 0 0 0 0 0 0 0 0 0 0 0 0 0 0 0 0 0 0 0 0 0 0 0 0 0 0 0 0 0 0 0 0 0 0 0 0 0 0 0 0 0 0 0 0 0 0 0 0 0 0 0 0 0 0 0 0 0 0 0 0 0 0 0 0 0 0 0 0 0 0 0 0 0 0 2 0 0 201 236 10 0 1 0 0 0 0 0 0 0 0 0 0 0 2 0 0 0 0 0 3 0 1 0 0 0 0 0 0 0 255 255 255 255 0 0 0 0 0 0 0 0 data 0 oops 0
ciMethodData java/util/Arrays copyOfRange ([CII)[C 2 5431 orig 264 88 29 229 105 0 0 0 0 232 191 145 21 0 0 0 0 120 2 0 0 240 0 0 0 0 0 0 0 0 0 0 0 0 0 0 0 0 0 0 0 0 0 0 0 0 0 0 0 0 0 0 0 0 0 0 0 0 0 0 0 0 0 0 0 0 0 0 0 0 0 0 0 0 0 0 0 0 0 0 0 77 68 79 32 101 120 116 114 97 32 100 97 116 97 32 108 111 99 107 0 0 0 0 0 0 0 0 0 0 0 0 0 0 0 0 0 0 0 0 0 0 0 0 0 0 0 0 0 0 0 0 0 0 0 0 0 0 0 0 0 0 0 0 0 0 0 0 0 0 0 0 0 0 0 0 0 0 0 0 0 0 0 0 0 0 0 0 0 0 0 0 0 0 0 0 0 0 0 0 0 0 0 0 0 0 0 0 0 0 0 0 0 0 0 0 0 0 0 0 0 0 0 0 0 0 0 0 0 0 0 0 0 0 0 0 0 8 1 0 0 121 161 0 0 1 0 0 0 0 0 0 0 0 0 0 0 2 0 0 0 0 0 9 0 2 0 0 0 32 1 0 0 255 255 255 255 7 0 5 0 0 0 0 0 data 36 0x50007 0x142f 0x100 0x0 0x100002 0x0 0x140005 0x0 0x0 0x0 0x0 0x0 0x190005 0x0 0x0 0x0 0x0 0x0 0x1d0005 0x0 0x0 0x0 0x0 0x0 0x200005 0x0 0x0 0x0 0x0 0x0 0x230002 0x0 0x360002 0x142f 0x390002 0x142f oops 0
ciMethodData java/lang/String <init> ([CII)V 2 5422 orig 264 88 29 229 105 0 0 0 0 160 49 128 21 0 0 0 0 80 2 0 0 208 0 0 0 0 0 0 0 0 0 0 0 0 0 0 0 0 0 0 0 0 0 0 0 0 0 0 0 0 0 0 0 0 0 0 0 0 0 0 0 0 0 0 0 0 0 0 0 0 0 0 0 0 0 0 0 0 0 0 0 77 68 79 32 101 120 116 114 97 32 100 97 116 97 32 108 111 99 107 0 0 0 0 0 0 0 0 0 0 0 0 0 0 0 0 0 0 0 0 0 0 0 0 0 0 0 0 0 0 0 0 0 0 0 0 0 0 0 0 0 0 0 0 0 0 0 0 0 0 0 0 0 0 0 0 0 0 0 0 0 0 0 0 0 0 0 0 0 0 0 0 0 0 0 0 0 0 0 0 0 0 0 0 0 0 0 0 0 0 0 0 0 0 0 0 0 0 0 0 0 0 0 0 0 0 0 0 0 0 0 0 0 0 0 0 0 240 0 0 0 241 161 0 0 1 0 0 0 0 0 0 0 0 0 0 0 2 0 0 0 0 0 14 0 2 0 0 0 240 0 0 0 255 255 255 255 2 0 1 0 0 0 0 0 data 30 0x10002 0x143e 0x50007 0x143e 0x30 0x0 0xd0002 0x0 0x120007 0x1432 0x70 0xc 0x160007 0xc 0x30 0x0 0x1e0002 0x0 0x250007 0x0 0x20 0xc 0x370007 0x1432 0x30 0x0 0x410002 0x0 0x4b0002 0x1432 oops 0
ciMethod java/util/jar/JarFile getManifest ()Ljava/util/jar/Manifest; 729 1 1819 0 0
ciMethod java/util/jar/JarFile getManifestFromReference ()Ljava/util/jar/Manifest; 745 1 1823 0 0
ciMethod java/util/jar/JarFile getMetaInfEntryNames ()[Ljava/lang/String; 881 1 109 0 -1
ciMethod java/util/jar/JarFile getJarEntry (Ljava/lang/String;)Ljava/util/jar/JarEntry; 537 1 7655 0 512
ciMethod java/util/jar/JarFile getEntry (Ljava/lang/String;)Ljava/util/zip/ZipEntry; 537 1 7558 0 -1
ciMethod java/util/jar/JarFile maybeInstantiateVerifier ()V 2057 1105 5270 0 0
ciMethod java/util/jar/JarFile initializeVerifier ()V 17 81 2 0 -1
ciMethod java/util/jar/JarFile getBytes (Ljava/util/zip/ZipEntry;)[B 681 1 318 0 0
ciMethod java/util/jar/JarFile getManEntry ()Ljava/util/jar/JarEntry; 761 1 382 0 0
ciMethod java/util/jar/JarFile ensureInitialization ()V 3089 1 1738 0 0
ciMethod sun/misc/JavaUtilJarAccess getTrustedAttributes (Ljava/util/jar/Manifest;Ljava/lang/String;)Ljava/util/jar/Attributes; 0 0 1 0 -1
ciMethod sun/misc/JavaUtilJarAccess ensureInitialization (Ljava/util/jar/JarFile;)V 0 0 1 0 -1
ciMethod java/util/jar/JavaUtilJarAccessImpl getTrustedAttributes (Ljava/util/jar/Manifest;Ljava/lang/String;)Ljava/util/jar/Attributes; 2961 1 1768 0 0
ciMethod java/util/jar/JavaUtilJarAccessImpl ensureInitialization (Ljava/util/jar/JarFile;)V 3089 1 1738 0 0
ciMethod java/util/zip/ZipCoder getBytes (Ljava/lang/String;)[B 2049 1 6416 0 -1
ciMethod java/util/zip/ZipCoder getBytesUTF8 (Ljava/lang/String;)[B 0 0 1 0 -1
ciMethod java/util/zip/ZipCoder isUTF8 ()Z 1025 1 128 0 -1
ciMethod sun/misc/PerfCounter add (J)V 2049 1 7476 0 -1
ciMethod sun/misc/PerfCounter addElapsedTimeFrom (J)V 1521 1 3783 0 0
ciMethod sun/misc/PerfCounter getReadClassBytesTime ()Lsun/misc/PerfCounter; 2161 1 1736 0 0
ciMethod java/util/zip/ZipEntry getSize ()J 2049 1 2060 0 -1
ciMethod java/util/jar/JarEntry getCodeSigners ()[Ljava/security/CodeSigner; 0 0 1 0 -1
ciMethod java/util/zip/ZipFile$ZipFileInputStream <init> (Ljava/util/zip/ZipFile;J)V 2049 1 2287 0 -1
ciMethod java/util/zip/ZipFile$ZipFileInflaterInputStream <init> (Ljava/util/zip/ZipFile;Ljava/util/zip/ZipFile$ZipFileInputStream;Ljava/util/zip/Inflater;I)V 2041 1 2284 0 -1
ciMethod sun/misc/IOUtils readAllBytes (Ljava/io/InputStream;)[B 1705 1 318 0 -1
ciMethod java/util/jar/JarVerifier <init> ([B)V 49 1 80 0 0
ciMethod java/util/jar/JarVerifier isTrustedManifestEntry (Ljava/lang/String;)Z 0 0 1 0 -1
ciMethod java/util/jar/JarVerifier$3 <init> (Ljava/util/jar/JarVerifier;)V 641 1 80 0 0
ciMethod java/io/ByteArrayOutputStream <init> ()V 1257 1 150 0 0
ciMethod java/io/ByteArrayOutputStream <init> (I)V 1265 1 151 0 0
ciMethod java/util/jar/Attributes <init> ()V 1161 1 144 0 0
ciMethod java/util/jar/Attributes <init> (I)V 1553 1 193 0 0
ciMethod java/util/jar/Attributes get (Ljava/lang/Object;)Ljava/lang/Object; 2089 1 4311 0 0
ciMethod java/util/jar/Attributes getValue (Ljava/util/jar/Attributes$Name;)Ljava/lang/String; 2057 1 4232 0 0
ciMethod java/util/jar/Attributes size ()I 393 1 49 0 -1
ciMethod java/util/jar/Attributes read (Ljava/util/jar/Manifest$FastInputStream;[B)V 841 106601 193 0 -1
ciMethod java/util/jar/Manifest$FastInputStream <init> (Ljava/io/InputStream;)V 1161 1 144 0 -1
ciMethod java/util/jar/Manifest$FastInputStream peek ()B 3161 1 1618 0 -1
ciMethod java/util/jar/Manifest$FastInputStream readLine ([B)I 2073 1 1955 0 -1
ciMethod java/util/jar/Attributes$Name equals (Ljava/lang/Object;)Z 3233 1 1054 0 0
ciMethod java/util/jar/Attributes$Name hashCode ()I 2097 1 5308 0 0
ciMethod sun/misc/ASCIICaseInsensitiveComparator compare (Ljava/lang/String;Ljava/lang/String;)I 1081 22393 961 0 -1
ciMethod sun/misc/ASCIICaseInsensitiveComparator lowerCaseHashCode (Ljava/lang/String;)I 577 9889 1082 0 608
ciMethod 